[ 2018-05-23T00:02:08+08:00 ] 127.0.0.1 /index.php/Admin/Index/toOrderManage.html
INFO: [ app_init ] --START--
INFO: Run Behavior\BuildLiteBehavior [ RunTime:0.000024s ]
INFO: [ app_init ] --END-- [ RunTime:0.000726s ]
INFO: [ app_begin ] --START--
INFO: Run Behavior\ReadHtmlCacheBehavior [ RunTime:0.000900s ]
INFO: [ app_begin ] --END-- [ RunTime:0.000990s ]
SQL: SHOW COLUMNS FROM `t_order` [ RunTime:0.0396s ]
SQL: SELECT d.license_plate FROM t_driver d left JOIN t_order o ON d.id=o.driver_id  where order_status is null and  d.`status` = 1 [ RunTime:0.0389s ]
SQL: SHOW COLUMNS FROM `t_oil` [ RunTime:0.0397s ]
SQL: SELECT `name` FROM `t_oil` WHERE `status` = 1  [ RunTime:0.0389s ]
SQL: SHOW COLUMNS FROM `t_role` [ RunTime:0.0397s ]
SQL: SHOW COLUMNS FROM `t_manager` [ RunTime:0.0396s ]
SQL: SHOW COLUMNS FROM `t_role` [ RunTime:0.0396s ]
SQL: SELECT `role_id` FROM `t_manager` WHERE `username` = 'admin' LIMIT 1   [ RunTime:0.0388s ]
SQL: SELECT * FROM `t_role` WHERE `id` = 1  [ RunTime:0.0391s ]
INFO: [ view_parse ] --START--
INFO: [ template_filter ] --START--
INFO: Run Behavior\ContentReplaceBehavior [ RunTime:0.000072s ]
INFO: [ template_filter ] --END-- [ RunTime:0.000116s ]
NOTIC: [8] Use of undefined constant manage_driver - assumed 'manage_driver' F:\phpStudy\PHPTutorial\WWW\vehicle_order_system\Application\Runtime\Cache\Admin\ea2be46e20e33e15b6c7f2f0a7a91ffd.php 第 15 行.
NOTIC: [8] Use of undefined constant manage_oil - assumed 'manage_oil' F:\phpStudy\PHPTutorial\WWW\vehicle_order_system\Application\Runtime\Cache\Admin\ea2be46e20e33e15b6c7f2f0a7a91ffd.php 第 22 行.
NOTIC: [8] Use of undefined constant manage_order - assumed 'manage_order' F:\phpStudy\PHPTutorial\WWW\vehicle_order_system\Application\Runtime\Cache\Admin\ea2be46e20e33e15b6c7f2f0a7a91ffd.php 第 30 行.
NOTIC: [8] Use of undefined constant manage_data - assumed 'manage_data' F:\phpStudy\PHPTutorial\WWW\vehicle_order_system\Application\Runtime\Cache\Admin\ea2be46e20e33e15b6c7f2f0a7a91ffd.php 第 38 行.
NOTIC: [8] Use of undefined constant manage_notice - assumed 'manage_notice' F:\phpStudy\PHPTutorial\WWW\vehicle_order_system\Application\Runtime\Cache\Admin\ea2be46e20e33e15b6c7f2f0a7a91ffd.php 第 45 行.
NOTIC: [8] Use of undefined constant manage_role - assumed 'manage_role' F:\phpStudy\PHPTutorial\WWW\vehicle_order_system\Application\Runtime\Cache\Admin\ea2be46e20e33e15b6c7f2f0a7a91ffd.php 第 52 行.
NOTIC: [8] Use of undefined constant manage_log - assumed 'manage_log' F:\phpStudy\PHPTutorial\WWW\vehicle_order_system\Application\Runtime\Cache\Admin\ea2be46e20e33e15b6c7f2f0a7a91ffd.php 第 60 行.
INFO: Run Behavior\ParseTemplateBehavior [ RunTime:0.009715s ]
INFO: [ view_parse ] --END-- [ RunTime:0.009770s ]
INFO: [ view_filter ] --START--
INFO: Run Behavior\WriteHtmlCacheBehavior [ RunTime:0.000609s ]
INFO: [ view_filter ] --END-- [ RunTime:0.000658s ]
INFO: [ app_end ] --START--
INFO: Run Behavior\ShowPageTraceBehavior [ RunTime:0.000757s ]
INFO: [ app_end ] --END-- [ RunTime:0.000815s ]

[ 2018-05-23T00:02:09+08:00 ] 127.0.0.1 /index.php/Admin/Order/searchOrder?page=1&limit=11
INFO: [ app_init ] --START--
INFO: Run Behavior\BuildLiteBehavior [ RunTime:0.000023s ]
INFO: [ app_init ] --END-- [ RunTime:0.000536s ]
INFO: [ app_begin ] --START--
INFO: Run Behavior\ReadHtmlCacheBehavior [ RunTime:0.000810s ]
INFO: [ app_begin ] --END-- [ RunTime:0.000898s ]
SQL: SHOW COLUMNS FROM `t_order` [ RunTime:0.0393s ]
SQL: SHOW COLUMNS FROM `t_order` [ RunTime:0.0488s ]
SQL: SELECT * FROM `t_order` WHERE `status` = 1 ORDER BY rank desc LIMIT 0,11   [ RunTime:0.0419s ]
SQL: SHOW COLUMNS FROM `t_driver` [ RunTime:0.0392s ]
SQL: SHOW COLUMNS FROM `t_oil` [ RunTime:0.0390s ]
SQL: SELECT `mobile_number` FROM `t_driver` WHERE `id` = 1 LIMIT 1   [ RunTime:0.0384s ]
SQL: SELECT `mobile_number` FROM `t_driver` WHERE `id` = 4 LIMIT 1   [ RunTime:0.0385s ]
SQL: SELECT `mobile_number` FROM `t_driver` WHERE `id` = 3 LIMIT 1   [ RunTime:0.0384s ]
SQL: SELECT `mobile_number` FROM `t_driver` WHERE `id` = 1 LIMIT 1   [ RunTime:0.0384s ]
SQL: SELECT `mobile_number` FROM `t_driver` WHERE `id` = 2 LIMIT 1   [ RunTime:0.0385s ]
SQL: SELECT `mobile_number` FROM `t_driver` WHERE `id` = 5 LIMIT 1   [ RunTime:0.0385s ]
SQL: SELECT `mobile_number` FROM `t_driver` WHERE `id` = 6 LIMIT 1   [ RunTime:0.0385s ]
SQL: SELECT `mobile_number` FROM `t_driver` WHERE `id` = 7 LIMIT 1   [ RunTime:0.0385s ]
SQL: SELECT `name` FROM `t_oil` WHERE `id` = 1 LIMIT 1   [ RunTime:0.0384s ]
SQL: SELECT `name` FROM `t_oil` WHERE `id` = 4 LIMIT 1   [ RunTime:0.0384s ]
SQL: SELECT `name` FROM `t_oil` WHERE `id` = 4 LIMIT 1   [ RunTime:0.0386s ]
SQL: SELECT `name` FROM `t_oil` WHERE `id` = 1 LIMIT 1   [ RunTime:0.0385s ]
SQL: SELECT `name` FROM `t_oil` WHERE `id` = 3 LIMIT 1   [ RunTime:0.0385s ]
SQL: SELECT `name` FROM `t_oil` WHERE `id` = 4 LIMIT 1   [ RunTime:0.0385s ]
SQL: SELECT `name` FROM `t_oil` WHERE `id` = 5 LIMIT 1   [ RunTime:0.0385s ]
SQL: SELECT `name` FROM `t_oil` WHERE `id` = 3 LIMIT 1   [ RunTime:0.0384s ]

[ 2018-05-23T00:02:26+08:00 ] 127.0.0.1 /index.php/Admin/Index/toOrderManage.html
INFO: [ app_init ] --START--
INFO: Run Behavior\BuildLiteBehavior [ RunTime:0.000041s ]
INFO: [ app_init ] --END-- [ RunTime:0.000660s ]
INFO: [ app_begin ] --START--
INFO: Run Behavior\ReadHtmlCacheBehavior [ RunTime:0.000759s ]
INFO: [ app_begin ] --END-- [ RunTime:0.000881s ]
SQL: SHOW COLUMNS FROM `t_order` [ RunTime:0.0386s ]
SQL: SELECT d.license_plate FROM t_driver d left JOIN t_order o ON d.id=o.driver_id  where order_status is null and  d.`status` = 1 [ RunTime:0.0377s ]
SQL: SHOW COLUMNS FROM `t_oil` [ RunTime:0.0382s ]
SQL: SELECT `name` FROM `t_oil` WHERE `status` = 1  [ RunTime:0.0377s ]
SQL: SHOW COLUMNS FROM `t_role` [ RunTime:0.0387s ]
SQL: SHOW COLUMNS FROM `t_manager` [ RunTime:0.0385s ]
SQL: SHOW COLUMNS FROM `t_role` [ RunTime:0.0387s ]
SQL: SELECT `role_id` FROM `t_manager` WHERE `username` = 'admin' LIMIT 1   [ RunTime:0.0381s ]
SQL: SELECT * FROM `t_role` WHERE `id` = 1  [ RunTime:0.0382s ]
INFO: [ view_parse ] --START--
INFO: [ template_filter ] --START--
INFO: Run Behavior\ContentReplaceBehavior [ RunTime:0.000149s ]
INFO: [ template_filter ] --END-- [ RunTime:0.000358s ]
NOTIC: [8] Use of undefined constant manage_driver - assumed 'manage_driver' F:\phpStudy\PHPTutorial\WWW\vehicle_order_system\Application\Runtime\Cache\Admin\ea2be46e20e33e15b6c7f2f0a7a91ffd.php 第 15 行.
NOTIC: [8] Use of undefined constant manage_oil - assumed 'manage_oil' F:\phpStudy\PHPTutorial\WWW\vehicle_order_system\Application\Runtime\Cache\Admin\ea2be46e20e33e15b6c7f2f0a7a91ffd.php 第 22 行.
NOTIC: [8] Use of undefined constant manage_order - assumed 'manage_order' F:\phpStudy\PHPTutorial\WWW\vehicle_order_system\Application\Runtime\Cache\Admin\ea2be46e20e33e15b6c7f2f0a7a91ffd.php 第 30 行.
NOTIC: [8] Use of undefined constant manage_data - assumed 'manage_data' F:\phpStudy\PHPTutorial\WWW\vehicle_order_system\Application\Runtime\Cache\Admin\ea2be46e20e33e15b6c7f2f0a7a91ffd.php 第 38 行.
NOTIC: [8] Use of undefined constant manage_notice - assumed 'manage_notice' F:\phpStudy\PHPTutorial\WWW\vehicle_order_system\Application\Runtime\Cache\Admin\ea2be46e20e33e15b6c7f2f0a7a91ffd.php 第 45 行.
NOTIC: [8] Use of undefined constant manage_role - assumed 'manage_role' F:\phpStudy\PHPTutorial\WWW\vehicle_order_system\Application\Runtime\Cache\Admin\ea2be46e20e33e15b6c7f2f0a7a91ffd.php 第 52 行.
NOTIC: [8] Use of undefined constant manage_log - assumed 'manage_log' F:\phpStudy\PHPTutorial\WWW\vehicle_order_system\Application\Runtime\Cache\Admin\ea2be46e20e33e15b6c7f2f0a7a91ffd.php 第 60 行.
INFO: Run Behavior\ParseTemplateBehavior [ RunTime:0.013906s ]
INFO: [ view_parse ] --END-- [ RunTime:0.013963s ]
INFO: [ view_filter ] --START--
INFO: Run Behavior\WriteHtmlCacheBehavior [ RunTime:0.000478s ]
INFO: [ view_filter ] --END-- [ RunTime:0.000519s ]
INFO: [ app_end ] --START--
INFO: Run Behavior\ShowPageTraceBehavior [ RunTime:0.000597s ]
INFO: [ app_end ] --END-- [ RunTime:0.000647s ]

[ 2018-05-23T00:02:28+08:00 ] 127.0.0.1 /index.php/Admin/Order/searchOrder?page=1&limit=11
INFO: [ app_init ] --START--
INFO: Run Behavior\BuildLiteBehavior [ RunTime:0.000021s ]
INFO: [ app_init ] --END-- [ RunTime:0.000515s ]
INFO: [ app_begin ] --START--
INFO: Run Behavior\ReadHtmlCacheBehavior [ RunTime:0.000923s ]
INFO: [ app_begin ] --END-- [ RunTime:0.001003s ]
SQL: SHOW COLUMNS FROM `t_order` [ RunTime:0.0376s ]
SQL: SHOW COLUMNS FROM `t_order` [ RunTime:0.0377s ]
SQL: SELECT * FROM `t_order` WHERE `status` = 1 ORDER BY rank desc LIMIT 0,11   [ RunTime:0.0373s ]
SQL: SHOW COLUMNS FROM `t_driver` [ RunTime:0.0376s ]
SQL: SHOW COLUMNS FROM `t_oil` [ RunTime:0.0375s ]
SQL: SELECT `mobile_number` FROM `t_driver` WHERE `id` = 1 LIMIT 1   [ RunTime:0.0368s ]
SQL: SELECT `mobile_number` FROM `t_driver` WHERE `id` = 4 LIMIT 1   [ RunTime:0.0368s ]
SQL: SELECT `mobile_number` FROM `t_driver` WHERE `id` = 3 LIMIT 1   [ RunTime:0.0369s ]
SQL: SELECT `mobile_number` FROM `t_driver` WHERE `id` = 1 LIMIT 1   [ RunTime:0.0369s ]
SQL: SELECT `mobile_number` FROM `t_driver` WHERE `id` = 2 LIMIT 1   [ RunTime:0.0371s ]
SQL: SELECT `mobile_number` FROM `t_driver` WHERE `id` = 5 LIMIT 1   [ RunTime:0.0369s ]
SQL: SELECT `mobile_number` FROM `t_driver` WHERE `id` = 6 LIMIT 1   [ RunTime:0.0368s ]
SQL: SELECT `mobile_number` FROM `t_driver` WHERE `id` = 7 LIMIT 1   [ RunTime:0.0370s ]
SQL: SELECT `name` FROM `t_oil` WHERE `id` = 1 LIMIT 1   [ RunTime:0.0370s ]
SQL: SELECT `name` FROM `t_oil` WHERE `id` = 4 LIMIT 1   [ RunTime:0.0368s ]
SQL: SELECT `name` FROM `t_oil` WHERE `id` = 4 LIMIT 1   [ RunTime:0.0367s ]
SQL: SELECT `name` FROM `t_oil` WHERE `id` = 1 LIMIT 1   [ RunTime:0.0368s ]
SQL: SELECT `name` FROM `t_oil` WHERE `id` = 3 LIMIT 1   [ RunTime:0.0367s ]
SQL: SELECT `name` FROM `t_oil` WHERE `id` = 4 LIMIT 1   [ RunTime:0.0369s ]
SQL: SELECT `name` FROM `t_oil` WHERE `id` = 5 LIMIT 1   [ RunTime:0.0368s ]
SQL: SELECT `name` FROM `t_oil` WHERE `id` = 3 LIMIT 1   [ RunTime:0.0367s ]

[ 2018-05-23T00:02:34+08:00 ] 127.0.0.1 /index.php/Admin/Order/editOrder
INFO: [ app_init ] --START--
INFO: Run Behavior\BuildLiteBehavior [ RunTime:0.000035s ]
INFO: [ app_init ] --END-- [ RunTime:0.000604s ]
INFO: [ app_begin ] --START--
INFO: Run Behavior\ReadHtmlCacheBehavior [ RunTime:0.000890s ]
INFO: [ app_begin ] --END-- [ RunTime:0.000973s ]
SQL: SHOW COLUMNS FROM `t_order` [ RunTime:0.0417s ]
SQL: SHOW COLUMNS FROM `t_order` [ RunTime:0.0414s ]
SQL: SHOW COLUMNS FROM `t_oil` [ RunTime:0.0412s ]
SQL: SHOW COLUMNS FROM `t_driver` [ RunTime:0.0411s ]
SQL: SELECT `rank` FROM `t_order` WHERE `id` = 13 LIMIT 1   [ RunTime:0.0407s ]
SQL: SELECT `rank` FROM `t_order` WHERE `order_status` = 3  [ RunTime:0.0410s ]

[ 2018-05-23T00:09:33+08:00 ] 127.0.0.1 /index.php/Admin/Index/toOrderManage.html
INFO: [ app_init ] --START--
INFO: Run Behavior\BuildLiteBehavior [ RunTime:0.000022s ]
INFO: [ app_init ] --END-- [ RunTime:0.000597s ]
INFO: [ app_begin ] --START--
INFO: Run Behavior\ReadHtmlCacheBehavior [ RunTime:0.002087s ]
INFO: [ app_begin ] --END-- [ RunTime:0.002184s ]
SQL: SHOW COLUMNS FROM `t_order` [ RunTime:0.0412s ]
SQL: SELECT d.license_plate FROM t_driver d left JOIN t_order o ON d.id=o.driver_id  where order_status is null and  d.`status` = 1 [ RunTime:0.0406s ]
SQL: SHOW COLUMNS FROM `t_oil` [ RunTime:0.0408s ]
SQL: SELECT `name` FROM `t_oil` WHERE `status` = 1  [ RunTime:0.0403s ]
SQL: SHOW COLUMNS FROM `t_role` [ RunTime:0.0410s ]
SQL: SHOW COLUMNS FROM `t_manager` [ RunTime:0.0406s ]
SQL: SHOW COLUMNS FROM `t_role` [ RunTime:0.0408s ]
SQL: SELECT `role_id` FROM `t_manager` WHERE `username` = 'admin' LIMIT 1   [ RunTime:0.0401s ]
SQL: SELECT * FROM `t_role` WHERE `id` = 1  [ RunTime:0.0406s ]
INFO: [ view_parse ] --START--
INFO: [ template_filter ] --START--
INFO: Run Behavior\ContentReplaceBehavior [ RunTime:0.000051s ]
INFO: [ template_filter ] --END-- [ RunTime:0.000098s ]
NOTIC: [8] Use of undefined constant manage_driver - assumed 'manage_driver' F:\phpStudy\PHPTutorial\WWW\vehicle_order_system\Application\Runtime\Cache\Admin\ea2be46e20e33e15b6c7f2f0a7a91ffd.php 第 15 行.
NOTIC: [8] Use of undefined constant manage_oil - assumed 'manage_oil' F:\phpStudy\PHPTutorial\WWW\vehicle_order_system\Application\Runtime\Cache\Admin\ea2be46e20e33e15b6c7f2f0a7a91ffd.php 第 22 行.
NOTIC: [8] Use of undefined constant manage_order - assumed 'manage_order' F:\phpStudy\PHPTutorial\WWW\vehicle_order_system\Application\Runtime\Cache\Admin\ea2be46e20e33e15b6c7f2f0a7a91ffd.php 第 30 行.
NOTIC: [8] Use of undefined constant manage_data - assumed 'manage_data' F:\phpStudy\PHPTutorial\WWW\vehicle_order_system\Application\Runtime\Cache\Admin\ea2be46e20e33e15b6c7f2f0a7a91ffd.php 第 38 行.
NOTIC: [8] Use of undefined constant manage_notice - assumed 'manage_notice' F:\phpStudy\PHPTutorial\WWW\vehicle_order_system\Application\Runtime\Cache\Admin\ea2be46e20e33e15b6c7f2f0a7a91ffd.php 第 45 行.
NOTIC: [8] Use of undefined constant manage_role - assumed 'manage_role' F:\phpStudy\PHPTutorial\WWW\vehicle_order_system\Application\Runtime\Cache\Admin\ea2be46e20e33e15b6c7f2f0a7a91ffd.php 第 52 行.
NOTIC: [8] Use of undefined constant manage_log - assumed 'manage_log' F:\phpStudy\PHPTutorial\WWW\vehicle_order_system\Application\Runtime\Cache\Admin\ea2be46e20e33e15b6c7f2f0a7a91ffd.php 第 60 行.
INFO: Run Behavior\ParseTemplateBehavior [ RunTime:0.009917s ]
INFO: [ view_parse ] --END-- [ RunTime:0.009965s ]
INFO: [ view_filter ] --START--
INFO: Run Behavior\WriteHtmlCacheBehavior [ RunTime:0.000386s ]
INFO: [ view_filter ] --END-- [ RunTime:0.000418s ]
INFO: [ app_end ] --START--
INFO: Run Behavior\ShowPageTraceBehavior [ RunTime:0.000540s ]
INFO: [ app_end ] --END-- [ RunTime:0.000574s ]

[ 2018-05-23T00:09:35+08:00 ] 127.0.0.1 /index.php/Admin/Order/searchOrder?page=1&limit=11
INFO: [ app_init ] --START--
INFO: Run Behavior\BuildLiteBehavior [ RunTime:0.000074s ]
INFO: [ app_init ] --END-- [ RunTime:0.001119s ]
INFO: [ app_begin ] --START--
INFO: Run Behavior\ReadHtmlCacheBehavior [ RunTime:0.001129s ]
INFO: [ app_begin ] --END-- [ RunTime:0.001239s ]
SQL: SHOW COLUMNS FROM `t_order` [ RunTime:0.0391s ]
SQL: SHOW COLUMNS FROM `t_order` [ RunTime:0.0384s ]
SQL: SELECT * FROM `t_order` WHERE `status` = 1 ORDER BY rank desc LIMIT 0,11   [ RunTime:0.0383s ]
SQL: SHOW COLUMNS FROM `t_driver` [ RunTime:0.0385s ]
SQL: SHOW COLUMNS FROM `t_oil` [ RunTime:0.0385s ]
SQL: SELECT `mobile_number` FROM `t_driver` WHERE `id` = 1 LIMIT 1   [ RunTime:0.0378s ]
SQL: SELECT `mobile_number` FROM `t_driver` WHERE `id` = 4 LIMIT 1   [ RunTime:0.0379s ]
SQL: SELECT `mobile_number` FROM `t_driver` WHERE `id` = 3 LIMIT 1   [ RunTime:0.0378s ]
SQL: SELECT `mobile_number` FROM `t_driver` WHERE `id` = 1 LIMIT 1   [ RunTime:0.0379s ]
SQL: SELECT `mobile_number` FROM `t_driver` WHERE `id` = 2 LIMIT 1   [ RunTime:0.0378s ]
SQL: SELECT `mobile_number` FROM `t_driver` WHERE `id` = 5 LIMIT 1   [ RunTime:0.0378s ]
SQL: SELECT `mobile_number` FROM `t_driver` WHERE `id` = 6 LIMIT 1   [ RunTime:0.0379s ]
SQL: SELECT `mobile_number` FROM `t_driver` WHERE `id` = 7 LIMIT 1   [ RunTime:0.0381s ]
SQL: SELECT `name` FROM `t_oil` WHERE `id` = 1 LIMIT 1   [ RunTime:0.0378s ]
SQL: SELECT `name` FROM `t_oil` WHERE `id` = 4 LIMIT 1   [ RunTime:0.0378s ]
SQL: SELECT `name` FROM `t_oil` WHERE `id` = 4 LIMIT 1   [ RunTime:0.0378s ]
SQL: SELECT `name` FROM `t_oil` WHERE `id` = 1 LIMIT 1   [ RunTime:0.0379s ]
SQL: SELECT `name` FROM `t_oil` WHERE `id` = 3 LIMIT 1   [ RunTime:0.0380s ]
SQL: SELECT `name` FROM `t_oil` WHERE `id` = 4 LIMIT 1   [ RunTime:0.0380s ]
SQL: SELECT `name` FROM `t_oil` WHERE `id` = 5 LIMIT 1   [ RunTime:0.0378s ]
SQL: SELECT `name` FROM `t_oil` WHERE `id` = 3 LIMIT 1   [ RunTime:0.0378s ]

[ 2018-05-23T00:09:48+08:00 ] 127.0.0.1 /index.php/Admin/Order/editOrder
INFO: [ app_init ] --START--
INFO: Run Behavior\BuildLiteBehavior [ RunTime:0.000021s ]
INFO: [ app_init ] --END-- [ RunTime:0.000560s ]
INFO: [ app_begin ] --START--
INFO: Run Behavior\ReadHtmlCacheBehavior [ RunTime:0.001768s ]
INFO: [ app_begin ] --END-- [ RunTime:0.001994s ]
SQL: SHOW COLUMNS FROM `t_order` [ RunTime:0.0394s ]
SQL: SHOW COLUMNS FROM `t_order` [ RunTime:0.0389s ]
SQL: SHOW COLUMNS FROM `t_oil` [ RunTime:0.0389s ]
SQL: SHOW COLUMNS FROM `t_driver` [ RunTime:0.0388s ]
SQL: SELECT `rank` FROM `t_order` WHERE `id` = 13 LIMIT 1   [ RunTime:0.0383s ]
SQL: SELECT `rank` FROM `t_order` WHERE `order_status` = 3  [ RunTime:0.0382s ]
SQL: UPDATE `t_order` SET `rank`='0',`order_status`='0',`update_time`='2018-05-23 12:09:47' WHERE `id` = 13 [ RunTime:0.0471s ]
SQL: UPDATE `t_order` SET `update_time`='2018-05-23 12:09:47' WHERE `id` = 13 [ RunTime:0.0445s ]
SQL: SELECT `number` FROM `t_order` WHERE `id` = 13 LIMIT 1   [ RunTime:0.0384s ]
SQL: select t_order.license_plate license_plate, t_order.update_time , t_oil.type oilType, t_oil.name oilName, t_driver.`name`, t_order.status, t_wechat.openid  from t_order LEFT JOIN t_driver on t_driver.id = t_order.driver_id LEFT JOIN t_wechat on t_wechat.id = t_driver.wechat_id LEFT JOIN t_oil on t_oil.id = t_order.oil_id where t_order.id = "13" [ RunTime:0.0387s ]
NOTIC: [2048] Declaration of Admin\Model\LogModel::delete() should be compatible with Think\Model::delete($options = Array) F:\phpStudy\PHPTutorial\WWW\vehicle_order_system\Application\Admin\Model\LogModel.class.php 第 65 行.
SQL: SHOW COLUMNS FROM `t_log` [ RunTime:0.0389s ]
SQL: SHOW COLUMNS FROM `t_log` [ RunTime:0.0388s ]
SQL: INSERT INTO `t_log` (`log`,`create_time`,`username`) VALUES ('修改单号：“20180521111607345946”的信息','2018-05-23 12:09:48','admin') [ RunTime:0.0384s ]
INFO: [ app_end ] --START--
INFO: Run Behavior\ShowPageTraceBehavior [ RunTime:0.000749s ]
INFO: [ app_end ] --END-- [ RunTime:0.000783s ]

[ 2018-05-23T00:10:25+08:00 ] 127.0.0.1 /index.php/Admin/Index/toOrderManage.html
INFO: [ app_init ] --START--
INFO: Run Behavior\BuildLiteBehavior [ RunTime:0.000024s ]
INFO: [ app_init ] --END-- [ RunTime:0.000757s ]
INFO: [ app_begin ] --START--
INFO: Run Behavior\ReadHtmlCacheBehavior [ RunTime:0.000784s ]
INFO: [ app_begin ] --END-- [ RunTime:0.000869s ]
SQL: SHOW COLUMNS FROM `t_order` [ RunTime:0.0402s ]
SQL: SELECT d.license_plate FROM t_driver d left JOIN t_order o ON d.id=o.driver_id  where order_status is null and  d.`status` = 1 [ RunTime:0.0395s ]
SQL: SHOW COLUMNS FROM `t_oil` [ RunTime:0.0397s ]
SQL: SELECT `name` FROM `t_oil` WHERE `status` = 1  [ RunTime:0.0395s ]
SQL: SHOW COLUMNS FROM `t_role` [ RunTime:0.0410s ]
SQL: SHOW COLUMNS FROM `t_manager` [ RunTime:0.0398s ]
SQL: SHOW COLUMNS FROM `t_role` [ RunTime:0.0398s ]
SQL: SELECT `role_id` FROM `t_manager` WHERE `username` = 'admin' LIMIT 1   [ RunTime:0.0393s ]
SQL: SELECT * FROM `t_role` WHERE `id` = 1  [ RunTime:0.0397s ]
INFO: [ view_parse ] --START--
INFO: [ template_filter ] --START--
INFO: Run Behavior\ContentReplaceBehavior [ RunTime:0.000070s ]
INFO: [ template_filter ] --END-- [ RunTime:0.000141s ]
NOTIC: [8] Use of undefined constant manage_driver - assumed 'manage_driver' F:\phpStudy\PHPTutorial\WWW\vehicle_order_system\Application\Runtime\Cache\Admin\ea2be46e20e33e15b6c7f2f0a7a91ffd.php 第 15 行.
NOTIC: [8] Use of undefined constant manage_oil - assumed 'manage_oil' F:\phpStudy\PHPTutorial\WWW\vehicle_order_system\Application\Runtime\Cache\Admin\ea2be46e20e33e15b6c7f2f0a7a91ffd.php 第 22 行.
NOTIC: [8] Use of undefined constant manage_order - assumed 'manage_order' F:\phpStudy\PHPTutorial\WWW\vehicle_order_system\Application\Runtime\Cache\Admin\ea2be46e20e33e15b6c7f2f0a7a91ffd.php 第 30 行.
NOTIC: [8] Use of undefined constant manage_data - assumed 'manage_data' F:\phpStudy\PHPTutorial\WWW\vehicle_order_system\Application\Runtime\Cache\Admin\ea2be46e20e33e15b6c7f2f0a7a91ffd.php 第 38 行.
NOTIC: [8] Use of undefined constant manage_notice - assumed 'manage_notice' F:\phpStudy\PHPTutorial\WWW\vehicle_order_system\Application\Runtime\Cache\Admin\ea2be46e20e33e15b6c7f2f0a7a91ffd.php 第 45 行.
NOTIC: [8] Use of undefined constant manage_role - assumed 'manage_role' F:\phpStudy\PHPTutorial\WWW\vehicle_order_system\Application\Runtime\Cache\Admin\ea2be46e20e33e15b6c7f2f0a7a91ffd.php 第 52 行.
NOTIC: [8] Use of undefined constant manage_log - assumed 'manage_log' F:\phpStudy\PHPTutorial\WWW\vehicle_order_system\Application\Runtime\Cache\Admin\ea2be46e20e33e15b6c7f2f0a7a91ffd.php 第 60 行.
INFO: Run Behavior\ParseTemplateBehavior [ RunTime:0.010807s ]
INFO: [ view_parse ] --END-- [ RunTime:0.010853s ]
INFO: [ view_filter ] --START--
INFO: Run Behavior\WriteHtmlCacheBehavior [ RunTime:0.000430s ]
INFO: [ view_filter ] --END-- [ RunTime:0.000461s ]
INFO: [ app_end ] --START--
INFO: Run Behavior\ShowPageTraceBehavior [ RunTime:0.000601s ]
INFO: [ app_end ] --END-- [ RunTime:0.000637s ]

[ 2018-05-23T00:10:26+08:00 ] 127.0.0.1 /index.php/Admin/Order/searchOrder?page=1&limit=11
INFO: [ app_init ] --START--
INFO: Run Behavior\BuildLiteBehavior [ RunTime:0.000020s ]
INFO: [ app_init ] --END-- [ RunTime:0.000514s ]
INFO: [ app_begin ] --START--
INFO: Run Behavior\ReadHtmlCacheBehavior [ RunTime:0.000737s ]
INFO: [ app_begin ] --END-- [ RunTime:0.000811s ]
SQL: SHOW COLUMNS FROM `t_order` [ RunTime:0.0389s ]
SQL: SHOW COLUMNS FROM `t_order` [ RunTime:0.0388s ]
SQL: SELECT * FROM `t_order` WHERE `status` = 1 ORDER BY rank desc LIMIT 0,11   [ RunTime:0.0387s ]
SQL: SHOW COLUMNS FROM `t_driver` [ RunTime:0.0386s ]
SQL: SHOW COLUMNS FROM `t_oil` [ RunTime:0.0385s ]
SQL: SELECT `mobile_number` FROM `t_driver` WHERE `id` = 1 LIMIT 1   [ RunTime:0.0385s ]
SQL: SELECT `mobile_number` FROM `t_driver` WHERE `id` = 4 LIMIT 1   [ RunTime:0.0382s ]
SQL: SELECT `mobile_number` FROM `t_driver` WHERE `id` = 3 LIMIT 1   [ RunTime:0.0381s ]
SQL: SELECT `mobile_number` FROM `t_driver` WHERE `id` = 1 LIMIT 1   [ RunTime:0.0380s ]
SQL: SELECT `mobile_number` FROM `t_driver` WHERE `id` = 2 LIMIT 1   [ RunTime:0.0381s ]
SQL: SELECT `mobile_number` FROM `t_driver` WHERE `id` = 5 LIMIT 1   [ RunTime:0.0381s ]
SQL: SELECT `mobile_number` FROM `t_driver` WHERE `id` = 6 LIMIT 1   [ RunTime:0.0381s ]
SQL: SELECT `mobile_number` FROM `t_driver` WHERE `id` = 7 LIMIT 1   [ RunTime:0.0381s ]
SQL: SELECT `name` FROM `t_oil` WHERE `id` = 1 LIMIT 1   [ RunTime:0.0383s ]
SQL: SELECT `name` FROM `t_oil` WHERE `id` = 4 LIMIT 1   [ RunTime:0.0383s ]
SQL: SELECT `name` FROM `t_oil` WHERE `id` = 4 LIMIT 1   [ RunTime:0.0382s ]
SQL: SELECT `name` FROM `t_oil` WHERE `id` = 1 LIMIT 1   [ RunTime:0.0383s ]
SQL: SELECT `name` FROM `t_oil` WHERE `id` = 3 LIMIT 1   [ RunTime:0.0382s ]
SQL: SELECT `name` FROM `t_oil` WHERE `id` = 4 LIMIT 1   [ RunTime:0.0383s ]
SQL: SELECT `name` FROM `t_oil` WHERE `id` = 5 LIMIT 1   [ RunTime:0.0383s ]
SQL: SELECT `name` FROM `t_oil` WHERE `id` = 3 LIMIT 1   [ RunTime:0.0381s ]

[ 2018-05-23T00:12:14+08:00 ] 127.0.0.1 /index.php/Admin/Index/toOrderManage.html
INFO: [ app_init ] --START--
INFO: Run Behavior\BuildLiteBehavior [ RunTime:0.000024s ]
INFO: [ app_init ] --END-- [ RunTime:0.004437s ]
INFO: [ app_begin ] --START--
INFO: Run Behavior\ReadHtmlCacheBehavior [ RunTime:0.001319s ]
INFO: [ app_begin ] --END-- [ RunTime:0.001394s ]
SQL: SHOW COLUMNS FROM `t_order` [ RunTime:0.0387s ]
SQL: SELECT d.license_plate FROM t_driver d left JOIN t_order o ON d.id=o.driver_id  where order_status is null and  d.`status` = 1 [ RunTime:0.0380s ]
SQL: SHOW COLUMNS FROM `t_oil` [ RunTime:0.0384s ]
SQL: SELECT `name` FROM `t_oil` WHERE `status` = 1  [ RunTime:0.0379s ]
SQL: SHOW COLUMNS FROM `t_role` [ RunTime:0.0385s ]
SQL: SHOW COLUMNS FROM `t_manager` [ RunTime:0.0383s ]
SQL: SHOW COLUMNS FROM `t_role` [ RunTime:0.0385s ]
SQL: SELECT `role_id` FROM `t_manager` WHERE `username` = 'admin' LIMIT 1   [ RunTime:0.0380s ]
SQL: SELECT * FROM `t_role` WHERE `id` = 1  [ RunTime:0.0381s ]
INFO: [ view_parse ] --START--
INFO: [ template_filter ] --START--
INFO: Run Behavior\ContentReplaceBehavior [ RunTime:0.000053s ]
INFO: [ template_filter ] --END-- [ RunTime:0.000105s ]
NOTIC: [8] Use of undefined constant manage_driver - assumed 'manage_driver' F:\phpStudy\PHPTutorial\WWW\vehicle_order_system\Application\Runtime\Cache\Admin\ea2be46e20e33e15b6c7f2f0a7a91ffd.php 第 15 行.
NOTIC: [8] Use of undefined constant manage_oil - assumed 'manage_oil' F:\phpStudy\PHPTutorial\WWW\vehicle_order_system\Application\Runtime\Cache\Admin\ea2be46e20e33e15b6c7f2f0a7a91ffd.php 第 22 行.
NOTIC: [8] Use of undefined constant manage_order - assumed 'manage_order' F:\phpStudy\PHPTutorial\WWW\vehicle_order_system\Application\Runtime\Cache\Admin\ea2be46e20e33e15b6c7f2f0a7a91ffd.php 第 30 行.
NOTIC: [8] Use of undefined constant manage_data - assumed 'manage_data' F:\phpStudy\PHPTutorial\WWW\vehicle_order_system\Application\Runtime\Cache\Admin\ea2be46e20e33e15b6c7f2f0a7a91ffd.php 第 38 行.
NOTIC: [8] Use of undefined constant manage_notice - assumed 'manage_notice' F:\phpStudy\PHPTutorial\WWW\vehicle_order_system\Application\Runtime\Cache\Admin\ea2be46e20e33e15b6c7f2f0a7a91ffd.php 第 45 行.
NOTIC: [8] Use of undefined constant manage_role - assumed 'manage_role' F:\phpStudy\PHPTutorial\WWW\vehicle_order_system\Application\Runtime\Cache\Admin\ea2be46e20e33e15b6c7f2f0a7a91ffd.php 第 52 行.
NOTIC: [8] Use of undefined constant manage_log - assumed 'manage_log' F:\phpStudy\PHPTutorial\WWW\vehicle_order_system\Application\Runtime\Cache\Admin\ea2be46e20e33e15b6c7f2f0a7a91ffd.php 第 60 行.
INFO: Run Behavior\ParseTemplateBehavior [ RunTime:0.012037s ]
INFO: [ view_parse ] --END-- [ RunTime:0.012083s ]
INFO: [ view_filter ] --START--
INFO: Run Behavior\WriteHtmlCacheBehavior [ RunTime:0.000440s ]
INFO: [ view_filter ] --END-- [ RunTime:0.000473s ]
INFO: [ app_end ] --START--
INFO: Run Behavior\ShowPageTraceBehavior [ RunTime:0.000617s ]
INFO: [ app_end ] --END-- [ RunTime:0.000653s ]

[ 2018-05-23T00:12:16+08:00 ] 127.0.0.1 /index.php/Admin/Order/searchOrder?page=1&limit=11
INFO: [ app_init ] --START--
INFO: Run Behavior\BuildLiteBehavior [ RunTime:0.000024s ]
INFO: [ app_init ] --END-- [ RunTime:0.000647s ]
INFO: [ app_begin ] --START--
INFO: Run Behavior\ReadHtmlCacheBehavior [ RunTime:0.000771s ]
INFO: [ app_begin ] --END-- [ RunTime:0.000845s ]
SQL: SHOW COLUMNS FROM `t_order` [ RunTime:0.0368s ]
SQL: SHOW COLUMNS FROM `t_order` [ RunTime:0.0364s ]
SQL: SELECT * FROM `t_order` WHERE `status` = 1 ORDER BY rank desc LIMIT 0,11   [ RunTime:0.0362s ]
SQL: SHOW COLUMNS FROM `t_driver` [ RunTime:0.0364s ]
SQL: SHOW COLUMNS FROM `t_oil` [ RunTime:0.0363s ]
SQL: SELECT `mobile_number` FROM `t_driver` WHERE `id` = 1 LIMIT 1   [ RunTime:0.0358s ]
SQL: SELECT `mobile_number` FROM `t_driver` WHERE `id` = 4 LIMIT 1   [ RunTime:0.0359s ]
SQL: SELECT `mobile_number` FROM `t_driver` WHERE `id` = 3 LIMIT 1   [ RunTime:0.0359s ]
SQL: SELECT `mobile_number` FROM `t_driver` WHERE `id` = 1 LIMIT 1   [ RunTime:0.0359s ]
SQL: SELECT `mobile_number` FROM `t_driver` WHERE `id` = 2 LIMIT 1   [ RunTime:0.0361s ]
SQL: SELECT `mobile_number` FROM `t_driver` WHERE `id` = 5 LIMIT 1   [ RunTime:0.0360s ]
SQL: SELECT `mobile_number` FROM `t_driver` WHERE `id` = 6 LIMIT 1   [ RunTime:0.0360s ]
SQL: SELECT `mobile_number` FROM `t_driver` WHERE `id` = 7 LIMIT 1   [ RunTime:0.0359s ]
SQL: SELECT `name` FROM `t_oil` WHERE `id` = 1 LIMIT 1   [ RunTime:0.0360s ]
SQL: SELECT `name` FROM `t_oil` WHERE `id` = 4 LIMIT 1   [ RunTime:0.0359s ]
SQL: SELECT `name` FROM `t_oil` WHERE `id` = 4 LIMIT 1   [ RunTime:0.0359s ]
SQL: SELECT `name` FROM `t_oil` WHERE `id` = 1 LIMIT 1   [ RunTime:0.0360s ]
SQL: SELECT `name` FROM `t_oil` WHERE `id` = 3 LIMIT 1   [ RunTime:0.0361s ]
SQL: SELECT `name` FROM `t_oil` WHERE `id` = 4 LIMIT 1   [ RunTime:0.0359s ]
SQL: SELECT `name` FROM `t_oil` WHERE `id` = 5 LIMIT 1   [ RunTime:0.0359s ]
SQL: SELECT `name` FROM `t_oil` WHERE `id` = 3 LIMIT 1   [ RunTime:0.0359s ]

[ 2018-05-23T00:12:22+08:00 ] 127.0.0.1 /index.php/Admin/Order/editOrder
INFO: [ app_init ] --START--
INFO: Run Behavior\BuildLiteBehavior [ RunTime:0.000015s ]
INFO: [ app_init ] --END-- [ RunTime:0.000352s ]
INFO: [ app_begin ] --START--
INFO: Run Behavior\ReadHtmlCacheBehavior [ RunTime:0.000584s ]
INFO: [ app_begin ] --END-- [ RunTime:0.000634s ]
SQL: SHOW COLUMNS FROM `t_order` [ RunTime:0.0410s ]
SQL: SHOW COLUMNS FROM `t_order` [ RunTime:0.0408s ]
SQL: SHOW COLUMNS FROM `t_oil` [ RunTime:0.0408s ]
SQL: SHOW COLUMNS FROM `t_driver` [ RunTime:0.0408s ]
SQL: SELECT `rank` FROM `t_order` WHERE `id` = 13 LIMIT 1   [ RunTime:0.0405s ]
SQL: SELECT `rank` FROM `t_order` WHERE `order_status` = 3  [ RunTime:0.0406s ]
SQL: UPDATE `t_order` SET `rank`='0',`order_status`='0',`update_time`='2018-05-23 12:12:21' WHERE `id` = 13 [ RunTime:0.0542s ]
SQL: UPDATE `t_order` SET `update_time`='2018-05-23 12:12:21' WHERE `id` = 13 [ RunTime:0.0462s ]
SQL: SELECT `number` FROM `t_order` WHERE `id` = 13 LIMIT 1   [ RunTime:0.0402s ]
SQL: select t_order.license_plate license_plate, t_order.update_time , t_oil.type oilType, t_oil.name oilName, t_driver.`name`, t_order.status, t_wechat.openid  from t_order LEFT JOIN t_driver on t_driver.id = t_order.driver_id LEFT JOIN t_wechat on t_wechat.id = t_driver.wechat_id LEFT JOIN t_oil on t_oil.id = t_order.oil_id where t_order.id = "13" [ RunTime:0.0405s ]
NOTIC: [2048] Declaration of Admin\Model\LogModel::delete() should be compatible with Think\Model::delete($options = Array) F:\phpStudy\PHPTutorial\WWW\vehicle_order_system\Application\Admin\Model\LogModel.class.php 第 65 行.
SQL: SHOW COLUMNS FROM `t_log` [ RunTime:0.0408s ]
SQL: SHOW COLUMNS FROM `t_log` [ RunTime:0.0411s ]
SQL: INSERT INTO `t_log` (`log`,`create_time`,`username`) VALUES ('修改单号：“20180521111607345946”的信息','2018-05-23 12:12:22','admin') [ RunTime:0.0405s ]
INFO: [ app_end ] --START--
INFO: Run Behavior\ShowPageTraceBehavior [ RunTime:0.001049s ]
INFO: [ app_end ] --END-- [ RunTime:0.001107s ]

[ 2018-05-23T00:12:25+08:00 ] 127.0.0.1 /index.php/Admin/Index/toOrderManage.html
INFO: [ app_init ] --START--
INFO: Run Behavior\BuildLiteBehavior [ RunTime:0.000022s ]
INFO: [ app_init ] --END-- [ RunTime:0.000525s ]
INFO: [ app_begin ] --START--
INFO: Run Behavior\ReadHtmlCacheBehavior [ RunTime:0.000914s ]
INFO: [ app_begin ] --END-- [ RunTime:0.001009s ]
SQL: SHOW COLUMNS FROM `t_order` [ RunTime:0.0378s ]
SQL: SELECT d.license_plate FROM t_driver d left JOIN t_order o ON d.id=o.driver_id  where order_status is null and  d.`status` = 1 [ RunTime:0.0372s ]
SQL: SHOW COLUMNS FROM `t_oil` [ RunTime:0.0375s ]
SQL: SELECT `name` FROM `t_oil` WHERE `status` = 1  [ RunTime:0.0371s ]
SQL: SHOW COLUMNS FROM `t_role` [ RunTime:0.0374s ]
SQL: SHOW COLUMNS FROM `t_manager` [ RunTime:0.0374s ]
SQL: SHOW COLUMNS FROM `t_role` [ RunTime:0.0376s ]
SQL: SELECT `role_id` FROM `t_manager` WHERE `username` = 'admin' LIMIT 1   [ RunTime:0.0370s ]
SQL: SELECT * FROM `t_role` WHERE `id` = 1  [ RunTime:0.0372s ]
INFO: [ view_parse ] --START--
INFO: [ template_filter ] --START--
INFO: Run Behavior\ContentReplaceBehavior [ RunTime:0.000050s ]
INFO: [ template_filter ] --END-- [ RunTime:0.000109s ]
NOTIC: [8] Use of undefined constant manage_driver - assumed 'manage_driver' F:\phpStudy\PHPTutorial\WWW\vehicle_order_system\Application\Runtime\Cache\Admin\ea2be46e20e33e15b6c7f2f0a7a91ffd.php 第 15 行.
NOTIC: [8] Use of undefined constant manage_oil - assumed 'manage_oil' F:\phpStudy\PHPTutorial\WWW\vehicle_order_system\Application\Runtime\Cache\Admin\ea2be46e20e33e15b6c7f2f0a7a91ffd.php 第 22 行.
NOTIC: [8] Use of undefined constant manage_order - assumed 'manage_order' F:\phpStudy\PHPTutorial\WWW\vehicle_order_system\Application\Runtime\Cache\Admin\ea2be46e20e33e15b6c7f2f0a7a91ffd.php 第 30 行.
NOTIC: [8] Use of undefined constant manage_data - assumed 'manage_data' F:\phpStudy\PHPTutorial\WWW\vehicle_order_system\Application\Runtime\Cache\Admin\ea2be46e20e33e15b6c7f2f0a7a91ffd.php 第 38 行.
NOTIC: [8] Use of undefined constant manage_notice - assumed 'manage_notice' F:\phpStudy\PHPTutorial\WWW\vehicle_order_system\Application\Runtime\Cache\Admin\ea2be46e20e33e15b6c7f2f0a7a91ffd.php 第 45 行.
NOTIC: [8] Use of undefined constant manage_role - assumed 'manage_role' F:\phpStudy\PHPTutorial\WWW\vehicle_order_system\Application\Runtime\Cache\Admin\ea2be46e20e33e15b6c7f2f0a7a91ffd.php 第 52 行.
NOTIC: [8] Use of undefined constant manage_log - assumed 'manage_log' F:\phpStudy\PHPTutorial\WWW\vehicle_order_system\Application\Runtime\Cache\Admin\ea2be46e20e33e15b6c7f2f0a7a91ffd.php 第 60 行.
INFO: Run Behavior\ParseTemplateBehavior [ RunTime:0.010931s ]
INFO: [ view_parse ] --END-- [ RunTime:0.010990s ]
INFO: [ view_filter ] --START--
INFO: Run Behavior\WriteHtmlCacheBehavior [ RunTime:0.000447s ]
INFO: [ view_filter ] --END-- [ RunTime:0.000479s ]
INFO: [ app_end ] --START--
INFO: Run Behavior\ShowPageTraceBehavior [ RunTime:0.000648s ]
INFO: [ app_end ] --END-- [ RunTime:0.000684s ]

[ 2018-05-23T00:12:27+08:00 ] 127.0.0.1 /index.php/Admin/Order/searchOrder?page=1&limit=11
INFO: [ app_init ] --START--
INFO: Run Behavior\BuildLiteBehavior [ RunTime:0.000134s ]
INFO: [ app_init ] --END-- [ RunTime:0.001613s ]
INFO: [ app_begin ] --START--
INFO: Run Behavior\ReadHtmlCacheBehavior [ RunTime:0.000915s ]
INFO: [ app_begin ] --END-- [ RunTime:0.001026s ]
SQL: SHOW COLUMNS FROM `t_order` [ RunTime:0.0410s ]
SQL: SHOW COLUMNS FROM `t_order` [ RunTime:0.0411s ]
SQL: SELECT * FROM `t_order` WHERE `status` = 1 ORDER BY rank desc LIMIT 0,11   [ RunTime:0.0414s ]
SQL: SHOW COLUMNS FROM `t_driver` [ RunTime:0.0409s ]
SQL: SHOW COLUMNS FROM `t_oil` [ RunTime:0.0410s ]
SQL: SELECT `mobile_number` FROM `t_driver` WHERE `id` = 1 LIMIT 1   [ RunTime:0.0403s ]
SQL: SELECT `mobile_number` FROM `t_driver` WHERE `id` = 4 LIMIT 1   [ RunTime:0.0402s ]
SQL: SELECT `mobile_number` FROM `t_driver` WHERE `id` = 3 LIMIT 1   [ RunTime:0.0402s ]
SQL: SELECT `mobile_number` FROM `t_driver` WHERE `id` = 1 LIMIT 1   [ RunTime:0.0403s ]
SQL: SELECT `mobile_number` FROM `t_driver` WHERE `id` = 2 LIMIT 1   [ RunTime:0.0403s ]
SQL: SELECT `mobile_number` FROM `t_driver` WHERE `id` = 5 LIMIT 1   [ RunTime:0.0419s ]
SQL: SELECT `mobile_number` FROM `t_driver` WHERE `id` = 6 LIMIT 1   [ RunTime:0.0402s ]
SQL: SELECT `mobile_number` FROM `t_driver` WHERE `id` = 7 LIMIT 1   [ RunTime:0.0403s ]
SQL: SELECT `name` FROM `t_oil` WHERE `id` = 1 LIMIT 1   [ RunTime:0.0403s ]
SQL: SELECT `name` FROM `t_oil` WHERE `id` = 4 LIMIT 1   [ RunTime:0.0403s ]
SQL: SELECT `name` FROM `t_oil` WHERE `id` = 4 LIMIT 1   [ RunTime:0.0406s ]
SQL: SELECT `name` FROM `t_oil` WHERE `id` = 1 LIMIT 1   [ RunTime:0.0403s ]
SQL: SELECT `name` FROM `t_oil` WHERE `id` = 3 LIMIT 1   [ RunTime:0.0403s ]
SQL: SELECT `name` FROM `t_oil` WHERE `id` = 4 LIMIT 1   [ RunTime:0.0402s ]
SQL: SELECT `name` FROM `t_oil` WHERE `id` = 5 LIMIT 1   [ RunTime:0.0404s ]
SQL: SELECT `name` FROM `t_oil` WHERE `id` = 3 LIMIT 1   [ RunTime:0.0402s ]

[ 2018-05-23T00:13:40+08:00 ] 127.0.0.1 /index.php/Admin/Order/editOrder
INFO: [ app_init ] --START--
INFO: Run Behavior\BuildLiteBehavior [ RunTime:0.000027s ]
INFO: [ app_init ] --END-- [ RunTime:0.000722s ]
INFO: [ app_begin ] --START--
INFO: Run Behavior\ReadHtmlCacheBehavior [ RunTime:0.000802s ]
INFO: [ app_begin ] --END-- [ RunTime:0.000880s ]
SQL: SHOW COLUMNS FROM `t_order` [ RunTime:0.0416s ]
SQL: SHOW COLUMNS FROM `t_order` [ RunTime:0.0416s ]
SQL: SHOW COLUMNS FROM `t_oil` [ RunTime:0.0417s ]
SQL: SHOW COLUMNS FROM `t_driver` [ RunTime:0.0413s ]
SQL: SELECT `rank` FROM `t_order` WHERE `id` = 13 LIMIT 1   [ RunTime:0.0409s ]
SQL: SELECT `rank` FROM `t_order` WHERE `order_status` = 3  [ RunTime:0.0407s ]
SQL: UPDATE `t_order` SET `rank`='0',`order_status`='0',`update_time`='2018-05-23 12:13:40' WHERE `id` = 13 [ RunTime:0.0488s ]

[ 2018-05-23T00:14:08+08:00 ] 127.0.0.1 /index.php/Admin/Order/editOrder
INFO: [ app_init ] --START--
INFO: Run Behavior\BuildLiteBehavior [ RunTime:0.000026s ]
INFO: [ app_init ] --END-- [ RunTime:0.001079s ]
INFO: [ app_begin ] --START--
INFO: Run Behavior\ReadHtmlCacheBehavior [ RunTime:0.000751s ]
INFO: [ app_begin ] --END-- [ RunTime:0.000828s ]
SQL: SHOW COLUMNS FROM `t_order` [ RunTime:0.0378s ]
SQL: SHOW COLUMNS FROM `t_order` [ RunTime:0.0375s ]
SQL: SHOW COLUMNS FROM `t_oil` [ RunTime:0.0376s ]
SQL: SHOW COLUMNS FROM `t_driver` [ RunTime:0.0377s ]
SQL: SELECT `rank` FROM `t_order` WHERE `id` = 13 LIMIT 1   [ RunTime:0.0373s ]
SQL: SELECT `rank` FROM `t_order` WHERE `order_status` = 3  [ RunTime:0.0372s ]

[ 2018-05-23T00:16:20+08:00 ] 127.0.0.1 /index.php/Admin/Order/editOrder
INFO: [ app_init ] --START--
INFO: Run Behavior\BuildLiteBehavior [ RunTime:0.000020s ]
INFO: [ app_init ] --END-- [ RunTime:0.000552s ]
INFO: [ app_begin ] --START--
INFO: Run Behavior\ReadHtmlCacheBehavior [ RunTime:0.000949s ]
INFO: [ app_begin ] --END-- [ RunTime:0.001036s ]
SQL: SHOW COLUMNS FROM `t_order` [ RunTime:0.0389s ]
SQL: SHOW COLUMNS FROM `t_order` [ RunTime:0.0384s ]
SQL: SHOW COLUMNS FROM `t_oil` [ RunTime:0.0386s ]
SQL: SHOW COLUMNS FROM `t_driver` [ RunTime:0.0384s ]
SQL: SELECT `rank` FROM `t_order` WHERE `id` = 13 LIMIT 1   [ RunTime:0.0379s ]
SQL: SELECT `rank` FROM `t_order` WHERE `order_status` = 3  [ RunTime:0.0380s ]

[ 2018-05-23T00:17:26+08:00 ] 127.0.0.1 /index.php/Admin/Order/editOrder
INFO: [ app_init ] --START--
INFO: Run Behavior\BuildLiteBehavior [ RunTime:0.000024s ]
INFO: [ app_init ] --END-- [ RunTime:0.000560s ]
INFO: [ app_begin ] --START--
INFO: Run Behavior\ReadHtmlCacheBehavior [ RunTime:0.000782s ]
INFO: [ app_begin ] --END-- [ RunTime:0.000851s ]
SQL: SHOW COLUMNS FROM `t_order` [ RunTime:0.0403s ]
SQL: SHOW COLUMNS FROM `t_order` [ RunTime:0.0402s ]
SQL: SHOW COLUMNS FROM `t_oil` [ RunTime:0.0398s ]
SQL: SHOW COLUMNS FROM `t_driver` [ RunTime:0.0401s ]
SQL: SELECT `rank` FROM `t_order` WHERE `id` = 13 LIMIT 1   [ RunTime:0.0397s ]
SQL: SELECT `rank` FROM `t_order` WHERE `order_status` = 3  [ RunTime:0.0393s ]

[ 2018-05-23T00:17:32+08:00 ] 127.0.0.1 /index.php/Admin/Order/editOrder
INFO: [ app_init ] --START--
INFO: Run Behavior\BuildLiteBehavior [ RunTime:0.000019s ]
INFO: [ app_init ] --END-- [ RunTime:0.000401s ]
INFO: [ app_begin ] --START--
INFO: Run Behavior\ReadHtmlCacheBehavior [ RunTime:0.000782s ]
INFO: [ app_begin ] --END-- [ RunTime:0.000858s ]
SQL: SHOW COLUMNS FROM `t_order` [ RunTime:0.0397s ]
SQL: SHOW COLUMNS FROM `t_order` [ RunTime:0.0397s ]
SQL: SHOW COLUMNS FROM `t_oil` [ RunTime:0.0396s ]
SQL: SHOW COLUMNS FROM `t_driver` [ RunTime:0.0397s ]
SQL: SELECT `rank` FROM `t_order` WHERE `id` = 13 LIMIT 1   [ RunTime:0.0389s ]
SQL: SELECT `rank` FROM `t_order` WHERE `order_status` = 3  [ RunTime:0.0392s ]

[ 2018-05-23T00:18:34+08:00 ] 127.0.0.1 /index.php/Admin/Order/editOrder
INFO: [ app_init ] --START--
INFO: Run Behavior\BuildLiteBehavior [ RunTime:0.000017s ]
INFO: [ app_init ] --END-- [ RunTime:0.000616s ]
INFO: [ app_begin ] --START--
INFO: Run Behavior\ReadHtmlCacheBehavior [ RunTime:0.000623s ]
INFO: [ app_begin ] --END-- [ RunTime:0.000669s ]
SQL: SHOW COLUMNS FROM `t_order` [ RunTime:0.0389s ]
SQL: SHOW COLUMNS FROM `t_order` [ RunTime:0.0386s ]
SQL: SHOW COLUMNS FROM `t_oil` [ RunTime:0.0388s ]
SQL: SHOW COLUMNS FROM `t_driver` [ RunTime:0.0389s ]
SQL: SELECT `rank` FROM `t_order` WHERE `id` = 13 LIMIT 1   [ RunTime:0.0382s ]
SQL: SELECT `rank` FROM `t_order` WHERE `order_status` = 3  [ RunTime:0.0380s ]

[ 2018-05-23T00:18:40+08:00 ] 127.0.0.1 /index.php/Admin/Order/editOrder
INFO: [ app_init ] --START--
INFO: Run Behavior\BuildLiteBehavior [ RunTime:0.000025s ]
INFO: [ app_init ] --END-- [ RunTime:0.000600s ]
INFO: [ app_begin ] --START--
INFO: Run Behavior\ReadHtmlCacheBehavior [ RunTime:0.000856s ]
INFO: [ app_begin ] --END-- [ RunTime:0.000943s ]
SQL: SHOW COLUMNS FROM `t_order` [ RunTime:0.0370s ]
SQL: SHOW COLUMNS FROM `t_order` [ RunTime:0.0367s ]
SQL: SHOW COLUMNS FROM `t_oil` [ RunTime:0.0367s ]
SQL: SHOW COLUMNS FROM `t_driver` [ RunTime:0.0366s ]
SQL: SELECT `rank` FROM `t_order` WHERE `id` = 13 LIMIT 1   [ RunTime:0.0362s ]
SQL: SELECT `rank` FROM `t_order` WHERE `order_status` = 3  [ RunTime:0.0363s ]

[ 2018-05-23T00:18:54+08:00 ] 127.0.0.1 /index.php/Admin/Order/editOrder
INFO: [ app_init ] --START--
INFO: Run Behavior\BuildLiteBehavior [ RunTime:0.000023s ]
INFO: [ app_init ] --END-- [ RunTime:0.000509s ]
INFO: [ app_begin ] --START--
INFO: Run Behavior\ReadHtmlCacheBehavior [ RunTime:0.000696s ]
INFO: [ app_begin ] --END-- [ RunTime:0.000754s ]
SQL: SHOW COLUMNS FROM `t_order` [ RunTime:0.0367s ]
SQL: SHOW COLUMNS FROM `t_order` [ RunTime:0.0364s ]
SQL: SHOW COLUMNS FROM `t_oil` [ RunTime:0.0364s ]
SQL: SHOW COLUMNS FROM `t_driver` [ RunTime:0.0366s ]
SQL: SELECT `rank` FROM `t_order` WHERE `id` = 13 LIMIT 1   [ RunTime:0.0359s ]
SQL: SELECT `rank` FROM `t_order` WHERE `order_status` = 3  [ RunTime:0.0358s ]

[ 2018-05-23T00:19:02+08:00 ] 127.0.0.1 /index.php/Admin/Order/editOrder
INFO: [ app_init ] --START--
INFO: Run Behavior\BuildLiteBehavior [ RunTime:0.000044s ]
INFO: [ app_init ] --END-- [ RunTime:0.002939s ]
INFO: [ app_begin ] --START--
INFO: Run Behavior\ReadHtmlCacheBehavior [ RunTime:0.000556s ]
INFO: [ app_begin ] --END-- [ RunTime:0.000605s ]
SQL: SHOW COLUMNS FROM `t_order` [ RunTime:0.0410s ]
SQL: SHOW COLUMNS FROM `t_order` [ RunTime:0.0408s ]
SQL: SHOW COLUMNS FROM `t_oil` [ RunTime:0.0409s ]
SQL: SHOW COLUMNS FROM `t_driver` [ RunTime:0.0408s ]
SQL: SELECT `rank` FROM `t_order` WHERE `id` = 13 LIMIT 1   [ RunTime:0.0400s ]
SQL: SELECT `rank` FROM `t_order` WHERE `order_status` = 3  [ RunTime:0.0401s ]

[ 2018-05-23T00:19:05+08:00 ] 127.0.0.1 /index.php/Admin/Order/editOrder
INFO: [ app_init ] --START--
INFO: Run Behavior\BuildLiteBehavior [ RunTime:0.000025s ]
INFO: [ app_init ] --END-- [ RunTime:0.000579s ]
INFO: [ app_begin ] --START--
INFO: Run Behavior\ReadHtmlCacheBehavior [ RunTime:0.000789s ]
INFO: [ app_begin ] --END-- [ RunTime:0.000875s ]
SQL: SHOW COLUMNS FROM `t_order` [ RunTime:0.0379s ]
SQL: SHOW COLUMNS FROM `t_order` [ RunTime:0.0380s ]
SQL: SHOW COLUMNS FROM `t_oil` [ RunTime:0.0378s ]
SQL: SHOW COLUMNS FROM `t_driver` [ RunTime:0.0379s ]
SQL: SELECT `rank` FROM `t_order` WHERE `id` = 13 LIMIT 1   [ RunTime:0.0371s ]
SQL: SELECT `rank` FROM `t_order` WHERE `order_status` = 3  [ RunTime:0.0371s ]
NOTIC: [8] Array to string conversion F:\phpStudy\PHPTutorial\WWW\vehicle_order_system\Application\Admin\Model\OrderModel.class.php 第 243 行.

[ 2018-05-23T00:19:22+08:00 ] 127.0.0.1 /index.php/Admin/Order/editOrder
INFO: [ app_init ] --START--
INFO: Run Behavior\BuildLiteBehavior [ RunTime:0.000017s ]
INFO: [ app_init ] --END-- [ RunTime:0.000507s ]
INFO: [ app_begin ] --START--
INFO: Run Behavior\ReadHtmlCacheBehavior [ RunTime:0.000651s ]
INFO: [ app_begin ] --END-- [ RunTime:0.000718s ]
SQL: SHOW COLUMNS FROM `t_order` [ RunTime:0.0400s ]
SQL: SHOW COLUMNS FROM `t_order` [ RunTime:0.0398s ]
SQL: SHOW COLUMNS FROM `t_oil` [ RunTime:0.0399s ]
SQL: SHOW COLUMNS FROM `t_driver` [ RunTime:0.0399s ]
SQL: SELECT `rank` FROM `t_order` WHERE `id` = 13 LIMIT 1   [ RunTime:0.0393s ]
SQL: SELECT `rank` FROM `t_order` WHERE `order_status` = 3  [ RunTime:0.0390s ]
NOTIC: [8] Array to string conversion F:\phpStudy\PHPTutorial\WWW\vehicle_order_system\Application\Admin\Model\OrderModel.class.php 第 243 行.

[ 2018-05-23T00:19:24+08:00 ] 127.0.0.1 /index.php/Admin/Order/editOrder
INFO: [ app_init ] --START--
INFO: Run Behavior\BuildLiteBehavior [ RunTime:0.000022s ]
INFO: [ app_init ] --END-- [ RunTime:0.000532s ]
INFO: [ app_begin ] --START--
INFO: Run Behavior\ReadHtmlCacheBehavior [ RunTime:0.000756s ]
INFO: [ app_begin ] --END-- [ RunTime:0.000828s ]
SQL: SHOW COLUMNS FROM `t_order` [ RunTime:0.0389s ]
SQL: SHOW COLUMNS FROM `t_order` [ RunTime:0.0389s ]
SQL: SHOW COLUMNS FROM `t_oil` [ RunTime:0.0388s ]
SQL: SHOW COLUMNS FROM `t_driver` [ RunTime:0.0392s ]
SQL: SELECT `rank` FROM `t_order` WHERE `id` = 13 LIMIT 1   [ RunTime:0.0381s ]
SQL: SELECT `rank` FROM `t_order` WHERE `order_status` = 3  [ RunTime:0.0382s ]
NOTIC: [8] Array to string conversion F:\phpStudy\PHPTutorial\WWW\vehicle_order_system\Application\Admin\Model\OrderModel.class.php 第 243 行.

[ 2018-05-23T00:20:15+08:00 ] 127.0.0.1 /index.php/Admin/Order/editOrder
INFO: [ app_init ] --START--
INFO: Run Behavior\BuildLiteBehavior [ RunTime:0.000024s ]
INFO: [ app_init ] --END-- [ RunTime:0.000565s ]
INFO: [ app_begin ] --START--
INFO: Run Behavior\ReadHtmlCacheBehavior [ RunTime:0.000787s ]
INFO: [ app_begin ] --END-- [ RunTime:0.000868s ]
SQL: SHOW COLUMNS FROM `t_order` [ RunTime:0.0411s ]
SQL: SHOW COLUMNS FROM `t_order` [ RunTime:0.0412s ]
SQL: SHOW COLUMNS FROM `t_oil` [ RunTime:0.0411s ]
SQL: SHOW COLUMNS FROM `t_driver` [ RunTime:0.0412s ]
SQL: SELECT `rank` FROM `t_order` WHERE `id` = 13 LIMIT 1   [ RunTime:0.0405s ]
SQL: SELECT `rank` FROM `t_order` WHERE `order_status` = 3  [ RunTime:0.0405s ]
SQL: UPDATE `t_order` SET `rank`='4',`order_status`='3',`update_time`='2018-05-23 12:20:14' WHERE `id` = 13 [ RunTime:0.0485s ]
SQL: UPDATE `t_order` SET `update_time`='2018-05-23 12:20:14' WHERE `id` = 13 [ RunTime:0.0456s ]
SQL: SELECT `number` FROM `t_order` WHERE `id` = 13 LIMIT 1   [ RunTime:0.0405s ]
SQL: select t_order.license_plate license_plate, t_order.update_time , t_oil.type oilType, t_oil.name oilName, t_driver.`name`, t_order.status, t_wechat.openid  from t_order LEFT JOIN t_driver on t_driver.id = t_order.driver_id LEFT JOIN t_wechat on t_wechat.id = t_driver.wechat_id LEFT JOIN t_oil on t_oil.id = t_order.oil_id where t_order.id = "13" [ RunTime:0.0409s ]
NOTIC: [2048] Declaration of Admin\Model\LogModel::delete() should be compatible with Think\Model::delete($options = Array) F:\phpStudy\PHPTutorial\WWW\vehicle_order_system\Application\Admin\Model\LogModel.class.php 第 65 行.
SQL: SHOW COLUMNS FROM `t_log` [ RunTime:0.0412s ]
SQL: SHOW COLUMNS FROM `t_log` [ RunTime:0.0411s ]
SQL: INSERT INTO `t_log` (`log`,`create_time`,`username`) VALUES ('修改单号：“20180521111607345946”的信息','2018-05-23 12:20:15','admin') [ RunTime:0.0406s ]
INFO: [ app_end ] --START--
INFO: Run Behavior\ShowPageTraceBehavior [ RunTime:0.000796s ]
INFO: [ app_end ] --END-- [ RunTime:0.000834s ]

[ 2018-05-23T00:20:18+08:00 ] 127.0.0.1 /index.php/Admin/Index/toOrderManage.html
INFO: [ app_init ] --START--
INFO: Run Behavior\BuildLiteBehavior [ RunTime:0.000029s ]
INFO: [ app_init ] --END-- [ RunTime:0.000641s ]
INFO: [ app_begin ] --START--
INFO: Run Behavior\ReadHtmlCacheBehavior [ RunTime:0.000796s ]
INFO: [ app_begin ] --END-- [ RunTime:0.000884s ]
SQL: SHOW COLUMNS FROM `t_order` [ RunTime:0.0397s ]
SQL: SELECT d.license_plate FROM t_driver d left JOIN t_order o ON d.id=o.driver_id  where order_status is null and  d.`status` = 1 [ RunTime:0.0391s ]
SQL: SHOW COLUMNS FROM `t_oil` [ RunTime:0.0393s ]
SQL: SELECT `name` FROM `t_oil` WHERE `status` = 1  [ RunTime:0.0390s ]
SQL: SHOW COLUMNS FROM `t_role` [ RunTime:0.0397s ]
SQL: SHOW COLUMNS FROM `t_manager` [ RunTime:0.0395s ]
SQL: SHOW COLUMNS FROM `t_role` [ RunTime:0.0395s ]
SQL: SELECT `role_id` FROM `t_manager` WHERE `username` = 'admin' LIMIT 1   [ RunTime:0.0386s ]
SQL: SELECT * FROM `t_role` WHERE `id` = 1  [ RunTime:0.0391s ]
INFO: [ view_parse ] --START--
INFO: [ template_filter ] --START--
INFO: Run Behavior\ContentReplaceBehavior [ RunTime:0.000070s ]
INFO: [ template_filter ] --END-- [ RunTime:0.000116s ]
NOTIC: [8] Use of undefined constant manage_driver - assumed 'manage_driver' F:\phpStudy\PHPTutorial\WWW\vehicle_order_system\Application\Runtime\Cache\Admin\ea2be46e20e33e15b6c7f2f0a7a91ffd.php 第 15 行.
NOTIC: [8] Use of undefined constant manage_oil - assumed 'manage_oil' F:\phpStudy\PHPTutorial\WWW\vehicle_order_system\Application\Runtime\Cache\Admin\ea2be46e20e33e15b6c7f2f0a7a91ffd.php 第 22 行.
NOTIC: [8] Use of undefined constant manage_order - assumed 'manage_order' F:\phpStudy\PHPTutorial\WWW\vehicle_order_system\Application\Runtime\Cache\Admin\ea2be46e20e33e15b6c7f2f0a7a91ffd.php 第 30 行.
NOTIC: [8] Use of undefined constant manage_data - assumed 'manage_data' F:\phpStudy\PHPTutorial\WWW\vehicle_order_system\Application\Runtime\Cache\Admin\ea2be46e20e33e15b6c7f2f0a7a91ffd.php 第 38 行.
NOTIC: [8] Use of undefined constant manage_notice - assumed 'manage_notice' F:\phpStudy\PHPTutorial\WWW\vehicle_order_system\Application\Runtime\Cache\Admin\ea2be46e20e33e15b6c7f2f0a7a91ffd.php 第 45 行.
NOTIC: [8] Use of undefined constant manage_role - assumed 'manage_role' F:\phpStudy\PHPTutorial\WWW\vehicle_order_system\Application\Runtime\Cache\Admin\ea2be46e20e33e15b6c7f2f0a7a91ffd.php 第 52 行.
NOTIC: [8] Use of undefined constant manage_log - assumed 'manage_log' F:\phpStudy\PHPTutorial\WWW\vehicle_order_system\Application\Runtime\Cache\Admin\ea2be46e20e33e15b6c7f2f0a7a91ffd.php 第 60 行.
INFO: Run Behavior\ParseTemplateBehavior [ RunTime:0.010980s ]
INFO: [ view_parse ] --END-- [ RunTime:0.011049s ]
INFO: [ view_filter ] --START--
INFO: Run Behavior\WriteHtmlCacheBehavior [ RunTime:0.000603s ]
INFO: [ view_filter ] --END-- [ RunTime:0.000650s ]
INFO: [ app_end ] --START--
INFO: Run Behavior\ShowPageTraceBehavior [ RunTime:0.000912s ]
INFO: [ app_end ] --END-- [ RunTime:0.000974s ]

[ 2018-05-23T00:20:20+08:00 ] 127.0.0.1 /index.php/Admin/Order/searchOrder?page=1&limit=11
INFO: [ app_init ] --START--
INFO: Run Behavior\BuildLiteBehavior [ RunTime:0.000026s ]
INFO: [ app_init ] --END-- [ RunTime:0.000552s ]
INFO: [ app_begin ] --START--
INFO: Run Behavior\ReadHtmlCacheBehavior [ RunTime:0.000734s ]
INFO: [ app_begin ] --END-- [ RunTime:0.000812s ]
SQL: SHOW COLUMNS FROM `t_order` [ RunTime:0.0372s ]
SQL: SHOW COLUMNS FROM `t_order` [ RunTime:0.0369s ]
SQL: SELECT * FROM `t_order` WHERE `status` = 1 ORDER BY rank desc LIMIT 0,11   [ RunTime:0.0370s ]
SQL: SHOW COLUMNS FROM `t_driver` [ RunTime:0.0370s ]
SQL: SHOW COLUMNS FROM `t_oil` [ RunTime:0.0368s ]
SQL: SELECT `mobile_number` FROM `t_driver` WHERE `id` = 7 LIMIT 1   [ RunTime:0.0364s ]
SQL: SELECT `mobile_number` FROM `t_driver` WHERE `id` = 1 LIMIT 1   [ RunTime:0.0363s ]
SQL: SELECT `mobile_number` FROM `t_driver` WHERE `id` = 4 LIMIT 1   [ RunTime:0.0366s ]
SQL: SELECT `mobile_number` FROM `t_driver` WHERE `id` = 3 LIMIT 1   [ RunTime:0.0364s ]
SQL: SELECT `mobile_number` FROM `t_driver` WHERE `id` = 1 LIMIT 1   [ RunTime:0.0363s ]
SQL: SELECT `mobile_number` FROM `t_driver` WHERE `id` = 2 LIMIT 1   [ RunTime:0.0364s ]
SQL: SELECT `mobile_number` FROM `t_driver` WHERE `id` = 5 LIMIT 1   [ RunTime:0.0364s ]
SQL: SELECT `mobile_number` FROM `t_driver` WHERE `id` = 6 LIMIT 1   [ RunTime:0.0364s ]
SQL: SELECT `name` FROM `t_oil` WHERE `id` = 3 LIMIT 1   [ RunTime:0.0364s ]
SQL: SELECT `name` FROM `t_oil` WHERE `id` = 1 LIMIT 1   [ RunTime:0.0364s ]
SQL: SELECT `name` FROM `t_oil` WHERE `id` = 4 LIMIT 1   [ RunTime:0.0364s ]
SQL: SELECT `name` FROM `t_oil` WHERE `id` = 4 LIMIT 1   [ RunTime:0.0365s ]
SQL: SELECT `name` FROM `t_oil` WHERE `id` = 1 LIMIT 1   [ RunTime:0.0365s ]
SQL: SELECT `name` FROM `t_oil` WHERE `id` = 3 LIMIT 1   [ RunTime:0.0364s ]
SQL: SELECT `name` FROM `t_oil` WHERE `id` = 4 LIMIT 1   [ RunTime:0.0364s ]
SQL: SELECT `name` FROM `t_oil` WHERE `id` = 5 LIMIT 1   [ RunTime:0.0364s ]

[ 2018-05-23T00:31:21+08:00 ] 127.0.0.1 /index.php/Admin/Index/toOrderManage.html
INFO: [ app_init ] --START--
INFO: Run Behavior\BuildLiteBehavior [ RunTime:0.000049s ]
INFO: [ app_init ] --END-- [ RunTime:0.000951s ]
INFO: [ app_begin ] --START--
INFO: Run Behavior\ReadHtmlCacheBehavior [ RunTime:0.000952s ]
INFO: [ app_begin ] --END-- [ RunTime:0.001043s ]
SQL: SHOW COLUMNS FROM `t_order` [ RunTime:0.0399s ]
SQL: SELECT d.license_plate FROM t_driver d left JOIN t_order o ON d.id=o.driver_id  where order_status is null and  d.`status` = 1 [ RunTime:0.0390s ]
SQL: SHOW COLUMNS FROM `t_oil` [ RunTime:0.0401s ]
SQL: SELECT `name` FROM `t_oil` WHERE `status` = 1  [ RunTime:0.0392s ]
SQL: SHOW COLUMNS FROM `t_role` [ RunTime:0.0398s ]
SQL: SHOW COLUMNS FROM `t_manager` [ RunTime:0.0397s ]
SQL: SHOW COLUMNS FROM `t_role` [ RunTime:0.0394s ]
SQL: SELECT `role_id` FROM `t_manager` WHERE `username` = 'admin' LIMIT 1   [ RunTime:0.0389s ]
SQL: SELECT * FROM `t_role` WHERE `id` = 1  [ RunTime:0.0392s ]
INFO: [ view_parse ] --START--
INFO: [ template_filter ] --START--
INFO: Run Behavior\ContentReplaceBehavior [ RunTime:0.000077s ]
INFO: [ template_filter ] --END-- [ RunTime:0.000148s ]
NOTIC: [8] Use of undefined constant manage_driver - assumed 'manage_driver' F:\phpStudy\PHPTutorial\WWW\vehicle_order_system\Application\Runtime\Cache\Admin\ea2be46e20e33e15b6c7f2f0a7a91ffd.php 第 15 行.
NOTIC: [8] Use of undefined constant manage_oil - assumed 'manage_oil' F:\phpStudy\PHPTutorial\WWW\vehicle_order_system\Application\Runtime\Cache\Admin\ea2be46e20e33e15b6c7f2f0a7a91ffd.php 第 22 行.
NOTIC: [8] Use of undefined constant manage_order - assumed 'manage_order' F:\phpStudy\PHPTutorial\WWW\vehicle_order_system\Application\Runtime\Cache\Admin\ea2be46e20e33e15b6c7f2f0a7a91ffd.php 第 30 行.
NOTIC: [8] Use of undefined constant manage_data - assumed 'manage_data' F:\phpStudy\PHPTutorial\WWW\vehicle_order_system\Application\Runtime\Cache\Admin\ea2be46e20e33e15b6c7f2f0a7a91ffd.php 第 38 行.
NOTIC: [8] Use of undefined constant manage_notice - assumed 'manage_notice' F:\phpStudy\PHPTutorial\WWW\vehicle_order_system\Application\Runtime\Cache\Admin\ea2be46e20e33e15b6c7f2f0a7a91ffd.php 第 45 行.
NOTIC: [8] Use of undefined constant manage_role - assumed 'manage_role' F:\phpStudy\PHPTutorial\WWW\vehicle_order_system\Application\Runtime\Cache\Admin\ea2be46e20e33e15b6c7f2f0a7a91ffd.php 第 52 行.
NOTIC: [8] Use of undefined constant manage_log - assumed 'manage_log' F:\phpStudy\PHPTutorial\WWW\vehicle_order_system\Application\Runtime\Cache\Admin\ea2be46e20e33e15b6c7f2f0a7a91ffd.php 第 60 行.
INFO: Run Behavior\ParseTemplateBehavior [ RunTime:0.012946s ]
INFO: [ view_parse ] --END-- [ RunTime:0.013010s ]
INFO: [ view_filter ] --START--
INFO: Run Behavior\WriteHtmlCacheBehavior [ RunTime:0.000851s ]
INFO: [ view_filter ] --END-- [ RunTime:0.000909s ]
INFO: [ app_end ] --START--
INFO: Run Behavior\ShowPageTraceBehavior [ RunTime:0.000934s ]
INFO: [ app_end ] --END-- [ RunTime:0.000986s ]

[ 2018-05-23T00:31:23+08:00 ] 127.0.0.1 /index.php/Admin/Order/searchOrder?page=1&limit=11
INFO: [ app_init ] --START--
INFO: Run Behavior\BuildLiteBehavior [ RunTime:0.000022s ]
INFO: [ app_init ] --END-- [ RunTime:0.000507s ]
INFO: [ app_begin ] --START--
INFO: Run Behavior\ReadHtmlCacheBehavior [ RunTime:0.000754s ]
INFO: [ app_begin ] --END-- [ RunTime:0.000829s ]
SQL: SHOW COLUMNS FROM `t_order` [ RunTime:0.0381s ]
SQL: SHOW COLUMNS FROM `t_order` [ RunTime:0.0381s ]
SQL: SELECT * FROM `t_order` WHERE `status` = 1 ORDER BY rank desc LIMIT 0,11   [ RunTime:0.0377s ]
SQL: SHOW COLUMNS FROM `t_driver` [ RunTime:0.0381s ]
SQL: SHOW COLUMNS FROM `t_oil` [ RunTime:0.0379s ]
SQL: SELECT `mobile_number` FROM `t_driver` WHERE `id` = 7 LIMIT 1   [ RunTime:0.0371s ]
SQL: SELECT `mobile_number` FROM `t_driver` WHERE `id` = 1 LIMIT 1   [ RunTime:0.0373s ]
SQL: SELECT `mobile_number` FROM `t_driver` WHERE `id` = 4 LIMIT 1   [ RunTime:0.0372s ]
SQL: SELECT `mobile_number` FROM `t_driver` WHERE `id` = 3 LIMIT 1   [ RunTime:0.0373s ]
SQL: SELECT `mobile_number` FROM `t_driver` WHERE `id` = 1 LIMIT 1   [ RunTime:0.0372s ]
SQL: SELECT `mobile_number` FROM `t_driver` WHERE `id` = 2 LIMIT 1   [ RunTime:0.0372s ]
SQL: SELECT `mobile_number` FROM `t_driver` WHERE `id` = 5 LIMIT 1   [ RunTime:0.0373s ]
SQL: SELECT `mobile_number` FROM `t_driver` WHERE `id` = 6 LIMIT 1   [ RunTime:0.0373s ]
SQL: SELECT `name` FROM `t_oil` WHERE `id` = 3 LIMIT 1   [ RunTime:0.0372s ]
SQL: SELECT `name` FROM `t_oil` WHERE `id` = 1 LIMIT 1   [ RunTime:0.0373s ]
SQL: SELECT `name` FROM `t_oil` WHERE `id` = 4 LIMIT 1   [ RunTime:0.0373s ]
SQL: SELECT `name` FROM `t_oil` WHERE `id` = 4 LIMIT 1   [ RunTime:0.0464s ]
SQL: SELECT `name` FROM `t_oil` WHERE `id` = 1 LIMIT 1   [ RunTime:0.0373s ]
SQL: SELECT `name` FROM `t_oil` WHERE `id` = 3 LIMIT 1   [ RunTime:0.0373s ]
SQL: SELECT `name` FROM `t_oil` WHERE `id` = 4 LIMIT 1   [ RunTime:0.0371s ]
SQL: SELECT `name` FROM `t_oil` WHERE `id` = 5 LIMIT 1   [ RunTime:0.0372s ]

[ 2018-05-23T00:31:32+08:00 ] 127.0.0.1 /index.php/Admin/Order/editOrder
INFO: [ app_init ] --START--
INFO: Run Behavior\BuildLiteBehavior [ RunTime:0.000025s ]
INFO: [ app_init ] --END-- [ RunTime:0.000650s ]
INFO: [ app_begin ] --START--
INFO: Run Behavior\ReadHtmlCacheBehavior [ RunTime:0.000999s ]
INFO: [ app_begin ] --END-- [ RunTime:0.001083s ]
SQL: SHOW COLUMNS FROM `t_order` [ RunTime:0.0408s ]
SQL: SHOW COLUMNS FROM `t_order` [ RunTime:0.0406s ]
SQL: SHOW COLUMNS FROM `t_oil` [ RunTime:0.0404s ]
SQL: SHOW COLUMNS FROM `t_driver` [ RunTime:0.0404s ]
SQL: SELECT `rank` FROM `t_order` WHERE `id` = 4 LIMIT 1   [ RunTime:0.0402s ]
SQL: SELECT `rank` FROM `t_order` WHERE `order_status` = 3  [ RunTime:0.0399s ]
INFO: [ app_end ] --START--
INFO: Run Behavior\ShowPageTraceBehavior [ RunTime:0.000670s ]
INFO: [ app_end ] --END-- [ RunTime:0.000705s ]

[ 2018-05-23T00:31:34+08:00 ] 127.0.0.1 /index.php/Admin/Index/toOrderManage.html
INFO: [ app_init ] --START--
INFO: Run Behavior\BuildLiteBehavior [ RunTime:0.000030s ]
INFO: [ app_init ] --END-- [ RunTime:0.000610s ]
INFO: [ app_begin ] --START--
INFO: Run Behavior\ReadHtmlCacheBehavior [ RunTime:0.000835s ]
INFO: [ app_begin ] --END-- [ RunTime:0.000928s ]
SQL: SHOW COLUMNS FROM `t_order` [ RunTime:0.0388s ]
SQL: SELECT d.license_plate FROM t_driver d left JOIN t_order o ON d.id=o.driver_id  where order_status is null and  d.`status` = 1 [ RunTime:0.0380s ]
SQL: SHOW COLUMNS FROM `t_oil` [ RunTime:0.0386s ]
SQL: SELECT `name` FROM `t_oil` WHERE `status` = 1  [ RunTime:0.0382s ]
SQL: SHOW COLUMNS FROM `t_role` [ RunTime:0.0388s ]
SQL: SHOW COLUMNS FROM `t_manager` [ RunTime:0.0387s ]
SQL: SHOW COLUMNS FROM `t_role` [ RunTime:0.0389s ]
SQL: SELECT `role_id` FROM `t_manager` WHERE `username` = 'admin' LIMIT 1   [ RunTime:0.0380s ]
SQL: SELECT * FROM `t_role` WHERE `id` = 1  [ RunTime:0.0386s ]
INFO: [ view_parse ] --START--
INFO: [ template_filter ] --START--
INFO: Run Behavior\ContentReplaceBehavior [ RunTime:0.000083s ]
INFO: [ template_filter ] --END-- [ RunTime:0.000160s ]
NOTIC: [8] Use of undefined constant manage_driver - assumed 'manage_driver' F:\phpStudy\PHPTutorial\WWW\vehicle_order_system\Application\Runtime\Cache\Admin\ea2be46e20e33e15b6c7f2f0a7a91ffd.php 第 15 行.
NOTIC: [8] Use of undefined constant manage_oil - assumed 'manage_oil' F:\phpStudy\PHPTutorial\WWW\vehicle_order_system\Application\Runtime\Cache\Admin\ea2be46e20e33e15b6c7f2f0a7a91ffd.php 第 22 行.
NOTIC: [8] Use of undefined constant manage_order - assumed 'manage_order' F:\phpStudy\PHPTutorial\WWW\vehicle_order_system\Application\Runtime\Cache\Admin\ea2be46e20e33e15b6c7f2f0a7a91ffd.php 第 30 行.
NOTIC: [8] Use of undefined constant manage_data - assumed 'manage_data' F:\phpStudy\PHPTutorial\WWW\vehicle_order_system\Application\Runtime\Cache\Admin\ea2be46e20e33e15b6c7f2f0a7a91ffd.php 第 38 行.
NOTIC: [8] Use of undefined constant manage_notice - assumed 'manage_notice' F:\phpStudy\PHPTutorial\WWW\vehicle_order_system\Application\Runtime\Cache\Admin\ea2be46e20e33e15b6c7f2f0a7a91ffd.php 第 45 行.
NOTIC: [8] Use of undefined constant manage_role - assumed 'manage_role' F:\phpStudy\PHPTutorial\WWW\vehicle_order_system\Application\Runtime\Cache\Admin\ea2be46e20e33e15b6c7f2f0a7a91ffd.php 第 52 行.
NOTIC: [8] Use of undefined constant manage_log - assumed 'manage_log' F:\phpStudy\PHPTutorial\WWW\vehicle_order_system\Application\Runtime\Cache\Admin\ea2be46e20e33e15b6c7f2f0a7a91ffd.php 第 60 行.
INFO: Run Behavior\ParseTemplateBehavior [ RunTime:0.015754s ]
INFO: [ view_parse ] --END-- [ RunTime:0.015833s ]
INFO: [ view_filter ] --START--
INFO: Run Behavior\WriteHtmlCacheBehavior [ RunTime:0.001014s ]
INFO: [ view_filter ] --END-- [ RunTime:0.001154s ]
INFO: [ app_end ] --START--
INFO: Run Behavior\ShowPageTraceBehavior [ RunTime:0.002062s ]
INFO: [ app_end ] --END-- [ RunTime:0.002182s ]

[ 2018-05-23T00:31:36+08:00 ] 127.0.0.1 /index.php/Admin/Order/searchOrder?page=1&limit=11
INFO: [ app_init ] --START--
INFO: Run Behavior\BuildLiteBehavior [ RunTime:0.000024s ]
INFO: [ app_init ] --END-- [ RunTime:0.000534s ]
INFO: [ app_begin ] --START--
INFO: Run Behavior\ReadHtmlCacheBehavior [ RunTime:0.000769s ]
INFO: [ app_begin ] --END-- [ RunTime:0.000847s ]
SQL: SHOW COLUMNS FROM `t_order` [ RunTime:0.0411s ]
SQL: SHOW COLUMNS FROM `t_order` [ RunTime:0.0410s ]
SQL: SELECT * FROM `t_order` WHERE `status` = 1 ORDER BY rank desc LIMIT 0,11   [ RunTime:0.0407s ]
SQL: SHOW COLUMNS FROM `t_driver` [ RunTime:0.0410s ]
SQL: SHOW COLUMNS FROM `t_oil` [ RunTime:0.0411s ]
SQL: SELECT `mobile_number` FROM `t_driver` WHERE `id` = 7 LIMIT 1   [ RunTime:0.0405s ]
SQL: SELECT `mobile_number` FROM `t_driver` WHERE `id` = 1 LIMIT 1   [ RunTime:0.0403s ]
SQL: SELECT `mobile_number` FROM `t_driver` WHERE `id` = 4 LIMIT 1   [ RunTime:0.0403s ]
SQL: SELECT `mobile_number` FROM `t_driver` WHERE `id` = 3 LIMIT 1   [ RunTime:0.0403s ]
SQL: SELECT `mobile_number` FROM `t_driver` WHERE `id` = 1 LIMIT 1   [ RunTime:0.0404s ]
SQL: SELECT `mobile_number` FROM `t_driver` WHERE `id` = 2 LIMIT 1   [ RunTime:0.0403s ]
SQL: SELECT `mobile_number` FROM `t_driver` WHERE `id` = 5 LIMIT 1   [ RunTime:0.0404s ]
SQL: SELECT `mobile_number` FROM `t_driver` WHERE `id` = 6 LIMIT 1   [ RunTime:0.0403s ]
SQL: SELECT `name` FROM `t_oil` WHERE `id` = 3 LIMIT 1   [ RunTime:0.0403s ]
SQL: SELECT `name` FROM `t_oil` WHERE `id` = 1 LIMIT 1   [ RunTime:0.0404s ]
SQL: SELECT `name` FROM `t_oil` WHERE `id` = 4 LIMIT 1   [ RunTime:0.0402s ]
SQL: SELECT `name` FROM `t_oil` WHERE `id` = 4 LIMIT 1   [ RunTime:0.0404s ]
SQL: SELECT `name` FROM `t_oil` WHERE `id` = 1 LIMIT 1   [ RunTime:0.0402s ]
SQL: SELECT `name` FROM `t_oil` WHERE `id` = 3 LIMIT 1   [ RunTime:0.0403s ]
SQL: SELECT `name` FROM `t_oil` WHERE `id` = 4 LIMIT 1   [ RunTime:0.0403s ]
SQL: SELECT `name` FROM `t_oil` WHERE `id` = 5 LIMIT 1   [ RunTime:0.0404s ]

[ 2018-05-23T00:31:42+08:00 ] 127.0.0.1 /index.php/Admin/Order/editOrder
INFO: [ app_init ] --START--
INFO: Run Behavior\BuildLiteBehavior [ RunTime:0.000023s ]
INFO: [ app_init ] --END-- [ RunTime:0.000529s ]
INFO: [ app_begin ] --START--
INFO: Run Behavior\ReadHtmlCacheBehavior [ RunTime:0.000759s ]
INFO: [ app_begin ] --END-- [ RunTime:0.000839s ]
SQL: SHOW COLUMNS FROM `t_order` [ RunTime:0.0388s ]
SQL: SHOW COLUMNS FROM `t_order` [ RunTime:0.0387s ]
SQL: SHOW COLUMNS FROM `t_oil` [ RunTime:0.0384s ]
SQL: SHOW COLUMNS FROM `t_driver` [ RunTime:0.0385s ]
SQL: SELECT `rank` FROM `t_order` WHERE `id` = 4 LIMIT 1   [ RunTime:0.0382s ]
SQL: SELECT `rank` FROM `t_order` WHERE `order_status` = 3  [ RunTime:0.0380s ]
INFO: [ app_end ] --START--
INFO: Run Behavior\ShowPageTraceBehavior [ RunTime:0.000825s ]
INFO: [ app_end ] --END-- [ RunTime:0.000893s ]

[ 2018-05-23T00:31:44+08:00 ] 127.0.0.1 /index.php/Admin/Index/toOrderManage.html
INFO: [ app_init ] --START--
INFO: Run Behavior\BuildLiteBehavior [ RunTime:0.000021s ]
INFO: [ app_init ] --END-- [ RunTime:0.000539s ]
INFO: [ app_begin ] --START--
INFO: Run Behavior\ReadHtmlCacheBehavior [ RunTime:0.000715s ]
INFO: [ app_begin ] --END-- [ RunTime:0.000783s ]
SQL: SHOW COLUMNS FROM `t_order` [ RunTime:0.0376s ]
SQL: SELECT d.license_plate FROM t_driver d left JOIN t_order o ON d.id=o.driver_id  where order_status is null and  d.`status` = 1 [ RunTime:0.0367s ]
SQL: SHOW COLUMNS FROM `t_oil` [ RunTime:0.0374s ]
SQL: SELECT `name` FROM `t_oil` WHERE `status` = 1  [ RunTime:0.0369s ]
SQL: SHOW COLUMNS FROM `t_role` [ RunTime:0.0376s ]
SQL: SHOW COLUMNS FROM `t_manager` [ RunTime:0.0371s ]
SQL: SHOW COLUMNS FROM `t_role` [ RunTime:0.0372s ]
SQL: SELECT `role_id` FROM `t_manager` WHERE `username` = 'admin' LIMIT 1   [ RunTime:0.0367s ]
SQL: SELECT * FROM `t_role` WHERE `id` = 1  [ RunTime:0.0375s ]
INFO: [ view_parse ] --START--
INFO: [ template_filter ] --START--
INFO: Run Behavior\ContentReplaceBehavior [ RunTime:0.000061s ]
INFO: [ template_filter ] --END-- [ RunTime:0.000121s ]
NOTIC: [8] Use of undefined constant manage_driver - assumed 'manage_driver' F:\phpStudy\PHPTutorial\WWW\vehicle_order_system\Application\Runtime\Cache\Admin\ea2be46e20e33e15b6c7f2f0a7a91ffd.php 第 15 行.
NOTIC: [8] Use of undefined constant manage_oil - assumed 'manage_oil' F:\phpStudy\PHPTutorial\WWW\vehicle_order_system\Application\Runtime\Cache\Admin\ea2be46e20e33e15b6c7f2f0a7a91ffd.php 第 22 行.
NOTIC: [8] Use of undefined constant manage_order - assumed 'manage_order' F:\phpStudy\PHPTutorial\WWW\vehicle_order_system\Application\Runtime\Cache\Admin\ea2be46e20e33e15b6c7f2f0a7a91ffd.php 第 30 行.
NOTIC: [8] Use of undefined constant manage_data - assumed 'manage_data' F:\phpStudy\PHPTutorial\WWW\vehicle_order_system\Application\Runtime\Cache\Admin\ea2be46e20e33e15b6c7f2f0a7a91ffd.php 第 38 行.
NOTIC: [8] Use of undefined constant manage_notice - assumed 'manage_notice' F:\phpStudy\PHPTutorial\WWW\vehicle_order_system\Application\Runtime\Cache\Admin\ea2be46e20e33e15b6c7f2f0a7a91ffd.php 第 45 行.
NOTIC: [8] Use of undefined constant manage_role - assumed 'manage_role' F:\phpStudy\PHPTutorial\WWW\vehicle_order_system\Application\Runtime\Cache\Admin\ea2be46e20e33e15b6c7f2f0a7a91ffd.php 第 52 行.
NOTIC: [8] Use of undefined constant manage_log - assumed 'manage_log' F:\phpStudy\PHPTutorial\WWW\vehicle_order_system\Application\Runtime\Cache\Admin\ea2be46e20e33e15b6c7f2f0a7a91ffd.php 第 60 行.
INFO: Run Behavior\ParseTemplateBehavior [ RunTime:0.016560s ]
INFO: [ view_parse ] --END-- [ RunTime:0.016643s ]
INFO: [ view_filter ] --START--
INFO: Run Behavior\WriteHtmlCacheBehavior [ RunTime:0.000734s ]
INFO: [ view_filter ] --END-- [ RunTime:0.000800s ]
INFO: [ app_end ] --START--
INFO: Run Behavior\ShowPageTraceBehavior [ RunTime:0.000781s ]
INFO: [ app_end ] --END-- [ RunTime:0.000861s ]

[ 2018-05-23T00:31:46+08:00 ] 127.0.0.1 /index.php/Admin/Order/searchOrder?page=1&limit=11
INFO: [ app_init ] --START--
INFO: Run Behavior\BuildLiteBehavior [ RunTime:0.000023s ]
INFO: [ app_init ] --END-- [ RunTime:0.000535s ]
INFO: [ app_begin ] --START--
INFO: Run Behavior\ReadHtmlCacheBehavior [ RunTime:0.000766s ]
INFO: [ app_begin ] --END-- [ RunTime:0.000836s ]
SQL: SHOW COLUMNS FROM `t_order` [ RunTime:0.0383s ]
SQL: SHOW COLUMNS FROM `t_order` [ RunTime:0.0384s ]
SQL: SELECT * FROM `t_order` WHERE `status` = 1 ORDER BY rank desc LIMIT 0,11   [ RunTime:0.0385s ]
SQL: SHOW COLUMNS FROM `t_driver` [ RunTime:0.0382s ]
SQL: SHOW COLUMNS FROM `t_oil` [ RunTime:0.0382s ]
SQL: SELECT `mobile_number` FROM `t_driver` WHERE `id` = 7 LIMIT 1   [ RunTime:0.0377s ]
SQL: SELECT `mobile_number` FROM `t_driver` WHERE `id` = 1 LIMIT 1   [ RunTime:0.0375s ]
SQL: SELECT `mobile_number` FROM `t_driver` WHERE `id` = 4 LIMIT 1   [ RunTime:0.0378s ]
SQL: SELECT `mobile_number` FROM `t_driver` WHERE `id` = 3 LIMIT 1   [ RunTime:0.0377s ]
SQL: SELECT `mobile_number` FROM `t_driver` WHERE `id` = 1 LIMIT 1   [ RunTime:0.0375s ]
SQL: SELECT `mobile_number` FROM `t_driver` WHERE `id` = 2 LIMIT 1   [ RunTime:0.0374s ]
SQL: SELECT `mobile_number` FROM `t_driver` WHERE `id` = 5 LIMIT 1   [ RunTime:0.0375s ]
SQL: SELECT `mobile_number` FROM `t_driver` WHERE `id` = 6 LIMIT 1   [ RunTime:0.0377s ]
SQL: SELECT `name` FROM `t_oil` WHERE `id` = 3 LIMIT 1   [ RunTime:0.0377s ]
SQL: SELECT `name` FROM `t_oil` WHERE `id` = 1 LIMIT 1   [ RunTime:0.0376s ]
SQL: SELECT `name` FROM `t_oil` WHERE `id` = 4 LIMIT 1   [ RunTime:0.0375s ]
SQL: SELECT `name` FROM `t_oil` WHERE `id` = 4 LIMIT 1   [ RunTime:0.0377s ]
SQL: SELECT `name` FROM `t_oil` WHERE `id` = 1 LIMIT 1   [ RunTime:0.0377s ]
SQL: SELECT `name` FROM `t_oil` WHERE `id` = 3 LIMIT 1   [ RunTime:0.0376s ]
SQL: SELECT `name` FROM `t_oil` WHERE `id` = 4 LIMIT 1   [ RunTime:0.0377s ]
SQL: SELECT `name` FROM `t_oil` WHERE `id` = 5 LIMIT 1   [ RunTime:0.0376s ]

[ 2018-05-23T00:31:51+08:00 ] 127.0.0.1 /index.php/Admin/Order/editOrder
INFO: [ app_init ] --START--
INFO: Run Behavior\BuildLiteBehavior [ RunTime:0.000026s ]
INFO: [ app_init ] --END-- [ RunTime:0.000592s ]
INFO: [ app_begin ] --START--
INFO: Run Behavior\ReadHtmlCacheBehavior [ RunTime:0.000804s ]
INFO: [ app_begin ] --END-- [ RunTime:0.000893s ]
SQL: SHOW COLUMNS FROM `t_order` [ RunTime:0.0368s ]
SQL: SHOW COLUMNS FROM `t_order` [ RunTime:0.0367s ]
SQL: SHOW COLUMNS FROM `t_oil` [ RunTime:0.0367s ]
SQL: SHOW COLUMNS FROM `t_driver` [ RunTime:0.0368s ]
SQL: SELECT `rank` FROM `t_order` WHERE `id` = 4 LIMIT 1   [ RunTime:0.0361s ]
SQL: SELECT `rank` FROM `t_order` WHERE `order_status` = 3  [ RunTime:0.0361s ]
SQL: UPDATE `t_order` SET `rank`='3',`update_time`='2018-05-23 12:31:50' WHERE `rank` = 4 [ RunTime:0.0447s ]
SQL: UPDATE `t_order` SET `rank`='4',`update_time`='2018-05-23 12:31:50' WHERE `id` = 4 [ RunTime:0.0410s ]
SQL: UPDATE `t_order` SET `update_time`='2018-05-23 12:31:50' WHERE `id` = 4 [ RunTime:0.0414s ]
SQL: SELECT `number` FROM `t_order` WHERE `id` = 4 LIMIT 1   [ RunTime:0.0361s ]
SQL: select t_order.license_plate license_plate, t_order.update_time , t_oil.type oilType, t_oil.name oilName, t_driver.`name`, t_order.status, t_wechat.openid  from t_order LEFT JOIN t_driver on t_driver.id = t_order.driver_id LEFT JOIN t_wechat on t_wechat.id = t_driver.wechat_id LEFT JOIN t_oil on t_oil.id = t_order.oil_id where t_order.id = "4" [ RunTime:0.0365s ]
NOTIC: [2048] Declaration of Admin\Model\LogModel::delete() should be compatible with Think\Model::delete($options = Array) F:\phpStudy\PHPTutorial\WWW\vehicle_order_system\Application\Admin\Model\LogModel.class.php 第 65 行.
SQL: SHOW COLUMNS FROM `t_log` [ RunTime:0.0367s ]
SQL: SHOW COLUMNS FROM `t_log` [ RunTime:0.0367s ]
SQL: INSERT INTO `t_log` (`log`,`create_time`,`username`) VALUES ('修改单号：“20180516094523564447”的信息','2018-05-23 12:31:51','admin') [ RunTime:0.0361s ]
INFO: [ app_end ] --START--
INFO: Run Behavior\ShowPageTraceBehavior [ RunTime:0.000698s ]
INFO: [ app_end ] --END-- [ RunTime:0.000747s ]

[ 2018-05-23T00:31:53+08:00 ] 127.0.0.1 /index.php/Admin/Index/toOrderManage.html
INFO: [ app_init ] --START--
INFO: Run Behavior\BuildLiteBehavior [ RunTime:0.000024s ]
INFO: [ app_init ] --END-- [ RunTime:0.000521s ]
INFO: [ app_begin ] --START--
INFO: Run Behavior\ReadHtmlCacheBehavior [ RunTime:0.000684s ]
INFO: [ app_begin ] --END-- [ RunTime:0.000755s ]
SQL: SHOW COLUMNS FROM `t_order` [ RunTime:0.0401s ]
SQL: SELECT d.license_plate FROM t_driver d left JOIN t_order o ON d.id=o.driver_id  where order_status is null and  d.`status` = 1 [ RunTime:0.0397s ]
SQL: SHOW COLUMNS FROM `t_oil` [ RunTime:0.0403s ]
SQL: SELECT `name` FROM `t_oil` WHERE `status` = 1  [ RunTime:0.0395s ]
SQL: SHOW COLUMNS FROM `t_role` [ RunTime:0.0401s ]
SQL: SHOW COLUMNS FROM `t_manager` [ RunTime:0.0397s ]
SQL: SHOW COLUMNS FROM `t_role` [ RunTime:0.0399s ]
SQL: SELECT `role_id` FROM `t_manager` WHERE `username` = 'admin' LIMIT 1   [ RunTime:0.0396s ]
SQL: SELECT * FROM `t_role` WHERE `id` = 1  [ RunTime:0.0395s ]
INFO: [ view_parse ] --START--
INFO: [ template_filter ] --START--
INFO: Run Behavior\ContentReplaceBehavior [ RunTime:0.000111s ]
INFO: [ template_filter ] --END-- [ RunTime:0.000221s ]
NOTIC: [8] Use of undefined constant manage_driver - assumed 'manage_driver' F:\phpStudy\PHPTutorial\WWW\vehicle_order_system\Application\Runtime\Cache\Admin\ea2be46e20e33e15b6c7f2f0a7a91ffd.php 第 15 行.
NOTIC: [8] Use of undefined constant manage_oil - assumed 'manage_oil' F:\phpStudy\PHPTutorial\WWW\vehicle_order_system\Application\Runtime\Cache\Admin\ea2be46e20e33e15b6c7f2f0a7a91ffd.php 第 22 行.
NOTIC: [8] Use of undefined constant manage_order - assumed 'manage_order' F:\phpStudy\PHPTutorial\WWW\vehicle_order_system\Application\Runtime\Cache\Admin\ea2be46e20e33e15b6c7f2f0a7a91ffd.php 第 30 行.
NOTIC: [8] Use of undefined constant manage_data - assumed 'manage_data' F:\phpStudy\PHPTutorial\WWW\vehicle_order_system\Application\Runtime\Cache\Admin\ea2be46e20e33e15b6c7f2f0a7a91ffd.php 第 38 行.
NOTIC: [8] Use of undefined constant manage_notice - assumed 'manage_notice' F:\phpStudy\PHPTutorial\WWW\vehicle_order_system\Application\Runtime\Cache\Admin\ea2be46e20e33e15b6c7f2f0a7a91ffd.php 第 45 行.
NOTIC: [8] Use of undefined constant manage_role - assumed 'manage_role' F:\phpStudy\PHPTutorial\WWW\vehicle_order_system\Application\Runtime\Cache\Admin\ea2be46e20e33e15b6c7f2f0a7a91ffd.php 第 52 行.
NOTIC: [8] Use of undefined constant manage_log - assumed 'manage_log' F:\phpStudy\PHPTutorial\WWW\vehicle_order_system\Application\Runtime\Cache\Admin\ea2be46e20e33e15b6c7f2f0a7a91ffd.php 第 60 行.
INFO: Run Behavior\ParseTemplateBehavior [ RunTime:0.013710s ]
INFO: [ view_parse ] --END-- [ RunTime:0.013860s ]
INFO: [ view_filter ] --START--
INFO: Run Behavior\WriteHtmlCacheBehavior [ RunTime:0.000715s ]
INFO: [ view_filter ] --END-- [ RunTime:0.000781s ]
INFO: [ app_end ] --START--
INFO: Run Behavior\ShowPageTraceBehavior [ RunTime:0.000827s ]
INFO: [ app_end ] --END-- [ RunTime:0.000910s ]

[ 2018-05-23T00:31:55+08:00 ] 127.0.0.1 /index.php/Admin/Order/searchOrder?page=1&limit=11
INFO: [ app_init ] --START--
INFO: Run Behavior\BuildLiteBehavior [ RunTime:0.000026s ]
INFO: [ app_init ] --END-- [ RunTime:0.000579s ]
INFO: [ app_begin ] --START--
INFO: Run Behavior\ReadHtmlCacheBehavior [ RunTime:0.000661s ]
INFO: [ app_begin ] --END-- [ RunTime:0.000727s ]
SQL: SHOW COLUMNS FROM `t_order` [ RunTime:0.0413s ]
SQL: SHOW COLUMNS FROM `t_order` [ RunTime:0.0411s ]
SQL: SELECT * FROM `t_order` WHERE `status` = 1 ORDER BY rank desc LIMIT 0,11   [ RunTime:0.0411s ]
SQL: SHOW COLUMNS FROM `t_driver` [ RunTime:0.0413s ]
SQL: SHOW COLUMNS FROM `t_oil` [ RunTime:0.0407s ]
SQL: SELECT `mobile_number` FROM `t_driver` WHERE `id` = 1 LIMIT 1   [ RunTime:0.0404s ]
SQL: SELECT `mobile_number` FROM `t_driver` WHERE `id` = 7 LIMIT 1   [ RunTime:0.0403s ]
SQL: SELECT `mobile_number` FROM `t_driver` WHERE `id` = 4 LIMIT 1   [ RunTime:0.0403s ]
SQL: SELECT `mobile_number` FROM `t_driver` WHERE `id` = 3 LIMIT 1   [ RunTime:0.0403s ]
SQL: SELECT `mobile_number` FROM `t_driver` WHERE `id` = 1 LIMIT 1   [ RunTime:0.0403s ]
SQL: SELECT `mobile_number` FROM `t_driver` WHERE `id` = 2 LIMIT 1   [ RunTime:0.0405s ]
SQL: SELECT `mobile_number` FROM `t_driver` WHERE `id` = 5 LIMIT 1   [ RunTime:0.0404s ]
SQL: SELECT `mobile_number` FROM `t_driver` WHERE `id` = 6 LIMIT 1   [ RunTime:0.0405s ]
SQL: SELECT `name` FROM `t_oil` WHERE `id` = 1 LIMIT 1   [ RunTime:0.0403s ]
SQL: SELECT `name` FROM `t_oil` WHERE `id` = 3 LIMIT 1   [ RunTime:0.0405s ]
SQL: SELECT `name` FROM `t_oil` WHERE `id` = 4 LIMIT 1   [ RunTime:0.0403s ]
SQL: SELECT `name` FROM `t_oil` WHERE `id` = 4 LIMIT 1   [ RunTime:0.0402s ]
SQL: SELECT `name` FROM `t_oil` WHERE `id` = 1 LIMIT 1   [ RunTime:0.0402s ]
SQL: SELECT `name` FROM `t_oil` WHERE `id` = 3 LIMIT 1   [ RunTime:0.0403s ]
SQL: SELECT `name` FROM `t_oil` WHERE `id` = 4 LIMIT 1   [ RunTime:0.0403s ]
SQL: SELECT `name` FROM `t_oil` WHERE `id` = 5 LIMIT 1   [ RunTime:0.0403s ]

[ 2018-05-23T00:32:14+08:00 ] 127.0.0.1 /index.php/Admin/Order/editOrder
INFO: [ app_init ] --START--
INFO: Run Behavior\BuildLiteBehavior [ RunTime:0.000023s ]
INFO: [ app_init ] --END-- [ RunTime:0.000533s ]
INFO: [ app_begin ] --START--
INFO: Run Behavior\ReadHtmlCacheBehavior [ RunTime:0.001676s ]
INFO: [ app_begin ] --END-- [ RunTime:0.001832s ]
SQL: SHOW COLUMNS FROM `t_order` [ RunTime:0.0385s ]
SQL: SHOW COLUMNS FROM `t_order` [ RunTime:0.0384s ]
SQL: SHOW COLUMNS FROM `t_oil` [ RunTime:0.0383s ]
SQL: SHOW COLUMNS FROM `t_driver` [ RunTime:0.0382s ]
SQL: SELECT `rank` FROM `t_order` WHERE `id` = 4 LIMIT 1   [ RunTime:0.0379s ]
SQL: SELECT `rank` FROM `t_order` WHERE `order_status` = 3  [ RunTime:0.0378s ]
SQL: UPDATE `t_order` SET `rank`='2',`order_status`='2',`update_time`='2018-05-23 12:32:14' WHERE `id` = 4 [ RunTime:0.0511s ]
SQL: UPDATE `t_order` SET `update_time`='2018-05-23 12:32:14' WHERE `id` = 4 [ RunTime:0.0435s ]
SQL: SELECT `number` FROM `t_order` WHERE `id` = 4 LIMIT 1   [ RunTime:0.0378s ]
SQL: select t_order.license_plate license_plate, t_order.update_time , t_oil.type oilType, t_oil.name oilName, t_driver.`name`, t_order.status, t_wechat.openid  from t_order LEFT JOIN t_driver on t_driver.id = t_order.driver_id LEFT JOIN t_wechat on t_wechat.id = t_driver.wechat_id LEFT JOIN t_oil on t_oil.id = t_order.oil_id where t_order.id = "4" [ RunTime:0.0381s ]
NOTIC: [2048] Declaration of Admin\Model\LogModel::delete() should be compatible with Think\Model::delete($options = Array) F:\phpStudy\PHPTutorial\WWW\vehicle_order_system\Application\Admin\Model\LogModel.class.php 第 65 行.
SQL: SHOW COLUMNS FROM `t_log` [ RunTime:0.0385s ]
SQL: SHOW COLUMNS FROM `t_log` [ RunTime:0.0382s ]
SQL: INSERT INTO `t_log` (`log`,`create_time`,`username`) VALUES ('修改单号：“20180516094523564447”的信息','2018-05-23 12:32:14','admin') [ RunTime:0.0377s ]
INFO: [ app_end ] --START--
INFO: Run Behavior\ShowPageTraceBehavior [ RunTime:0.000672s ]
INFO: [ app_end ] --END-- [ RunTime:0.000724s ]

[ 2018-05-23T00:32:16+08:00 ] 127.0.0.1 /index.php/Admin/Index/toOrderManage.html
INFO: [ app_init ] --START--
INFO: Run Behavior\BuildLiteBehavior [ RunTime:0.000026s ]
INFO: [ app_init ] --END-- [ RunTime:0.000556s ]
INFO: [ app_begin ] --START--
INFO: Run Behavior\ReadHtmlCacheBehavior [ RunTime:0.000792s ]
INFO: [ app_begin ] --END-- [ RunTime:0.000874s ]
SQL: SHOW COLUMNS FROM `t_order` [ RunTime:0.0384s ]
SQL: SELECT d.license_plate FROM t_driver d left JOIN t_order o ON d.id=o.driver_id  where order_status is null and  d.`status` = 1 [ RunTime:0.0379s ]
SQL: SHOW COLUMNS FROM `t_oil` [ RunTime:0.0380s ]
SQL: SELECT `name` FROM `t_oil` WHERE `status` = 1  [ RunTime:0.0374s ]
SQL: SHOW COLUMNS FROM `t_role` [ RunTime:0.0383s ]
SQL: SHOW COLUMNS FROM `t_manager` [ RunTime:0.0380s ]
SQL: SHOW COLUMNS FROM `t_role` [ RunTime:0.0383s ]
SQL: SELECT `role_id` FROM `t_manager` WHERE `username` = 'admin' LIMIT 1   [ RunTime:0.0380s ]
SQL: SELECT * FROM `t_role` WHERE `id` = 1  [ RunTime:0.0378s ]
INFO: [ view_parse ] --START--
INFO: [ template_filter ] --START--
INFO: Run Behavior\ContentReplaceBehavior [ RunTime:0.000187s ]
INFO: [ template_filter ] --END-- [ RunTime:0.000430s ]
NOTIC: [8] Use of undefined constant manage_driver - assumed 'manage_driver' F:\phpStudy\PHPTutorial\WWW\vehicle_order_system\Application\Runtime\Cache\Admin\ea2be46e20e33e15b6c7f2f0a7a91ffd.php 第 15 行.
NOTIC: [8] Use of undefined constant manage_oil - assumed 'manage_oil' F:\phpStudy\PHPTutorial\WWW\vehicle_order_system\Application\Runtime\Cache\Admin\ea2be46e20e33e15b6c7f2f0a7a91ffd.php 第 22 行.
NOTIC: [8] Use of undefined constant manage_order - assumed 'manage_order' F:\phpStudy\PHPTutorial\WWW\vehicle_order_system\Application\Runtime\Cache\Admin\ea2be46e20e33e15b6c7f2f0a7a91ffd.php 第 30 行.
NOTIC: [8] Use of undefined constant manage_data - assumed 'manage_data' F:\phpStudy\PHPTutorial\WWW\vehicle_order_system\Application\Runtime\Cache\Admin\ea2be46e20e33e15b6c7f2f0a7a91ffd.php 第 38 行.
NOTIC: [8] Use of undefined constant manage_notice - assumed 'manage_notice' F:\phpStudy\PHPTutorial\WWW\vehicle_order_system\Application\Runtime\Cache\Admin\ea2be46e20e33e15b6c7f2f0a7a91ffd.php 第 45 行.
NOTIC: [8] Use of undefined constant manage_role - assumed 'manage_role' F:\phpStudy\PHPTutorial\WWW\vehicle_order_system\Application\Runtime\Cache\Admin\ea2be46e20e33e15b6c7f2f0a7a91ffd.php 第 52 行.
NOTIC: [8] Use of undefined constant manage_log - assumed 'manage_log' F:\phpStudy\PHPTutorial\WWW\vehicle_order_system\Application\Runtime\Cache\Admin\ea2be46e20e33e15b6c7f2f0a7a91ffd.php 第 60 行.
INFO: Run Behavior\ParseTemplateBehavior [ RunTime:0.015614s ]
INFO: [ view_parse ] --END-- [ RunTime:0.015687s ]
INFO: [ view_filter ] --START--
INFO: Run Behavior\WriteHtmlCacheBehavior [ RunTime:0.000906s ]
INFO: [ view_filter ] --END-- [ RunTime:0.000981s ]
INFO: [ app_end ] --START--
INFO: Run Behavior\ShowPageTraceBehavior [ RunTime:0.000530s ]
INFO: [ app_end ] --END-- [ RunTime:0.000578s ]

[ 2018-05-23T00:32:18+08:00 ] 127.0.0.1 /index.php/Admin/Order/searchOrder?page=1&limit=11
INFO: [ app_init ] --START--
INFO: Run Behavior\BuildLiteBehavior [ RunTime:0.000059s ]
INFO: [ app_init ] --END-- [ RunTime:0.001280s ]
INFO: [ app_begin ] --START--
INFO: Run Behavior\ReadHtmlCacheBehavior [ RunTime:0.000794s ]
INFO: [ app_begin ] --END-- [ RunTime:0.000876s ]
SQL: SHOW COLUMNS FROM `t_order` [ RunTime:0.0385s ]
SQL: SHOW COLUMNS FROM `t_order` [ RunTime:0.0386s ]
SQL: SELECT * FROM `t_order` WHERE `status` = 1 ORDER BY rank desc LIMIT 0,11   [ RunTime:0.0384s ]
SQL: SHOW COLUMNS FROM `t_driver` [ RunTime:0.0390s ]
SQL: SHOW COLUMNS FROM `t_oil` [ RunTime:0.0385s ]
SQL: SELECT `mobile_number` FROM `t_driver` WHERE `id` = 7 LIMIT 1   [ RunTime:0.0378s ]
SQL: SELECT `mobile_number` FROM `t_driver` WHERE `id` = 1 LIMIT 1   [ RunTime:0.0376s ]
SQL: SELECT `mobile_number` FROM `t_driver` WHERE `id` = 4 LIMIT 1   [ RunTime:0.0378s ]
SQL: SELECT `mobile_number` FROM `t_driver` WHERE `id` = 3 LIMIT 1   [ RunTime:0.0377s ]
SQL: SELECT `mobile_number` FROM `t_driver` WHERE `id` = 1 LIMIT 1   [ RunTime:0.0379s ]
SQL: SELECT `mobile_number` FROM `t_driver` WHERE `id` = 2 LIMIT 1   [ RunTime:0.0376s ]
SQL: SELECT `mobile_number` FROM `t_driver` WHERE `id` = 5 LIMIT 1   [ RunTime:0.0377s ]
SQL: SELECT `mobile_number` FROM `t_driver` WHERE `id` = 6 LIMIT 1   [ RunTime:0.0379s ]
SQL: SELECT `name` FROM `t_oil` WHERE `id` = 3 LIMIT 1   [ RunTime:0.0377s ]
SQL: SELECT `name` FROM `t_oil` WHERE `id` = 1 LIMIT 1   [ RunTime:0.0377s ]
SQL: SELECT `name` FROM `t_oil` WHERE `id` = 4 LIMIT 1   [ RunTime:0.0377s ]
SQL: SELECT `name` FROM `t_oil` WHERE `id` = 4 LIMIT 1   [ RunTime:0.0379s ]
SQL: SELECT `name` FROM `t_oil` WHERE `id` = 1 LIMIT 1   [ RunTime:0.0376s ]
SQL: SELECT `name` FROM `t_oil` WHERE `id` = 3 LIMIT 1   [ RunTime:0.0378s ]
SQL: SELECT `name` FROM `t_oil` WHERE `id` = 4 LIMIT 1   [ RunTime:0.0377s ]
SQL: SELECT `name` FROM `t_oil` WHERE `id` = 5 LIMIT 1   [ RunTime:0.0378s ]

[ 2018-05-23T00:34:26+08:00 ] 127.0.0.1 /index.php/Admin/Order/editOrder
INFO: [ app_init ] --START--
INFO: Run Behavior\BuildLiteBehavior [ RunTime:0.000015s ]
INFO: [ app_init ] --END-- [ RunTime:0.000461s ]
INFO: [ app_begin ] --START--
INFO: Run Behavior\ReadHtmlCacheBehavior [ RunTime:0.000762s ]
INFO: [ app_begin ] --END-- [ RunTime:0.000814s ]
SQL: SHOW COLUMNS FROM `t_order` [ RunTime:0.0387s ]
SQL: SHOW COLUMNS FROM `t_order` [ RunTime:0.0385s ]
SQL: SHOW COLUMNS FROM `t_oil` [ RunTime:0.0382s ]
SQL: SHOW COLUMNS FROM `t_driver` [ RunTime:0.0382s ]
SQL: SELECT `rank` FROM `t_order` WHERE `id` = 3 LIMIT 1   [ RunTime:0.0379s ]
SQL: SELECT `rank` FROM `t_order` WHERE `order_status` = 3  [ RunTime:0.0378s ]
INFO: [ app_end ] --START--
INFO: Run Behavior\ShowPageTraceBehavior [ RunTime:0.000684s ]
INFO: [ app_end ] --END-- [ RunTime:0.000724s ]

[ 2018-05-23T00:34:28+08:00 ] 127.0.0.1 /index.php/Admin/Index/toOrderManage.html
INFO: [ app_init ] --START--
INFO: Run Behavior\BuildLiteBehavior [ RunTime:0.000022s ]
INFO: [ app_init ] --END-- [ RunTime:0.000560s ]
INFO: [ app_begin ] --START--
INFO: Run Behavior\ReadHtmlCacheBehavior [ RunTime:0.000712s ]
INFO: [ app_begin ] --END-- [ RunTime:0.000786s ]
SQL: SHOW COLUMNS FROM `t_order` [ RunTime:0.0384s ]
SQL: SELECT d.license_plate FROM t_driver d left JOIN t_order o ON d.id=o.driver_id  where order_status is null and  d.`status` = 1 [ RunTime:0.0377s ]
SQL: SHOW COLUMNS FROM `t_oil` [ RunTime:0.0383s ]
SQL: SELECT `name` FROM `t_oil` WHERE `status` = 1  [ RunTime:0.0376s ]
SQL: SHOW COLUMNS FROM `t_role` [ RunTime:0.0385s ]
SQL: SHOW COLUMNS FROM `t_manager` [ RunTime:0.0380s ]
SQL: SHOW COLUMNS FROM `t_role` [ RunTime:0.0384s ]
SQL: SELECT `role_id` FROM `t_manager` WHERE `username` = 'admin' LIMIT 1   [ RunTime:0.0377s ]
SQL: SELECT * FROM `t_role` WHERE `id` = 1  [ RunTime:0.0379s ]
INFO: [ view_parse ] --START--
INFO: [ template_filter ] --START--
INFO: Run Behavior\ContentReplaceBehavior [ RunTime:0.000078s ]
INFO: [ template_filter ] --END-- [ RunTime:0.000152s ]
NOTIC: [8] Use of undefined constant manage_driver - assumed 'manage_driver' F:\phpStudy\PHPTutorial\WWW\vehicle_order_system\Application\Runtime\Cache\Admin\ea2be46e20e33e15b6c7f2f0a7a91ffd.php 第 15 行.
NOTIC: [8] Use of undefined constant manage_oil - assumed 'manage_oil' F:\phpStudy\PHPTutorial\WWW\vehicle_order_system\Application\Runtime\Cache\Admin\ea2be46e20e33e15b6c7f2f0a7a91ffd.php 第 22 行.
NOTIC: [8] Use of undefined constant manage_order - assumed 'manage_order' F:\phpStudy\PHPTutorial\WWW\vehicle_order_system\Application\Runtime\Cache\Admin\ea2be46e20e33e15b6c7f2f0a7a91ffd.php 第 30 行.
NOTIC: [8] Use of undefined constant manage_data - assumed 'manage_data' F:\phpStudy\PHPTutorial\WWW\vehicle_order_system\Application\Runtime\Cache\Admin\ea2be46e20e33e15b6c7f2f0a7a91ffd.php 第 38 行.
NOTIC: [8] Use of undefined constant manage_notice - assumed 'manage_notice' F:\phpStudy\PHPTutorial\WWW\vehicle_order_system\Application\Runtime\Cache\Admin\ea2be46e20e33e15b6c7f2f0a7a91ffd.php 第 45 行.
NOTIC: [8] Use of undefined constant manage_role - assumed 'manage_role' F:\phpStudy\PHPTutorial\WWW\vehicle_order_system\Application\Runtime\Cache\Admin\ea2be46e20e33e15b6c7f2f0a7a91ffd.php 第 52 行.
NOTIC: [8] Use of undefined constant manage_log - assumed 'manage_log' F:\phpStudy\PHPTutorial\WWW\vehicle_order_system\Application\Runtime\Cache\Admin\ea2be46e20e33e15b6c7f2f0a7a91ffd.php 第 60 行.
INFO: Run Behavior\ParseTemplateBehavior [ RunTime:0.011619s ]
INFO: [ view_parse ] --END-- [ RunTime:0.011678s ]
INFO: [ view_filter ] --START--
INFO: Run Behavior\WriteHtmlCacheBehavior [ RunTime:0.000414s ]
INFO: [ view_filter ] --END-- [ RunTime:0.000445s ]
INFO: [ app_end ] --START--
INFO: Run Behavior\ShowPageTraceBehavior [ RunTime:0.000451s ]
INFO: [ app_end ] --END-- [ RunTime:0.000488s ]

[ 2018-05-23T00:34:30+08:00 ] 127.0.0.1 /index.php/Admin/Order/searchOrder?page=1&limit=11
INFO: [ app_init ] --START--
INFO: Run Behavior\BuildLiteBehavior [ RunTime:0.000025s ]
INFO: [ app_init ] --END-- [ RunTime:0.000565s ]
INFO: [ app_begin ] --START--
INFO: Run Behavior\ReadHtmlCacheBehavior [ RunTime:0.001212s ]
INFO: [ app_begin ] --END-- [ RunTime:0.001362s ]
SQL: SHOW COLUMNS FROM `t_order` [ RunTime:0.0376s ]
SQL: SHOW COLUMNS FROM `t_order` [ RunTime:0.0375s ]
SQL: SELECT * FROM `t_order` WHERE `status` = 1 ORDER BY rank desc LIMIT 0,11   [ RunTime:0.0373s ]
SQL: SHOW COLUMNS FROM `t_driver` [ RunTime:0.0376s ]
SQL: SHOW COLUMNS FROM `t_oil` [ RunTime:0.0379s ]
SQL: SELECT `mobile_number` FROM `t_driver` WHERE `id` = 7 LIMIT 1   [ RunTime:0.0369s ]
SQL: SELECT `mobile_number` FROM `t_driver` WHERE `id` = 1 LIMIT 1   [ RunTime:0.0370s ]
SQL: SELECT `mobile_number` FROM `t_driver` WHERE `id` = 4 LIMIT 1   [ RunTime:0.0369s ]
SQL: SELECT `mobile_number` FROM `t_driver` WHERE `id` = 3 LIMIT 1   [ RunTime:0.0367s ]
SQL: SELECT `mobile_number` FROM `t_driver` WHERE `id` = 1 LIMIT 1   [ RunTime:0.0369s ]
SQL: SELECT `mobile_number` FROM `t_driver` WHERE `id` = 2 LIMIT 1   [ RunTime:0.0368s ]
SQL: SELECT `mobile_number` FROM `t_driver` WHERE `id` = 5 LIMIT 1   [ RunTime:0.0371s ]
SQL: SELECT `mobile_number` FROM `t_driver` WHERE `id` = 6 LIMIT 1   [ RunTime:0.0369s ]
SQL: SELECT `name` FROM `t_oil` WHERE `id` = 3 LIMIT 1   [ RunTime:0.0368s ]
SQL: SELECT `name` FROM `t_oil` WHERE `id` = 1 LIMIT 1   [ RunTime:0.0369s ]
SQL: SELECT `name` FROM `t_oil` WHERE `id` = 4 LIMIT 1   [ RunTime:0.0368s ]
SQL: SELECT `name` FROM `t_oil` WHERE `id` = 4 LIMIT 1   [ RunTime:0.0368s ]
SQL: SELECT `name` FROM `t_oil` WHERE `id` = 1 LIMIT 1   [ RunTime:0.0368s ]
SQL: SELECT `name` FROM `t_oil` WHERE `id` = 3 LIMIT 1   [ RunTime:0.0369s ]
SQL: SELECT `name` FROM `t_oil` WHERE `id` = 4 LIMIT 1   [ RunTime:0.0368s ]
SQL: SELECT `name` FROM `t_oil` WHERE `id` = 5 LIMIT 1   [ RunTime:0.0370s ]

