[ 2018-05-16T08:10:53+08:00 ] 127.0.0.1 /Admin/Index/toDriverManage
INFO: [ app_init ] --START--
INFO: Run Behavior\BuildLiteBehavior [ RunTime:0.000023s ]
INFO: [ app_init ] --END-- [ RunTime:0.000571s ]
INFO: [ app_begin ] --START--
INFO: Run Behavior\ReadHtmlCacheBehavior [ RunTime:0.001404s ]
INFO: [ app_begin ] --END-- [ RunTime:0.001786s ]
INFO: [ view_parse ] --START--
INFO: [ template_filter ] --START--
INFO: Run Behavior\ContentReplaceBehavior [ RunTime:0.000048s ]
INFO: [ template_filter ] --END-- [ RunTime:0.000114s ]
INFO: Run Behavior\ParseTemplateBehavior [ RunTime:0.009383s ]
INFO: [ view_parse ] --END-- [ RunTime:0.009453s ]
INFO: [ view_filter ] --START--
INFO: Run Behavior\WriteHtmlCacheBehavior [ RunTime:0.000506s ]
INFO: [ view_filter ] --END-- [ RunTime:0.000581s ]
INFO: [ app_end ] --START--
INFO: Run Behavior\ShowPageTraceBehavior [ RunTime:0.005860s ]
INFO: [ app_end ] --END-- [ RunTime:0.005963s ]

[ 2018-05-16T08:10:54+08:00 ] 127.0.0.1 /Admin/Index/login
INFO: [ app_init ] --START--
INFO: Run Behavior\BuildLiteBehavior [ RunTime:0.000024s ]
INFO: [ app_init ] --END-- [ RunTime:0.000440s ]
INFO: [ app_begin ] --START--
INFO: Run Behavior\ReadHtmlCacheBehavior [ RunTime:0.000474s ]
INFO: [ app_begin ] --END-- [ RunTime:0.000510s ]
NOTIC: [8] A session had already been started - ignoring session_start() F:\phpStudy\PHPTutorial\WWW\vehicle_order_system\Application\Admin\Controller\IndexController.class.php 第 23 行.
SQL: SHOW COLUMNS FROM `t_manager` [ RunTime:0.0378s ]
SQL: SHOW COLUMNS FROM `t_manager` [ RunTime:0.0172s ]
SQL: SELECT COUNT(*) AS tp_count FROM `t_manager` WHERE `username` = 'admin' AND `password` = '202cb962ac59075b964b07152d234b70' LIMIT 1   [ RunTime:0.0005s ]

[ 2018-05-16T08:10:56+08:00 ] 127.0.0.1 /Admin/Index/index
INFO: [ app_init ] --START--
INFO: Run Behavior\BuildLiteBehavior [ RunTime:0.000019s ]
INFO: [ app_init ] --END-- [ RunTime:0.000358s ]
INFO: [ app_begin ] --START--
INFO: Run Behavior\ReadHtmlCacheBehavior [ RunTime:0.000487s ]
INFO: [ app_begin ] --END-- [ RunTime:0.000530s ]
SQL: SHOW COLUMNS FROM `t_role` [ RunTime:0.0009s ]
SQL: SHOW COLUMNS FROM `t_manager` [ RunTime:0.0005s ]
SQL: SHOW COLUMNS FROM `t_role` [ RunTime:0.0004s ]
SQL: SELECT `role_id` FROM `t_manager` WHERE `username` = 'admin' LIMIT 1   [ RunTime:0.0002s ]
SQL: SELECT * FROM `t_role` WHERE `id` = 1  [ RunTime:0.0003s ]
INFO: [ view_parse ] --START--
INFO: [ template_filter ] --START--
INFO: Run Behavior\ContentReplaceBehavior [ RunTime:0.000084s ]
INFO: [ template_filter ] --END-- [ RunTime:0.000155s ]
NOTIC: [8] Use of undefined constant manage_driver - assumed 'manage_driver' F:\phpStudy\PHPTutorial\WWW\vehicle_order_system\Application\Runtime\Cache\Admin\ef29ec0c66890ab486b558007289e3f0.php 第 16 行.
NOTIC: [8] Use of undefined constant manage_oil - assumed 'manage_oil' F:\phpStudy\PHPTutorial\WWW\vehicle_order_system\Application\Runtime\Cache\Admin\ef29ec0c66890ab486b558007289e3f0.php 第 23 行.
NOTIC: [8] Use of undefined constant manage_order - assumed 'manage_order' F:\phpStudy\PHPTutorial\WWW\vehicle_order_system\Application\Runtime\Cache\Admin\ef29ec0c66890ab486b558007289e3f0.php 第 31 行.
NOTIC: [8] Use of undefined constant manage_data - assumed 'manage_data' F:\phpStudy\PHPTutorial\WWW\vehicle_order_system\Application\Runtime\Cache\Admin\ef29ec0c66890ab486b558007289e3f0.php 第 39 行.
NOTIC: [8] Use of undefined constant manage_notice - assumed 'manage_notice' F:\phpStudy\PHPTutorial\WWW\vehicle_order_system\Application\Runtime\Cache\Admin\ef29ec0c66890ab486b558007289e3f0.php 第 46 行.
NOTIC: [8] Use of undefined constant manage_role - assumed 'manage_role' F:\phpStudy\PHPTutorial\WWW\vehicle_order_system\Application\Runtime\Cache\Admin\ef29ec0c66890ab486b558007289e3f0.php 第 53 行.
NOTIC: [8] Use of undefined constant manage_log - assumed 'manage_log' F:\phpStudy\PHPTutorial\WWW\vehicle_order_system\Application\Runtime\Cache\Admin\ef29ec0c66890ab486b558007289e3f0.php 第 61 行.
INFO: Run Behavior\ParseTemplateBehavior [ RunTime:0.063880s ]
INFO: [ view_parse ] --END-- [ RunTime:0.063922s ]
INFO: [ view_filter ] --START--
INFO: Run Behavior\WriteHtmlCacheBehavior [ RunTime:0.000238s ]
INFO: [ view_filter ] --END-- [ RunTime:0.000266s ]
INFO: [ app_end ] --START--
INFO: Run Behavior\ShowPageTraceBehavior [ RunTime:0.000451s ]
INFO: [ app_end ] --END-- [ RunTime:0.000483s ]

[ 2018-05-16T08:10:58+08:00 ] 127.0.0.1 /Admin/Index/toOilManage
INFO: [ app_init ] --START--
INFO: Run Behavior\BuildLiteBehavior [ RunTime:0.000023s ]
INFO: [ app_init ] --END-- [ RunTime:0.000469s ]
INFO: [ app_begin ] --START--
INFO: Run Behavior\ReadHtmlCacheBehavior [ RunTime:0.000617s ]
INFO: [ app_begin ] --END-- [ RunTime:0.000662s ]
SQL: SHOW COLUMNS FROM `t_role` [ RunTime:0.0046s ]
SQL: SHOW COLUMNS FROM `t_manager` [ RunTime:0.0018s ]
SQL: SHOW COLUMNS FROM `t_role` [ RunTime:0.0004s ]
SQL: SELECT `role_id` FROM `t_manager` WHERE `username` = 'admin' LIMIT 1   [ RunTime:0.0002s ]
SQL: SELECT * FROM `t_role` WHERE `id` = 1  [ RunTime:0.0002s ]
INFO: [ view_parse ] --START--
INFO: [ template_filter ] --START--
INFO: Run Behavior\ContentReplaceBehavior [ RunTime:0.000045s ]
INFO: [ template_filter ] --END-- [ RunTime:0.000089s ]
NOTIC: [8] Use of undefined constant manage_driver - assumed 'manage_driver' F:\phpStudy\PHPTutorial\WWW\vehicle_order_system\Application\Runtime\Cache\Admin\2dad54d1ff94159deb9b63f1a47883c6.php 第 17 行.
NOTIC: [8] Use of undefined constant manage_oil - assumed 'manage_oil' F:\phpStudy\PHPTutorial\WWW\vehicle_order_system\Application\Runtime\Cache\Admin\2dad54d1ff94159deb9b63f1a47883c6.php 第 24 行.
NOTIC: [8] Use of undefined constant manage_order - assumed 'manage_order' F:\phpStudy\PHPTutorial\WWW\vehicle_order_system\Application\Runtime\Cache\Admin\2dad54d1ff94159deb9b63f1a47883c6.php 第 32 行.
NOTIC: [8] Use of undefined constant manage_data - assumed 'manage_data' F:\phpStudy\PHPTutorial\WWW\vehicle_order_system\Application\Runtime\Cache\Admin\2dad54d1ff94159deb9b63f1a47883c6.php 第 40 行.
NOTIC: [8] Use of undefined constant manage_notice - assumed 'manage_notice' F:\phpStudy\PHPTutorial\WWW\vehicle_order_system\Application\Runtime\Cache\Admin\2dad54d1ff94159deb9b63f1a47883c6.php 第 47 行.
NOTIC: [8] Use of undefined constant manage_role - assumed 'manage_role' F:\phpStudy\PHPTutorial\WWW\vehicle_order_system\Application\Runtime\Cache\Admin\2dad54d1ff94159deb9b63f1a47883c6.php 第 54 行.
NOTIC: [8] Use of undefined constant manage_log - assumed 'manage_log' F:\phpStudy\PHPTutorial\WWW\vehicle_order_system\Application\Runtime\Cache\Admin\2dad54d1ff94159deb9b63f1a47883c6.php 第 62 行.
INFO: Run Behavior\ParseTemplateBehavior [ RunTime:0.009927s ]
INFO: [ view_parse ] --END-- [ RunTime:0.009994s ]
INFO: [ view_filter ] --START--
INFO: Run Behavior\WriteHtmlCacheBehavior [ RunTime:0.001432s ]
INFO: [ view_filter ] --END-- [ RunTime:0.001533s ]
INFO: [ app_end ] --START--
INFO: Run Behavior\ShowPageTraceBehavior [ RunTime:0.001234s ]
INFO: [ app_end ] --END-- [ RunTime:0.001291s ]

[ 2018-05-16T08:10:59+08:00 ] 127.0.0.1 /Admin/Oil/searchOil?page=1&limit=8
INFO: [ app_init ] --START--
INFO: Run Behavior\BuildLiteBehavior [ RunTime:0.000020s ]
INFO: [ app_init ] --END-- [ RunTime:0.000491s ]
INFO: [ app_begin ] --START--
INFO: Run Behavior\ReadHtmlCacheBehavior [ RunTime:0.000791s ]
INFO: [ app_begin ] --END-- [ RunTime:0.000865s ]
SQL: SHOW COLUMNS FROM `t_oil` [ RunTime:0.0051s ]
SQL: SHOW COLUMNS FROM `t_oil` [ RunTime:0.0010s ]
SQL: SELECT * FROM `t_oil` WHERE `number` LIKE '%%' AND `status` = 1 ORDER BY id desc LIMIT 0,8   [ RunTime:0.0005s ]

[ 2018-05-16T19:27:15+08:00 ] 127.0.0.1 /Admin/Index/toDriverManage
INFO: [ app_init ] --START--
INFO: Run Behavior\BuildLiteBehavior [ RunTime:0.000017s ]
INFO: [ app_init ] --END-- [ RunTime:0.000514s ]
INFO: [ app_begin ] --START--
INFO: Run Behavior\ReadHtmlCacheBehavior [ RunTime:0.000668s ]
INFO: [ app_begin ] --END-- [ RunTime:0.000716s ]
SQL: SHOW COLUMNS FROM `t_role` [ RunTime:0.0010s ]
SQL: SHOW COLUMNS FROM `t_manager` [ RunTime:0.0005s ]
SQL: SHOW COLUMNS FROM `t_role` [ RunTime:0.0004s ]
SQL: SELECT `role_id` FROM `t_manager` WHERE `username` = 'admin' LIMIT 1   [ RunTime:0.0003s ]
SQL: SELECT * FROM `t_role` WHERE `id` = 1  [ RunTime:0.0003s ]
INFO: [ view_parse ] --START--
INFO: [ template_filter ] --START--
INFO: Run Behavior\ContentReplaceBehavior [ RunTime:0.000059s ]
INFO: [ template_filter ] --END-- [ RunTime:0.000112s ]
NOTIC: [8] Use of undefined constant manage_driver - assumed 'manage_driver' F:\phpStudy\PHPTutorial\WWW\vehicle_order_system\Application\Runtime\Cache\Admin\ab96bdfb6fdb6c0ade16599a10606765.php 第 15 行.
NOTIC: [8] Use of undefined constant manage_oil - assumed 'manage_oil' F:\phpStudy\PHPTutorial\WWW\vehicle_order_system\Application\Runtime\Cache\Admin\ab96bdfb6fdb6c0ade16599a10606765.php 第 22 行.
NOTIC: [8] Use of undefined constant manage_order - assumed 'manage_order' F:\phpStudy\PHPTutorial\WWW\vehicle_order_system\Application\Runtime\Cache\Admin\ab96bdfb6fdb6c0ade16599a10606765.php 第 30 行.
NOTIC: [8] Use of undefined constant manage_data - assumed 'manage_data' F:\phpStudy\PHPTutorial\WWW\vehicle_order_system\Application\Runtime\Cache\Admin\ab96bdfb6fdb6c0ade16599a10606765.php 第 39 行.
NOTIC: [8] Use of undefined constant manage_notice - assumed 'manage_notice' F:\phpStudy\PHPTutorial\WWW\vehicle_order_system\Application\Runtime\Cache\Admin\ab96bdfb6fdb6c0ade16599a10606765.php 第 46 行.
NOTIC: [8] Use of undefined constant manage_role - assumed 'manage_role' F:\phpStudy\PHPTutorial\WWW\vehicle_order_system\Application\Runtime\Cache\Admin\ab96bdfb6fdb6c0ade16599a10606765.php 第 53 行.
NOTIC: [8] Use of undefined constant manage_log - assumed 'manage_log' F:\phpStudy\PHPTutorial\WWW\vehicle_order_system\Application\Runtime\Cache\Admin\ab96bdfb6fdb6c0ade16599a10606765.php 第 61 行.
NOTIC: [8] Undefined variable: orderMessage F:\phpStudy\PHPTutorial\WWW\vehicle_order_system\Application\Runtime\Cache\Admin\ab96bdfb6fdb6c0ade16599a10606765.php 第 110 行.
INFO: Run Behavior\ParseTemplateBehavior [ RunTime:0.054663s ]
INFO: [ view_parse ] --END-- [ RunTime:0.054748s ]
INFO: [ view_filter ] --START--
INFO: Run Behavior\WriteHtmlCacheBehavior [ RunTime:0.000619s ]
INFO: [ view_filter ] --END-- [ RunTime:0.000678s ]
INFO: [ app_end ] --START--
INFO: Run Behavior\ShowPageTraceBehavior [ RunTime:0.001036s ]
INFO: [ app_end ] --END-- [ RunTime:0.001101s ]

[ 2018-05-16T19:27:15+08:00 ] 127.0.0.1 /Admin/driver/searchDriver?page=1&limit=11
INFO: [ app_init ] --START--
INFO: Run Behavior\BuildLiteBehavior [ RunTime:0.000023s ]
INFO: [ app_init ] --END-- [ RunTime:0.000550s ]
INFO: [ app_begin ] --START--
INFO: Run Behavior\ReadHtmlCacheBehavior [ RunTime:0.000785s ]
INFO: [ app_begin ] --END-- [ RunTime:0.000856s ]
SQL: SHOW COLUMNS FROM `t_driver` [ RunTime:0.0020s ]
SQL: SHOW COLUMNS FROM `t_driver` [ RunTime:0.0006s ]
SQL: SHOW COLUMNS FROM `t_wechat` [ RunTime:0.0019s ]
SQL: SELECT * FROM `t_driver` WHERE `mobile_number` LIKE '%%' AND `status` = 1 ORDER BY id desc LIMIT 0,11   [ RunTime:0.0004s ]
SQL: SELECT * FROM `t_wechat` WHERE `id` = 2  [ RunTime:0.0004s ]
SQL: SELECT * FROM `t_wechat` WHERE `id` = 1  [ RunTime:0.0003s ]

[ 2018-05-16T19:28:09+08:00 ] 127.0.0.1 /Admin/Index/toDriverManage
INFO: [ app_init ] --START--
INFO: Run Behavior\BuildLiteBehavior [ RunTime:0.000027s ]
INFO: [ app_init ] --END-- [ RunTime:0.000623s ]
INFO: [ app_begin ] --START--
INFO: Run Behavior\ReadHtmlCacheBehavior [ RunTime:0.000760s ]
INFO: [ app_begin ] --END-- [ RunTime:0.000843s ]
SQL: SHOW COLUMNS FROM `t_role` [ RunTime:0.0007s ]
SQL: SHOW COLUMNS FROM `t_manager` [ RunTime:0.0005s ]
SQL: SHOW COLUMNS FROM `t_role` [ RunTime:0.0005s ]
SQL: SELECT `role_id` FROM `t_manager` WHERE `username` = 'admin' LIMIT 1   [ RunTime:0.0003s ]
SQL: SELECT * FROM `t_role` WHERE `id` = 1  [ RunTime:0.0002s ]
INFO: [ view_parse ] --START--
INFO: [ template_filter ] --START--
INFO: Run Behavior\ContentReplaceBehavior [ RunTime:0.000050s ]
INFO: [ template_filter ] --END-- [ RunTime:0.000090s ]
NOTIC: [8] Use of undefined constant manage_driver - assumed 'manage_driver' F:\phpStudy\PHPTutorial\WWW\vehicle_order_system\Application\Runtime\Cache\Admin\ab96bdfb6fdb6c0ade16599a10606765.php 第 15 行.
NOTIC: [8] Use of undefined constant manage_oil - assumed 'manage_oil' F:\phpStudy\PHPTutorial\WWW\vehicle_order_system\Application\Runtime\Cache\Admin\ab96bdfb6fdb6c0ade16599a10606765.php 第 22 行.
NOTIC: [8] Use of undefined constant manage_order - assumed 'manage_order' F:\phpStudy\PHPTutorial\WWW\vehicle_order_system\Application\Runtime\Cache\Admin\ab96bdfb6fdb6c0ade16599a10606765.php 第 30 行.
NOTIC: [8] Use of undefined constant manage_data - assumed 'manage_data' F:\phpStudy\PHPTutorial\WWW\vehicle_order_system\Application\Runtime\Cache\Admin\ab96bdfb6fdb6c0ade16599a10606765.php 第 39 行.
NOTIC: [8] Use of undefined constant manage_notice - assumed 'manage_notice' F:\phpStudy\PHPTutorial\WWW\vehicle_order_system\Application\Runtime\Cache\Admin\ab96bdfb6fdb6c0ade16599a10606765.php 第 46 行.
NOTIC: [8] Use of undefined constant manage_role - assumed 'manage_role' F:\phpStudy\PHPTutorial\WWW\vehicle_order_system\Application\Runtime\Cache\Admin\ab96bdfb6fdb6c0ade16599a10606765.php 第 53 行.
NOTIC: [8] Use of undefined constant manage_log - assumed 'manage_log' F:\phpStudy\PHPTutorial\WWW\vehicle_order_system\Application\Runtime\Cache\Admin\ab96bdfb6fdb6c0ade16599a10606765.php 第 61 行.
NOTIC: [8] Undefined variable: orderMessage F:\phpStudy\PHPTutorial\WWW\vehicle_order_system\Application\Runtime\Cache\Admin\ab96bdfb6fdb6c0ade16599a10606765.php 第 110 行.
INFO: Run Behavior\ParseTemplateBehavior [ RunTime:0.010476s ]
INFO: [ view_parse ] --END-- [ RunTime:0.010525s ]
INFO: [ view_filter ] --START--
INFO: Run Behavior\WriteHtmlCacheBehavior [ RunTime:0.000324s ]
INFO: [ view_filter ] --END-- [ RunTime:0.000360s ]
INFO: [ app_end ] --START--
INFO: Run Behavior\ShowPageTraceBehavior [ RunTime:0.000781s ]
INFO: [ app_end ] --END-- [ RunTime:0.000824s ]

[ 2018-05-16T19:28:10+08:00 ] 127.0.0.1 /Admin/driver/searchDriver?page=1&limit=11
INFO: [ app_init ] --START--
INFO: Run Behavior\BuildLiteBehavior [ RunTime:0.000015s ]
INFO: [ app_init ] --END-- [ RunTime:0.000352s ]
INFO: [ app_begin ] --START--
INFO: Run Behavior\ReadHtmlCacheBehavior [ RunTime:0.000510s ]
INFO: [ app_begin ] --END-- [ RunTime:0.000555s ]
SQL: SHOW COLUMNS FROM `t_driver` [ RunTime:0.0025s ]
SQL: SHOW COLUMNS FROM `t_driver` [ RunTime:0.0013s ]
SQL: SHOW COLUMNS FROM `t_wechat` [ RunTime:0.0030s ]
SQL: SELECT * FROM `t_driver` WHERE `mobile_number` LIKE '%%' AND `status` = 1 ORDER BY id desc LIMIT 0,11   [ RunTime:0.0007s ]
SQL: SELECT * FROM `t_wechat` WHERE `id` = 2  [ RunTime:0.0007s ]
SQL: SELECT * FROM `t_wechat` WHERE `id` = 1  [ RunTime:0.0003s ]

[ 2018-05-16T19:28:13+08:00 ] 127.0.0.1 /Admin/Index/toDriverManage
INFO: [ app_init ] --START--
INFO: Run Behavior\BuildLiteBehavior [ RunTime:0.000012s ]
INFO: [ app_init ] --END-- [ RunTime:0.000306s ]
INFO: [ app_begin ] --START--
INFO: Run Behavior\ReadHtmlCacheBehavior [ RunTime:0.000435s ]
INFO: [ app_begin ] --END-- [ RunTime:0.000473s ]
SQL: SHOW COLUMNS FROM `t_role` [ RunTime:0.0007s ]
SQL: SHOW COLUMNS FROM `t_manager` [ RunTime:0.0005s ]
SQL: SHOW COLUMNS FROM `t_role` [ RunTime:0.0005s ]
SQL: SELECT `role_id` FROM `t_manager` WHERE `username` = 'admin' LIMIT 1   [ RunTime:0.0002s ]
SQL: SELECT * FROM `t_role` WHERE `id` = 1  [ RunTime:0.0002s ]
INFO: [ view_parse ] --START--
INFO: [ template_filter ] --START--
INFO: Run Behavior\ContentReplaceBehavior [ RunTime:0.000062s ]
INFO: [ template_filter ] --END-- [ RunTime:0.000113s ]
NOTIC: [8] Use of undefined constant manage_driver - assumed 'manage_driver' F:\phpStudy\PHPTutorial\WWW\vehicle_order_system\Application\Runtime\Cache\Admin\ab96bdfb6fdb6c0ade16599a10606765.php 第 15 行.
NOTIC: [8] Use of undefined constant manage_oil - assumed 'manage_oil' F:\phpStudy\PHPTutorial\WWW\vehicle_order_system\Application\Runtime\Cache\Admin\ab96bdfb6fdb6c0ade16599a10606765.php 第 22 行.
NOTIC: [8] Use of undefined constant manage_order - assumed 'manage_order' F:\phpStudy\PHPTutorial\WWW\vehicle_order_system\Application\Runtime\Cache\Admin\ab96bdfb6fdb6c0ade16599a10606765.php 第 30 行.
NOTIC: [8] Use of undefined constant manage_data - assumed 'manage_data' F:\phpStudy\PHPTutorial\WWW\vehicle_order_system\Application\Runtime\Cache\Admin\ab96bdfb6fdb6c0ade16599a10606765.php 第 39 行.
NOTIC: [8] Use of undefined constant manage_notice - assumed 'manage_notice' F:\phpStudy\PHPTutorial\WWW\vehicle_order_system\Application\Runtime\Cache\Admin\ab96bdfb6fdb6c0ade16599a10606765.php 第 46 行.
NOTIC: [8] Use of undefined constant manage_role - assumed 'manage_role' F:\phpStudy\PHPTutorial\WWW\vehicle_order_system\Application\Runtime\Cache\Admin\ab96bdfb6fdb6c0ade16599a10606765.php 第 53 行.
NOTIC: [8] Use of undefined constant manage_log - assumed 'manage_log' F:\phpStudy\PHPTutorial\WWW\vehicle_order_system\Application\Runtime\Cache\Admin\ab96bdfb6fdb6c0ade16599a10606765.php 第 61 行.
NOTIC: [8] Undefined variable: orderMessage F:\phpStudy\PHPTutorial\WWW\vehicle_order_system\Application\Runtime\Cache\Admin\ab96bdfb6fdb6c0ade16599a10606765.php 第 110 行.
INFO: Run Behavior\ParseTemplateBehavior [ RunTime:0.009912s ]
INFO: [ view_parse ] --END-- [ RunTime:0.009969s ]
INFO: [ view_filter ] --START--
INFO: Run Behavior\WriteHtmlCacheBehavior [ RunTime:0.000398s ]
INFO: [ view_filter ] --END-- [ RunTime:0.000436s ]
INFO: [ app_end ] --START--
INFO: Run Behavior\ShowPageTraceBehavior [ RunTime:0.000757s ]
INFO: [ app_end ] --END-- [ RunTime:0.000835s ]

[ 2018-05-16T19:28:14+08:00 ] 127.0.0.1 /Admin/driver/searchDriver?page=1&limit=11
INFO: [ app_init ] --START--
INFO: Run Behavior\BuildLiteBehavior [ RunTime:0.000024s ]
INFO: [ app_init ] --END-- [ RunTime:0.001100s ]
INFO: [ app_begin ] --START--
INFO: Run Behavior\ReadHtmlCacheBehavior [ RunTime:0.001060s ]
INFO: [ app_begin ] --END-- [ RunTime:0.001136s ]
SQL: SHOW COLUMNS FROM `t_driver` [ RunTime:0.0025s ]
SQL: SHOW COLUMNS FROM `t_driver` [ RunTime:0.0005s ]
SQL: SHOW COLUMNS FROM `t_wechat` [ RunTime:0.0015s ]
SQL: SELECT * FROM `t_driver` WHERE `mobile_number` LIKE '%%' AND `status` = 1 ORDER BY id desc LIMIT 0,11   [ RunTime:0.0002s ]
SQL: SELECT * FROM `t_wechat` WHERE `id` = 2  [ RunTime:0.0002s ]
SQL: SELECT * FROM `t_wechat` WHERE `id` = 1  [ RunTime:0.0001s ]

[ 2018-05-16T19:28:19+08:00 ] 127.0.0.1 /Admin/Index/toDriverManage
INFO: [ app_init ] --START--
INFO: Run Behavior\BuildLiteBehavior [ RunTime:0.000014s ]
INFO: [ app_init ] --END-- [ RunTime:0.000355s ]
INFO: [ app_begin ] --START--
INFO: Run Behavior\ReadHtmlCacheBehavior [ RunTime:0.000590s ]
INFO: [ app_begin ] --END-- [ RunTime:0.000631s ]
SQL: SHOW COLUMNS FROM `t_role` [ RunTime:0.0039s ]
SQL: SHOW COLUMNS FROM `t_manager` [ RunTime:0.0024s ]
SQL: SHOW COLUMNS FROM `t_role` [ RunTime:0.0007s ]
SQL: SELECT `role_id` FROM `t_manager` WHERE `username` = 'admin' LIMIT 1   [ RunTime:0.0002s ]
SQL: SELECT * FROM `t_role` WHERE `id` = 1  [ RunTime:0.0002s ]
INFO: [ view_parse ] --START--
INFO: [ template_filter ] --START--
INFO: Run Behavior\ContentReplaceBehavior [ RunTime:0.000049s ]
INFO: [ template_filter ] --END-- [ RunTime:0.000090s ]
NOTIC: [8] Use of undefined constant manage_driver - assumed 'manage_driver' F:\phpStudy\PHPTutorial\WWW\vehicle_order_system\Application\Runtime\Cache\Admin\ab96bdfb6fdb6c0ade16599a10606765.php 第 15 行.
NOTIC: [8] Use of undefined constant manage_oil - assumed 'manage_oil' F:\phpStudy\PHPTutorial\WWW\vehicle_order_system\Application\Runtime\Cache\Admin\ab96bdfb6fdb6c0ade16599a10606765.php 第 22 行.
NOTIC: [8] Use of undefined constant manage_order - assumed 'manage_order' F:\phpStudy\PHPTutorial\WWW\vehicle_order_system\Application\Runtime\Cache\Admin\ab96bdfb6fdb6c0ade16599a10606765.php 第 30 行.
NOTIC: [8] Use of undefined constant manage_data - assumed 'manage_data' F:\phpStudy\PHPTutorial\WWW\vehicle_order_system\Application\Runtime\Cache\Admin\ab96bdfb6fdb6c0ade16599a10606765.php 第 39 行.
NOTIC: [8] Use of undefined constant manage_notice - assumed 'manage_notice' F:\phpStudy\PHPTutorial\WWW\vehicle_order_system\Application\Runtime\Cache\Admin\ab96bdfb6fdb6c0ade16599a10606765.php 第 46 行.
NOTIC: [8] Use of undefined constant manage_role - assumed 'manage_role' F:\phpStudy\PHPTutorial\WWW\vehicle_order_system\Application\Runtime\Cache\Admin\ab96bdfb6fdb6c0ade16599a10606765.php 第 53 行.
NOTIC: [8] Use of undefined constant manage_log - assumed 'manage_log' F:\phpStudy\PHPTutorial\WWW\vehicle_order_system\Application\Runtime\Cache\Admin\ab96bdfb6fdb6c0ade16599a10606765.php 第 61 行.
NOTIC: [8] Undefined variable: orderMessage F:\phpStudy\PHPTutorial\WWW\vehicle_order_system\Application\Runtime\Cache\Admin\ab96bdfb6fdb6c0ade16599a10606765.php 第 110 行.
INFO: Run Behavior\ParseTemplateBehavior [ RunTime:0.010643s ]
INFO: [ view_parse ] --END-- [ RunTime:0.010702s ]
INFO: [ view_filter ] --START--
INFO: Run Behavior\WriteHtmlCacheBehavior [ RunTime:0.000458s ]
INFO: [ view_filter ] --END-- [ RunTime:0.000524s ]
INFO: [ app_end ] --START--
INFO: Run Behavior\ShowPageTraceBehavior [ RunTime:0.000558s ]
INFO: [ app_end ] --END-- [ RunTime:0.000591s ]

[ 2018-05-16T19:28:20+08:00 ] 127.0.0.1 /Admin/Index/toDriverManage
INFO: [ app_init ] --START--
INFO: Run Behavior\BuildLiteBehavior [ RunTime:0.000022s ]
INFO: [ app_init ] --END-- [ RunTime:0.000558s ]
INFO: [ app_begin ] --START--
INFO: Run Behavior\ReadHtmlCacheBehavior [ RunTime:0.000968s ]
INFO: [ app_begin ] --END-- [ RunTime:0.001047s ]
SQL: SHOW COLUMNS FROM `t_role` [ RunTime:0.0025s ]
SQL: SHOW COLUMNS FROM `t_manager` [ RunTime:0.0045s ]
SQL: SHOW COLUMNS FROM `t_role` [ RunTime:0.0006s ]
SQL: SELECT `role_id` FROM `t_manager` WHERE `username` = 'admin' LIMIT 1   [ RunTime:0.0002s ]
SQL: SELECT * FROM `t_role` WHERE `id` = 1  [ RunTime:0.0003s ]
INFO: [ view_parse ] --START--
INFO: [ template_filter ] --START--
INFO: Run Behavior\ContentReplaceBehavior [ RunTime:0.000082s ]
INFO: [ template_filter ] --END-- [ RunTime:0.000152s ]
NOTIC: [8] Use of undefined constant manage_driver - assumed 'manage_driver' F:\phpStudy\PHPTutorial\WWW\vehicle_order_system\Application\Runtime\Cache\Admin\ab96bdfb6fdb6c0ade16599a10606765.php 第 15 行.
NOTIC: [8] Use of undefined constant manage_oil - assumed 'manage_oil' F:\phpStudy\PHPTutorial\WWW\vehicle_order_system\Application\Runtime\Cache\Admin\ab96bdfb6fdb6c0ade16599a10606765.php 第 22 行.
NOTIC: [8] Use of undefined constant manage_order - assumed 'manage_order' F:\phpStudy\PHPTutorial\WWW\vehicle_order_system\Application\Runtime\Cache\Admin\ab96bdfb6fdb6c0ade16599a10606765.php 第 30 行.
NOTIC: [8] Use of undefined constant manage_data - assumed 'manage_data' F:\phpStudy\PHPTutorial\WWW\vehicle_order_system\Application\Runtime\Cache\Admin\ab96bdfb6fdb6c0ade16599a10606765.php 第 39 行.
NOTIC: [8] Use of undefined constant manage_notice - assumed 'manage_notice' F:\phpStudy\PHPTutorial\WWW\vehicle_order_system\Application\Runtime\Cache\Admin\ab96bdfb6fdb6c0ade16599a10606765.php 第 46 行.
NOTIC: [8] Use of undefined constant manage_role - assumed 'manage_role' F:\phpStudy\PHPTutorial\WWW\vehicle_order_system\Application\Runtime\Cache\Admin\ab96bdfb6fdb6c0ade16599a10606765.php 第 53 行.
NOTIC: [8] Use of undefined constant manage_log - assumed 'manage_log' F:\phpStudy\PHPTutorial\WWW\vehicle_order_system\Application\Runtime\Cache\Admin\ab96bdfb6fdb6c0ade16599a10606765.php 第 61 行.
NOTIC: [8] Undefined variable: orderMessage F:\phpStudy\PHPTutorial\WWW\vehicle_order_system\Application\Runtime\Cache\Admin\ab96bdfb6fdb6c0ade16599a10606765.php 第 110 行.
INFO: Run Behavior\ParseTemplateBehavior [ RunTime:0.013862s ]
INFO: [ view_parse ] --END-- [ RunTime:0.013928s ]
INFO: [ view_filter ] --START--
INFO: Run Behavior\WriteHtmlCacheBehavior [ RunTime:0.000424s ]
INFO: [ view_filter ] --END-- [ RunTime:0.000461s ]
INFO: [ app_end ] --START--
INFO: Run Behavior\ShowPageTraceBehavior [ RunTime:0.000752s ]
INFO: [ app_end ] --END-- [ RunTime:0.000806s ]

[ 2018-05-16T19:28:20+08:00 ] 127.0.0.1 /Admin/Index/toDriverManage
INFO: [ app_init ] --START--
INFO: Run Behavior\BuildLiteBehavior [ RunTime:0.000023s ]
INFO: [ app_init ] --END-- [ RunTime:0.000522s ]
INFO: [ app_begin ] --START--
INFO: Run Behavior\ReadHtmlCacheBehavior [ RunTime:0.000762s ]
INFO: [ app_begin ] --END-- [ RunTime:0.000832s ]
SQL: SHOW COLUMNS FROM `t_role` [ RunTime:0.0037s ]
SQL: SHOW COLUMNS FROM `t_manager` [ RunTime:0.0022s ]
SQL: SHOW COLUMNS FROM `t_role` [ RunTime:0.0006s ]
SQL: SELECT `role_id` FROM `t_manager` WHERE `username` = 'admin' LIMIT 1   [ RunTime:0.0002s ]
SQL: SELECT * FROM `t_role` WHERE `id` = 1  [ RunTime:0.0002s ]
INFO: [ view_parse ] --START--
INFO: [ template_filter ] --START--
INFO: Run Behavior\ContentReplaceBehavior [ RunTime:0.000082s ]
INFO: [ template_filter ] --END-- [ RunTime:0.000154s ]
NOTIC: [8] Use of undefined constant manage_driver - assumed 'manage_driver' F:\phpStudy\PHPTutorial\WWW\vehicle_order_system\Application\Runtime\Cache\Admin\ab96bdfb6fdb6c0ade16599a10606765.php 第 15 行.
NOTIC: [8] Use of undefined constant manage_oil - assumed 'manage_oil' F:\phpStudy\PHPTutorial\WWW\vehicle_order_system\Application\Runtime\Cache\Admin\ab96bdfb6fdb6c0ade16599a10606765.php 第 22 行.
NOTIC: [8] Use of undefined constant manage_order - assumed 'manage_order' F:\phpStudy\PHPTutorial\WWW\vehicle_order_system\Application\Runtime\Cache\Admin\ab96bdfb6fdb6c0ade16599a10606765.php 第 30 行.
NOTIC: [8] Use of undefined constant manage_data - assumed 'manage_data' F:\phpStudy\PHPTutorial\WWW\vehicle_order_system\Application\Runtime\Cache\Admin\ab96bdfb6fdb6c0ade16599a10606765.php 第 39 行.
NOTIC: [8] Use of undefined constant manage_notice - assumed 'manage_notice' F:\phpStudy\PHPTutorial\WWW\vehicle_order_system\Application\Runtime\Cache\Admin\ab96bdfb6fdb6c0ade16599a10606765.php 第 46 行.
NOTIC: [8] Use of undefined constant manage_role - assumed 'manage_role' F:\phpStudy\PHPTutorial\WWW\vehicle_order_system\Application\Runtime\Cache\Admin\ab96bdfb6fdb6c0ade16599a10606765.php 第 53 行.
NOTIC: [8] Use of undefined constant manage_log - assumed 'manage_log' F:\phpStudy\PHPTutorial\WWW\vehicle_order_system\Application\Runtime\Cache\Admin\ab96bdfb6fdb6c0ade16599a10606765.php 第 61 行.
NOTIC: [8] Undefined variable: orderMessage F:\phpStudy\PHPTutorial\WWW\vehicle_order_system\Application\Runtime\Cache\Admin\ab96bdfb6fdb6c0ade16599a10606765.php 第 110 行.
INFO: Run Behavior\ParseTemplateBehavior [ RunTime:0.014343s ]
INFO: [ view_parse ] --END-- [ RunTime:0.014407s ]
INFO: [ view_filter ] --START--
INFO: Run Behavior\WriteHtmlCacheBehavior [ RunTime:0.000330s ]
INFO: [ view_filter ] --END-- [ RunTime:0.000379s ]
INFO: [ app_end ] --START--
INFO: Run Behavior\ShowPageTraceBehavior [ RunTime:0.000752s ]
INFO: [ app_end ] --END-- [ RunTime:0.000807s ]

[ 2018-05-16T19:28:20+08:00 ] 127.0.0.1 /Admin/driver/searchDriver?page=1&limit=11
INFO: [ app_init ] --START--
INFO: Run Behavior\BuildLiteBehavior [ RunTime:0.000021s ]
INFO: [ app_init ] --END-- [ RunTime:0.000492s ]
INFO: [ app_begin ] --START--
INFO: Run Behavior\ReadHtmlCacheBehavior [ RunTime:0.000757s ]
INFO: [ app_begin ] --END-- [ RunTime:0.000826s ]
SQL: SHOW COLUMNS FROM `t_driver` [ RunTime:0.0040s ]
SQL: SHOW COLUMNS FROM `t_driver` [ RunTime:0.0010s ]
SQL: SHOW COLUMNS FROM `t_wechat` [ RunTime:0.0028s ]
SQL: SELECT * FROM `t_driver` WHERE `mobile_number` LIKE '%%' AND `status` = 1 ORDER BY id desc LIMIT 0,11   [ RunTime:0.0005s ]
SQL: SELECT * FROM `t_wechat` WHERE `id` = 2  [ RunTime:0.0008s ]
SQL: SELECT * FROM `t_wechat` WHERE `id` = 1  [ RunTime:0.0012s ]

[ 2018-05-16T19:28:37+08:00 ] 127.0.0.1 /Admin/Index/toOrderManage
INFO: [ app_init ] --START--
INFO: Run Behavior\BuildLiteBehavior [ RunTime:0.000013s ]
INFO: [ app_init ] --END-- [ RunTime:0.000386s ]
INFO: [ app_begin ] --START--
INFO: Run Behavior\ReadHtmlCacheBehavior [ RunTime:0.000593s ]
INFO: [ app_begin ] --END-- [ RunTime:0.000634s ]
SQL: SHOW COLUMNS FROM `t_order` [ RunTime:0.0019s ]
SQL: SELECT * FROM t_driver d left JOIN t_order o ON d.id=o.driver_id  where order_status is null and  d.`status` = 1 [ RunTime:0.0089s ]
SQL: SHOW COLUMNS FROM `t_oil` [ RunTime:0.0005s ]
SQL: SELECT `name` FROM `t_oil` WHERE `status` = 1  [ RunTime:0.0002s ]
SQL: SHOW COLUMNS FROM `t_role` [ RunTime:0.0005s ]
SQL: SHOW COLUMNS FROM `t_manager` [ RunTime:0.0005s ]
SQL: SHOW COLUMNS FROM `t_role` [ RunTime:0.0005s ]
SQL: SELECT `role_id` FROM `t_manager` WHERE `username` = 'admin' LIMIT 1   [ RunTime:0.0002s ]
SQL: SELECT * FROM `t_role` WHERE `id` = 1  [ RunTime:0.0002s ]
INFO: [ view_parse ] --START--
INFO: [ template_filter ] --START--
INFO: Run Behavior\ContentReplaceBehavior [ RunTime:0.000085s ]
INFO: [ template_filter ] --END-- [ RunTime:0.000200s ]
NOTIC: [8] Use of undefined constant manage_driver - assumed 'manage_driver' F:\phpStudy\PHPTutorial\WWW\vehicle_order_system\Application\Runtime\Cache\Admin\ea2be46e20e33e15b6c7f2f0a7a91ffd.php 第 15 行.
NOTIC: [8] Use of undefined constant manage_oil - assumed 'manage_oil' F:\phpStudy\PHPTutorial\WWW\vehicle_order_system\Application\Runtime\Cache\Admin\ea2be46e20e33e15b6c7f2f0a7a91ffd.php 第 22 行.
NOTIC: [8] Use of undefined constant manage_order - assumed 'manage_order' F:\phpStudy\PHPTutorial\WWW\vehicle_order_system\Application\Runtime\Cache\Admin\ea2be46e20e33e15b6c7f2f0a7a91ffd.php 第 30 行.
NOTIC: [8] Use of undefined constant manage_data - assumed 'manage_data' F:\phpStudy\PHPTutorial\WWW\vehicle_order_system\Application\Runtime\Cache\Admin\ea2be46e20e33e15b6c7f2f0a7a91ffd.php 第 39 行.
NOTIC: [8] Use of undefined constant manage_notice - assumed 'manage_notice' F:\phpStudy\PHPTutorial\WWW\vehicle_order_system\Application\Runtime\Cache\Admin\ea2be46e20e33e15b6c7f2f0a7a91ffd.php 第 46 行.
NOTIC: [8] Use of undefined constant manage_role - assumed 'manage_role' F:\phpStudy\PHPTutorial\WWW\vehicle_order_system\Application\Runtime\Cache\Admin\ea2be46e20e33e15b6c7f2f0a7a91ffd.php 第 53 行.
NOTIC: [8] Use of undefined constant manage_log - assumed 'manage_log' F:\phpStudy\PHPTutorial\WWW\vehicle_order_system\Application\Runtime\Cache\Admin\ea2be46e20e33e15b6c7f2f0a7a91ffd.php 第 61 行.
INFO: Run Behavior\ParseTemplateBehavior [ RunTime:0.030988s ]
INFO: [ view_parse ] --END-- [ RunTime:0.031041s ]
INFO: [ view_filter ] --START--
INFO: Run Behavior\WriteHtmlCacheBehavior [ RunTime:0.000365s ]
INFO: [ view_filter ] --END-- [ RunTime:0.000395s ]
INFO: [ app_end ] --START--
INFO: Run Behavior\ShowPageTraceBehavior [ RunTime:0.000553s ]
INFO: [ app_end ] --END-- [ RunTime:0.000586s ]

[ 2018-05-16T19:28:38+08:00 ] 127.0.0.1 /Admin/Order/searchOrder?page=1&limit=11
INFO: [ app_init ] --START--
INFO: Run Behavior\BuildLiteBehavior [ RunTime:0.000024s ]
INFO: [ app_init ] --END-- [ RunTime:0.000617s ]
INFO: [ app_begin ] --START--
INFO: Run Behavior\ReadHtmlCacheBehavior [ RunTime:0.001128s ]
INFO: [ app_begin ] --END-- [ RunTime:0.001271s ]
SQL: SHOW COLUMNS FROM `t_order` [ RunTime:0.0015s ]
SQL: SHOW COLUMNS FROM `t_order` [ RunTime:0.0004s ]
SQL: SELECT * FROM `t_order` WHERE `status` = 1 ORDER BY id desc LIMIT 0,11   [ RunTime:0.0002s ]
SQL: SHOW COLUMNS FROM `t_driver` [ RunTime:0.0018s ]
SQL: SHOW COLUMNS FROM `t_oil` [ RunTime:0.0006s ]
SQL: SELECT `number` FROM `t_driver` WHERE `id` = 2 LIMIT 1   [ RunTime:0.0002s ]
SQL: SELECT `number` FROM `t_driver` WHERE `id` = 1 LIMIT 1   [ RunTime:0.0001s ]
SQL: SELECT `name` FROM `t_oil` WHERE `id` = 3 LIMIT 1   [ RunTime:0.0001s ]
SQL: SELECT `name` FROM `t_oil` WHERE `id` = 1 LIMIT 1   [ RunTime:0.0001s ]

[ 2018-05-16T19:28:48+08:00 ] 127.0.0.1 /Admin/Index/toDriverManage
INFO: [ app_init ] --START--
INFO: Run Behavior\BuildLiteBehavior [ RunTime:0.000013s ]
INFO: [ app_init ] --END-- [ RunTime:0.000321s ]
INFO: [ app_begin ] --START--
INFO: Run Behavior\ReadHtmlCacheBehavior [ RunTime:0.000458s ]
INFO: [ app_begin ] --END-- [ RunTime:0.000497s ]
SQL: SHOW COLUMNS FROM `t_role` [ RunTime:0.0005s ]
SQL: SHOW COLUMNS FROM `t_manager` [ RunTime:0.0004s ]
SQL: SHOW COLUMNS FROM `t_role` [ RunTime:0.0005s ]
SQL: SELECT `role_id` FROM `t_manager` WHERE `username` = 'admin' LIMIT 1   [ RunTime:0.0002s ]
SQL: SELECT * FROM `t_role` WHERE `id` = 1  [ RunTime:0.0007s ]
INFO: [ view_parse ] --START--
INFO: [ template_filter ] --START--
INFO: Run Behavior\ContentReplaceBehavior [ RunTime:0.000050s ]
INFO: [ template_filter ] --END-- [ RunTime:0.000096s ]
NOTIC: [8] Use of undefined constant manage_driver - assumed 'manage_driver' F:\phpStudy\PHPTutorial\WWW\vehicle_order_system\Application\Runtime\Cache\Admin\ab96bdfb6fdb6c0ade16599a10606765.php 第 15 行.
NOTIC: [8] Use of undefined constant manage_oil - assumed 'manage_oil' F:\phpStudy\PHPTutorial\WWW\vehicle_order_system\Application\Runtime\Cache\Admin\ab96bdfb6fdb6c0ade16599a10606765.php 第 22 行.
NOTIC: [8] Use of undefined constant manage_order - assumed 'manage_order' F:\phpStudy\PHPTutorial\WWW\vehicle_order_system\Application\Runtime\Cache\Admin\ab96bdfb6fdb6c0ade16599a10606765.php 第 30 行.
NOTIC: [8] Use of undefined constant manage_data - assumed 'manage_data' F:\phpStudy\PHPTutorial\WWW\vehicle_order_system\Application\Runtime\Cache\Admin\ab96bdfb6fdb6c0ade16599a10606765.php 第 39 行.
NOTIC: [8] Use of undefined constant manage_notice - assumed 'manage_notice' F:\phpStudy\PHPTutorial\WWW\vehicle_order_system\Application\Runtime\Cache\Admin\ab96bdfb6fdb6c0ade16599a10606765.php 第 46 行.
NOTIC: [8] Use of undefined constant manage_role - assumed 'manage_role' F:\phpStudy\PHPTutorial\WWW\vehicle_order_system\Application\Runtime\Cache\Admin\ab96bdfb6fdb6c0ade16599a10606765.php 第 53 行.
NOTIC: [8] Use of undefined constant manage_log - assumed 'manage_log' F:\phpStudy\PHPTutorial\WWW\vehicle_order_system\Application\Runtime\Cache\Admin\ab96bdfb6fdb6c0ade16599a10606765.php 第 61 行.
NOTIC: [8] Undefined variable: orderMessage F:\phpStudy\PHPTutorial\WWW\vehicle_order_system\Application\Runtime\Cache\Admin\ab96bdfb6fdb6c0ade16599a10606765.php 第 110 行.
INFO: Run Behavior\ParseTemplateBehavior [ RunTime:0.009834s ]
INFO: [ view_parse ] --END-- [ RunTime:0.009909s ]
INFO: [ view_filter ] --START--
INFO: Run Behavior\WriteHtmlCacheBehavior [ RunTime:0.000225s ]
INFO: [ view_filter ] --END-- [ RunTime:0.000255s ]
INFO: [ app_end ] --START--
INFO: Run Behavior\ShowPageTraceBehavior [ RunTime:0.000622s ]
INFO: [ app_end ] --END-- [ RunTime:0.000660s ]

[ 2018-05-16T19:28:48+08:00 ] 127.0.0.1 /Admin/driver/searchDriver?page=1&limit=11
INFO: [ app_init ] --START--
INFO: Run Behavior\BuildLiteBehavior [ RunTime:0.000019s ]
INFO: [ app_init ] --END-- [ RunTime:0.000457s ]
INFO: [ app_begin ] --START--
INFO: Run Behavior\ReadHtmlCacheBehavior [ RunTime:0.000751s ]
INFO: [ app_begin ] --END-- [ RunTime:0.000819s ]
SQL: SHOW COLUMNS FROM `t_driver` [ RunTime:0.0025s ]
SQL: SHOW COLUMNS FROM `t_driver` [ RunTime:0.0008s ]
SQL: SHOW COLUMNS FROM `t_wechat` [ RunTime:0.0009s ]
SQL: SELECT * FROM `t_driver` WHERE `mobile_number` LIKE '%%' AND `status` = 1 ORDER BY id desc LIMIT 0,11   [ RunTime:0.0004s ]
SQL: SELECT * FROM `t_wechat` WHERE `id` = 2  [ RunTime:0.0004s ]
SQL: SELECT * FROM `t_wechat` WHERE `id` = 1  [ RunTime:0.0004s ]

[ 2018-05-16T19:29:35+08:00 ] 127.0.0.1 /Admin/Index/toDriverManage
INFO: [ app_init ] --START--
INFO: Run Behavior\BuildLiteBehavior [ RunTime:0.000014s ]
INFO: [ app_init ] --END-- [ RunTime:0.000349s ]
INFO: [ app_begin ] --START--
INFO: Run Behavior\ReadHtmlCacheBehavior [ RunTime:0.000623s ]
INFO: [ app_begin ] --END-- [ RunTime:0.000675s ]
SQL: SHOW COLUMNS FROM `t_role` [ RunTime:0.0006s ]
SQL: SHOW COLUMNS FROM `t_manager` [ RunTime:0.0005s ]
SQL: SHOW COLUMNS FROM `t_role` [ RunTime:0.0005s ]
SQL: SELECT `role_id` FROM `t_manager` WHERE `username` = 'admin' LIMIT 1   [ RunTime:0.0002s ]
SQL: SELECT * FROM `t_role` WHERE `id` = 1  [ RunTime:0.0003s ]
INFO: [ view_parse ] --START--
INFO: [ template_filter ] --START--
INFO: Run Behavior\ContentReplaceBehavior [ RunTime:0.000051s ]
INFO: [ template_filter ] --END-- [ RunTime:0.000095s ]
NOTIC: [8] Use of undefined constant manage_driver - assumed 'manage_driver' F:\phpStudy\PHPTutorial\WWW\vehicle_order_system\Application\Runtime\Cache\Admin\ab96bdfb6fdb6c0ade16599a10606765.php 第 15 行.
NOTIC: [8] Use of undefined constant manage_oil - assumed 'manage_oil' F:\phpStudy\PHPTutorial\WWW\vehicle_order_system\Application\Runtime\Cache\Admin\ab96bdfb6fdb6c0ade16599a10606765.php 第 22 行.
NOTIC: [8] Use of undefined constant manage_order - assumed 'manage_order' F:\phpStudy\PHPTutorial\WWW\vehicle_order_system\Application\Runtime\Cache\Admin\ab96bdfb6fdb6c0ade16599a10606765.php 第 30 行.
NOTIC: [8] Use of undefined constant manage_data - assumed 'manage_data' F:\phpStudy\PHPTutorial\WWW\vehicle_order_system\Application\Runtime\Cache\Admin\ab96bdfb6fdb6c0ade16599a10606765.php 第 39 行.
NOTIC: [8] Use of undefined constant manage_notice - assumed 'manage_notice' F:\phpStudy\PHPTutorial\WWW\vehicle_order_system\Application\Runtime\Cache\Admin\ab96bdfb6fdb6c0ade16599a10606765.php 第 46 行.
NOTIC: [8] Use of undefined constant manage_role - assumed 'manage_role' F:\phpStudy\PHPTutorial\WWW\vehicle_order_system\Application\Runtime\Cache\Admin\ab96bdfb6fdb6c0ade16599a10606765.php 第 53 行.
NOTIC: [8] Use of undefined constant manage_log - assumed 'manage_log' F:\phpStudy\PHPTutorial\WWW\vehicle_order_system\Application\Runtime\Cache\Admin\ab96bdfb6fdb6c0ade16599a10606765.php 第 61 行.
NOTIC: [8] Undefined variable: orderMessage F:\phpStudy\PHPTutorial\WWW\vehicle_order_system\Application\Runtime\Cache\Admin\ab96bdfb6fdb6c0ade16599a10606765.php 第 110 行.
INFO: Run Behavior\ParseTemplateBehavior [ RunTime:0.010815s ]
INFO: [ view_parse ] --END-- [ RunTime:0.010863s ]
INFO: [ view_filter ] --START--
INFO: Run Behavior\WriteHtmlCacheBehavior [ RunTime:0.000483s ]
INFO: [ view_filter ] --END-- [ RunTime:0.000527s ]
INFO: [ app_end ] --START--
INFO: Run Behavior\ShowPageTraceBehavior [ RunTime:0.000922s ]
INFO: [ app_end ] --END-- [ RunTime:0.000976s ]

[ 2018-05-16T19:29:36+08:00 ] 127.0.0.1 /Admin/driver/searchDriver?page=1&limit=11
INFO: [ app_init ] --START--
INFO: Run Behavior\BuildLiteBehavior [ RunTime:0.000021s ]
INFO: [ app_init ] --END-- [ RunTime:0.000486s ]
INFO: [ app_begin ] --START--
INFO: Run Behavior\ReadHtmlCacheBehavior [ RunTime:0.000484s ]
INFO: [ app_begin ] --END-- [ RunTime:0.000525s ]
SQL: SHOW COLUMNS FROM `t_driver` [ RunTime:0.0006s ]
SQL: SHOW COLUMNS FROM `t_driver` [ RunTime:0.0008s ]
SQL: SHOW COLUMNS FROM `t_wechat` [ RunTime:0.0012s ]
SQL: SELECT * FROM `t_driver` WHERE `mobile_number` LIKE '%%' AND `status` = 1 ORDER BY id desc LIMIT 0,11   [ RunTime:0.0005s ]
SQL: SELECT * FROM `t_wechat` WHERE `id` = 2  [ RunTime:0.0004s ]
SQL: SELECT * FROM `t_wechat` WHERE `id` = 1  [ RunTime:0.0004s ]

[ 2018-05-16T19:29:37+08:00 ] 127.0.0.1 /Admin/Index/toDriverManage
INFO: [ app_init ] --START--
INFO: Run Behavior\BuildLiteBehavior [ RunTime:0.000013s ]
INFO: [ app_init ] --END-- [ RunTime:0.000329s ]
INFO: [ app_begin ] --START--
INFO: Run Behavior\ReadHtmlCacheBehavior [ RunTime:0.000454s ]
INFO: [ app_begin ] --END-- [ RunTime:0.000493s ]
SQL: SHOW COLUMNS FROM `t_role` [ RunTime:0.0006s ]
SQL: SHOW COLUMNS FROM `t_manager` [ RunTime:0.0004s ]
SQL: SHOW COLUMNS FROM `t_role` [ RunTime:0.0005s ]
SQL: SELECT `role_id` FROM `t_manager` WHERE `username` = 'admin' LIMIT 1   [ RunTime:0.0002s ]
SQL: SELECT * FROM `t_role` WHERE `id` = 1  [ RunTime:0.0003s ]
INFO: [ view_parse ] --START--
INFO: [ template_filter ] --START--
INFO: Run Behavior\ContentReplaceBehavior [ RunTime:0.000050s ]
INFO: [ template_filter ] --END-- [ RunTime:0.000092s ]
NOTIC: [8] Use of undefined constant manage_driver - assumed 'manage_driver' F:\phpStudy\PHPTutorial\WWW\vehicle_order_system\Application\Runtime\Cache\Admin\ab96bdfb6fdb6c0ade16599a10606765.php 第 15 行.
NOTIC: [8] Use of undefined constant manage_oil - assumed 'manage_oil' F:\phpStudy\PHPTutorial\WWW\vehicle_order_system\Application\Runtime\Cache\Admin\ab96bdfb6fdb6c0ade16599a10606765.php 第 22 行.
NOTIC: [8] Use of undefined constant manage_order - assumed 'manage_order' F:\phpStudy\PHPTutorial\WWW\vehicle_order_system\Application\Runtime\Cache\Admin\ab96bdfb6fdb6c0ade16599a10606765.php 第 30 行.
NOTIC: [8] Use of undefined constant manage_data - assumed 'manage_data' F:\phpStudy\PHPTutorial\WWW\vehicle_order_system\Application\Runtime\Cache\Admin\ab96bdfb6fdb6c0ade16599a10606765.php 第 39 行.
NOTIC: [8] Use of undefined constant manage_notice - assumed 'manage_notice' F:\phpStudy\PHPTutorial\WWW\vehicle_order_system\Application\Runtime\Cache\Admin\ab96bdfb6fdb6c0ade16599a10606765.php 第 46 行.
NOTIC: [8] Use of undefined constant manage_role - assumed 'manage_role' F:\phpStudy\PHPTutorial\WWW\vehicle_order_system\Application\Runtime\Cache\Admin\ab96bdfb6fdb6c0ade16599a10606765.php 第 53 行.
NOTIC: [8] Use of undefined constant manage_log - assumed 'manage_log' F:\phpStudy\PHPTutorial\WWW\vehicle_order_system\Application\Runtime\Cache\Admin\ab96bdfb6fdb6c0ade16599a10606765.php 第 61 行.
NOTIC: [8] Undefined variable: orderMessage F:\phpStudy\PHPTutorial\WWW\vehicle_order_system\Application\Runtime\Cache\Admin\ab96bdfb6fdb6c0ade16599a10606765.php 第 110 行.
INFO: Run Behavior\ParseTemplateBehavior [ RunTime:0.009036s ]
INFO: [ view_parse ] --END-- [ RunTime:0.009135s ]
INFO: [ view_filter ] --START--
INFO: Run Behavior\WriteHtmlCacheBehavior [ RunTime:0.000221s ]
INFO: [ view_filter ] --END-- [ RunTime:0.000248s ]
INFO: [ app_end ] --START--
INFO: Run Behavior\ShowPageTraceBehavior [ RunTime:0.000598s ]
INFO: [ app_end ] --END-- [ RunTime:0.000646s ]

[ 2018-05-16T19:29:38+08:00 ] 127.0.0.1 /Admin/driver/searchDriver?page=1&limit=11
INFO: [ app_init ] --START--
INFO: Run Behavior\BuildLiteBehavior [ RunTime:0.000020s ]
INFO: [ app_init ] --END-- [ RunTime:0.000526s ]
INFO: [ app_begin ] --START--
INFO: Run Behavior\ReadHtmlCacheBehavior [ RunTime:0.000712s ]
INFO: [ app_begin ] --END-- [ RunTime:0.000777s ]
SQL: SHOW COLUMNS FROM `t_driver` [ RunTime:0.0008s ]
SQL: SHOW COLUMNS FROM `t_driver` [ RunTime:0.0009s ]
SQL: SHOW COLUMNS FROM `t_wechat` [ RunTime:0.0015s ]
SQL: SELECT * FROM `t_driver` WHERE `mobile_number` LIKE '%%' AND `status` = 1 ORDER BY id desc LIMIT 0,11   [ RunTime:0.0005s ]
SQL: SELECT * FROM `t_wechat` WHERE `id` = 2  [ RunTime:0.0003s ]
SQL: SELECT * FROM `t_wechat` WHERE `id` = 1  [ RunTime:0.0002s ]

[ 2018-05-16T19:29:48+08:00 ] 127.0.0.1 /Admin/Index/toDriverManage
INFO: [ app_init ] --START--
INFO: Run Behavior\BuildLiteBehavior [ RunTime:0.000014s ]
INFO: [ app_init ] --END-- [ RunTime:0.000348s ]
INFO: [ app_begin ] --START--
INFO: Run Behavior\ReadHtmlCacheBehavior [ RunTime:0.000469s ]
INFO: [ app_begin ] --END-- [ RunTime:0.000508s ]
SQL: SHOW COLUMNS FROM `t_role` [ RunTime:0.0006s ]
SQL: SHOW COLUMNS FROM `t_manager` [ RunTime:0.0004s ]
SQL: SHOW COLUMNS FROM `t_role` [ RunTime:0.0005s ]
SQL: SELECT `role_id` FROM `t_manager` WHERE `username` = 'admin' LIMIT 1   [ RunTime:0.0003s ]
SQL: SELECT * FROM `t_role` WHERE `id` = 1  [ RunTime:0.0002s ]
INFO: [ view_parse ] --START--
INFO: [ template_filter ] --START--
INFO: Run Behavior\ContentReplaceBehavior [ RunTime:0.000109s ]
INFO: [ template_filter ] --END-- [ RunTime:0.000229s ]
NOTIC: [8] Use of undefined constant manage_driver - assumed 'manage_driver' F:\phpStudy\PHPTutorial\WWW\vehicle_order_system\Application\Runtime\Cache\Admin\ab96bdfb6fdb6c0ade16599a10606765.php 第 15 行.
NOTIC: [8] Use of undefined constant manage_oil - assumed 'manage_oil' F:\phpStudy\PHPTutorial\WWW\vehicle_order_system\Application\Runtime\Cache\Admin\ab96bdfb6fdb6c0ade16599a10606765.php 第 22 行.
NOTIC: [8] Use of undefined constant manage_order - assumed 'manage_order' F:\phpStudy\PHPTutorial\WWW\vehicle_order_system\Application\Runtime\Cache\Admin\ab96bdfb6fdb6c0ade16599a10606765.php 第 30 行.
NOTIC: [8] Use of undefined constant manage_data - assumed 'manage_data' F:\phpStudy\PHPTutorial\WWW\vehicle_order_system\Application\Runtime\Cache\Admin\ab96bdfb6fdb6c0ade16599a10606765.php 第 39 行.
NOTIC: [8] Use of undefined constant manage_notice - assumed 'manage_notice' F:\phpStudy\PHPTutorial\WWW\vehicle_order_system\Application\Runtime\Cache\Admin\ab96bdfb6fdb6c0ade16599a10606765.php 第 46 行.
NOTIC: [8] Use of undefined constant manage_role - assumed 'manage_role' F:\phpStudy\PHPTutorial\WWW\vehicle_order_system\Application\Runtime\Cache\Admin\ab96bdfb6fdb6c0ade16599a10606765.php 第 53 行.
NOTIC: [8] Use of undefined constant manage_log - assumed 'manage_log' F:\phpStudy\PHPTutorial\WWW\vehicle_order_system\Application\Runtime\Cache\Admin\ab96bdfb6fdb6c0ade16599a10606765.php 第 61 行.
NOTIC: [8] Undefined variable: orderMessage F:\phpStudy\PHPTutorial\WWW\vehicle_order_system\Application\Runtime\Cache\Admin\ab96bdfb6fdb6c0ade16599a10606765.php 第 110 行.
INFO: Run Behavior\ParseTemplateBehavior [ RunTime:0.013243s ]
INFO: [ view_parse ] --END-- [ RunTime:0.013302s ]
INFO: [ view_filter ] --START--
INFO: Run Behavior\WriteHtmlCacheBehavior [ RunTime:0.000628s ]
INFO: [ view_filter ] --END-- [ RunTime:0.000671s ]
INFO: [ app_end ] --START--
INFO: Run Behavior\ShowPageTraceBehavior [ RunTime:0.000693s ]
INFO: [ app_end ] --END-- [ RunTime:0.000730s ]

[ 2018-05-16T19:29:48+08:00 ] 127.0.0.1 /Admin/driver/searchDriver?page=1&limit=11
INFO: [ app_init ] --START--
INFO: Run Behavior\BuildLiteBehavior [ RunTime:0.000022s ]
INFO: [ app_init ] --END-- [ RunTime:0.000535s ]
INFO: [ app_begin ] --START--
INFO: Run Behavior\ReadHtmlCacheBehavior [ RunTime:0.000750s ]
INFO: [ app_begin ] --END-- [ RunTime:0.000824s ]
SQL: SHOW COLUMNS FROM `t_driver` [ RunTime:0.0006s ]
SQL: SHOW COLUMNS FROM `t_driver` [ RunTime:0.0008s ]
SQL: SHOW COLUMNS FROM `t_wechat` [ RunTime:0.0008s ]
SQL: SELECT * FROM `t_driver` WHERE `mobile_number` LIKE '%%' AND `status` = 1 ORDER BY id desc LIMIT 0,11   [ RunTime:0.0005s ]
SQL: SELECT * FROM `t_wechat` WHERE `id` = 2  [ RunTime:0.0004s ]
SQL: SELECT * FROM `t_wechat` WHERE `id` = 1  [ RunTime:0.0005s ]

[ 2018-05-16T19:29:56+08:00 ] 127.0.0.1 /Admin/Index/toDriverManage
INFO: [ app_init ] --START--
INFO: Run Behavior\BuildLiteBehavior [ RunTime:0.000054s ]
INFO: [ app_init ] --END-- [ RunTime:0.001034s ]
INFO: [ app_begin ] --START--
INFO: Run Behavior\ReadHtmlCacheBehavior [ RunTime:0.000759s ]
INFO: [ app_begin ] --END-- [ RunTime:0.000836s ]
SQL: SHOW COLUMNS FROM `t_role` [ RunTime:0.0007s ]
SQL: SHOW COLUMNS FROM `t_manager` [ RunTime:0.0007s ]
SQL: SHOW COLUMNS FROM `t_role` [ RunTime:0.0008s ]
SQL: SELECT `role_id` FROM `t_manager` WHERE `username` = 'admin' LIMIT 1   [ RunTime:0.0007s ]
SQL: SELECT * FROM `t_role` WHERE `id` = 1  [ RunTime:0.0008s ]
INFO: [ view_parse ] --START--
INFO: [ template_filter ] --START--
INFO: Run Behavior\ContentReplaceBehavior [ RunTime:0.000153s ]
INFO: [ template_filter ] --END-- [ RunTime:0.000320s ]
NOTIC: [8] Use of undefined constant manage_driver - assumed 'manage_driver' F:\phpStudy\PHPTutorial\WWW\vehicle_order_system\Application\Runtime\Cache\Admin\ab96bdfb6fdb6c0ade16599a10606765.php 第 15 行.
NOTIC: [8] Use of undefined constant manage_oil - assumed 'manage_oil' F:\phpStudy\PHPTutorial\WWW\vehicle_order_system\Application\Runtime\Cache\Admin\ab96bdfb6fdb6c0ade16599a10606765.php 第 22 行.
NOTIC: [8] Use of undefined constant manage_order - assumed 'manage_order' F:\phpStudy\PHPTutorial\WWW\vehicle_order_system\Application\Runtime\Cache\Admin\ab96bdfb6fdb6c0ade16599a10606765.php 第 30 行.
NOTIC: [8] Use of undefined constant manage_data - assumed 'manage_data' F:\phpStudy\PHPTutorial\WWW\vehicle_order_system\Application\Runtime\Cache\Admin\ab96bdfb6fdb6c0ade16599a10606765.php 第 39 行.
NOTIC: [8] Use of undefined constant manage_notice - assumed 'manage_notice' F:\phpStudy\PHPTutorial\WWW\vehicle_order_system\Application\Runtime\Cache\Admin\ab96bdfb6fdb6c0ade16599a10606765.php 第 46 行.
NOTIC: [8] Use of undefined constant manage_role - assumed 'manage_role' F:\phpStudy\PHPTutorial\WWW\vehicle_order_system\Application\Runtime\Cache\Admin\ab96bdfb6fdb6c0ade16599a10606765.php 第 53 行.
NOTIC: [8] Use of undefined constant manage_log - assumed 'manage_log' F:\phpStudy\PHPTutorial\WWW\vehicle_order_system\Application\Runtime\Cache\Admin\ab96bdfb6fdb6c0ade16599a10606765.php 第 61 行.
NOTIC: [8] Undefined variable: orderMessage F:\phpStudy\PHPTutorial\WWW\vehicle_order_system\Application\Runtime\Cache\Admin\ab96bdfb6fdb6c0ade16599a10606765.php 第 110 行.
INFO: Run Behavior\ParseTemplateBehavior [ RunTime:0.013088s ]
INFO: [ view_parse ] --END-- [ RunTime:0.013152s ]
INFO: [ view_filter ] --START--
INFO: Run Behavior\WriteHtmlCacheBehavior [ RunTime:0.000603s ]
INFO: [ view_filter ] --END-- [ RunTime:0.000650s ]
INFO: [ app_end ] --START--
INFO: Run Behavior\ShowPageTraceBehavior [ RunTime:0.000844s ]
INFO: [ app_end ] --END-- [ RunTime:0.000890s ]

[ 2018-05-16T19:29:56+08:00 ] 127.0.0.1 /Admin/driver/searchDriver?page=1&limit=11
INFO: [ app_init ] --START--
INFO: Run Behavior\BuildLiteBehavior [ RunTime:0.000022s ]
INFO: [ app_init ] --END-- [ RunTime:0.000540s ]
INFO: [ app_begin ] --START--
INFO: Run Behavior\ReadHtmlCacheBehavior [ RunTime:0.001203s ]
INFO: [ app_begin ] --END-- [ RunTime:0.001273s ]
SQL: SHOW COLUMNS FROM `t_driver` [ RunTime:0.0009s ]
SQL: SHOW COLUMNS FROM `t_driver` [ RunTime:0.0007s ]
SQL: SHOW COLUMNS FROM `t_wechat` [ RunTime:0.0008s ]
SQL: SELECT * FROM `t_driver` WHERE `mobile_number` LIKE '%%' AND `status` = 1 ORDER BY id desc LIMIT 0,11   [ RunTime:0.0004s ]
SQL: SELECT * FROM `t_wechat` WHERE `id` = 2  [ RunTime:0.0003s ]
SQL: SELECT * FROM `t_wechat` WHERE `id` = 1  [ RunTime:0.0003s ]

[ 2018-05-16T19:29:59+08:00 ] 127.0.0.1 /Admin/Index/toOilManage
INFO: [ app_init ] --START--
INFO: Run Behavior\BuildLiteBehavior [ RunTime:0.000013s ]
INFO: [ app_init ] --END-- [ RunTime:0.000315s ]
INFO: [ app_begin ] --START--
INFO: Run Behavior\ReadHtmlCacheBehavior [ RunTime:0.000455s ]
INFO: [ app_begin ] --END-- [ RunTime:0.000494s ]
SQL: SHOW COLUMNS FROM `t_role` [ RunTime:0.0006s ]
SQL: SHOW COLUMNS FROM `t_manager` [ RunTime:0.0004s ]
SQL: SHOW COLUMNS FROM `t_role` [ RunTime:0.0004s ]
SQL: SELECT `role_id` FROM `t_manager` WHERE `username` = 'admin' LIMIT 1   [ RunTime:0.0002s ]
SQL: SELECT * FROM `t_role` WHERE `id` = 1  [ RunTime:0.0002s ]
INFO: [ view_parse ] --START--
INFO: [ template_filter ] --START--
INFO: Run Behavior\ContentReplaceBehavior [ RunTime:0.000053s ]
INFO: [ template_filter ] --END-- [ RunTime:0.000105s ]
NOTIC: [8] Use of undefined constant manage_driver - assumed 'manage_driver' F:\phpStudy\PHPTutorial\WWW\vehicle_order_system\Application\Runtime\Cache\Admin\2dad54d1ff94159deb9b63f1a47883c6.php 第 17 行.
NOTIC: [8] Use of undefined constant manage_oil - assumed 'manage_oil' F:\phpStudy\PHPTutorial\WWW\vehicle_order_system\Application\Runtime\Cache\Admin\2dad54d1ff94159deb9b63f1a47883c6.php 第 24 行.
NOTIC: [8] Use of undefined constant manage_order - assumed 'manage_order' F:\phpStudy\PHPTutorial\WWW\vehicle_order_system\Application\Runtime\Cache\Admin\2dad54d1ff94159deb9b63f1a47883c6.php 第 32 行.
NOTIC: [8] Use of undefined constant manage_data - assumed 'manage_data' F:\phpStudy\PHPTutorial\WWW\vehicle_order_system\Application\Runtime\Cache\Admin\2dad54d1ff94159deb9b63f1a47883c6.php 第 40 行.
NOTIC: [8] Use of undefined constant manage_notice - assumed 'manage_notice' F:\phpStudy\PHPTutorial\WWW\vehicle_order_system\Application\Runtime\Cache\Admin\2dad54d1ff94159deb9b63f1a47883c6.php 第 47 行.
NOTIC: [8] Use of undefined constant manage_role - assumed 'manage_role' F:\phpStudy\PHPTutorial\WWW\vehicle_order_system\Application\Runtime\Cache\Admin\2dad54d1ff94159deb9b63f1a47883c6.php 第 54 行.
NOTIC: [8] Use of undefined constant manage_log - assumed 'manage_log' F:\phpStudy\PHPTutorial\WWW\vehicle_order_system\Application\Runtime\Cache\Admin\2dad54d1ff94159deb9b63f1a47883c6.php 第 62 行.
INFO: Run Behavior\ParseTemplateBehavior [ RunTime:0.011643s ]
INFO: [ view_parse ] --END-- [ RunTime:0.011744s ]
INFO: [ view_filter ] --START--
INFO: Run Behavior\WriteHtmlCacheBehavior [ RunTime:0.000471s ]
INFO: [ view_filter ] --END-- [ RunTime:0.000508s ]
INFO: [ app_end ] --START--
INFO: Run Behavior\ShowPageTraceBehavior [ RunTime:0.000693s ]
INFO: [ app_end ] --END-- [ RunTime:0.000733s ]

[ 2018-05-16T19:29:59+08:00 ] 127.0.0.1 /Admin/Oil/searchOil?page=1&limit=8
INFO: [ app_init ] --START--
INFO: Run Behavior\BuildLiteBehavior [ RunTime:0.000023s ]
INFO: [ app_init ] --END-- [ RunTime:0.000508s ]
INFO: [ app_begin ] --START--
INFO: Run Behavior\ReadHtmlCacheBehavior [ RunTime:0.000945s ]
INFO: [ app_begin ] --END-- [ RunTime:0.001125s ]
SQL: SHOW COLUMNS FROM `t_oil` [ RunTime:0.0008s ]
SQL: SHOW COLUMNS FROM `t_oil` [ RunTime:0.0006s ]
SQL: SELECT * FROM `t_oil` WHERE `number` LIKE '%%' AND `status` = 1 ORDER BY id desc LIMIT 0,8   [ RunTime:0.0004s ]

[ 2018-05-16T19:30:03+08:00 ] 127.0.0.1 /Admin/Index/toDataManage
INFO: [ app_init ] --START--
INFO: Run Behavior\BuildLiteBehavior [ RunTime:0.000049s ]
INFO: [ app_init ] --END-- [ RunTime:0.000774s ]
INFO: [ app_begin ] --START--
INFO: Run Behavior\ReadHtmlCacheBehavior [ RunTime:0.001312s ]
INFO: [ app_begin ] --END-- [ RunTime:0.001421s ]
SQL: SHOW COLUMNS FROM `t_role` [ RunTime:0.0007s ]
SQL: SHOW COLUMNS FROM `t_manager` [ RunTime:0.0006s ]
SQL: SHOW COLUMNS FROM `t_role` [ RunTime:0.0012s ]
SQL: SELECT `role_id` FROM `t_manager` WHERE `username` = 'admin' LIMIT 1   [ RunTime:0.0002s ]
SQL: SELECT * FROM `t_role` WHERE `id` = 1  [ RunTime:0.0002s ]
INFO: [ view_parse ] --START--
INFO: [ template_filter ] --START--
INFO: Run Behavior\ContentReplaceBehavior [ RunTime:0.000051s ]
INFO: [ template_filter ] --END-- [ RunTime:0.000119s ]
NOTIC: [8] Use of undefined constant manage_driver - assumed 'manage_driver' F:\phpStudy\PHPTutorial\WWW\vehicle_order_system\Application\Runtime\Cache\Admin\ad9785f13c95c2519eb6c8502847b100.php 第 16 行.
NOTIC: [8] Use of undefined constant manage_oil - assumed 'manage_oil' F:\phpStudy\PHPTutorial\WWW\vehicle_order_system\Application\Runtime\Cache\Admin\ad9785f13c95c2519eb6c8502847b100.php 第 23 行.
NOTIC: [8] Use of undefined constant manage_order - assumed 'manage_order' F:\phpStudy\PHPTutorial\WWW\vehicle_order_system\Application\Runtime\Cache\Admin\ad9785f13c95c2519eb6c8502847b100.php 第 31 行.
NOTIC: [8] Use of undefined constant manage_data - assumed 'manage_data' F:\phpStudy\PHPTutorial\WWW\vehicle_order_system\Application\Runtime\Cache\Admin\ad9785f13c95c2519eb6c8502847b100.php 第 40 行.
NOTIC: [8] Use of undefined constant manage_notice - assumed 'manage_notice' F:\phpStudy\PHPTutorial\WWW\vehicle_order_system\Application\Runtime\Cache\Admin\ad9785f13c95c2519eb6c8502847b100.php 第 47 行.
NOTIC: [8] Use of undefined constant manage_role - assumed 'manage_role' F:\phpStudy\PHPTutorial\WWW\vehicle_order_system\Application\Runtime\Cache\Admin\ad9785f13c95c2519eb6c8502847b100.php 第 54 行.
NOTIC: [8] Use of undefined constant manage_log - assumed 'manage_log' F:\phpStudy\PHPTutorial\WWW\vehicle_order_system\Application\Runtime\Cache\Admin\ad9785f13c95c2519eb6c8502847b100.php 第 62 行.
INFO: Run Behavior\ParseTemplateBehavior [ RunTime:0.050416s ]
INFO: [ view_parse ] --END-- [ RunTime:0.050473s ]
INFO: [ view_filter ] --START--
INFO: Run Behavior\WriteHtmlCacheBehavior [ RunTime:0.000244s ]
INFO: [ view_filter ] --END-- [ RunTime:0.000279s ]
INFO: [ app_end ] --START--
INFO: Run Behavior\ShowPageTraceBehavior [ RunTime:0.000471s ]
INFO: [ app_end ] --END-- [ RunTime:0.000507s ]

[ 2018-05-16T19:30:04+08:00 ] 127.0.0.1 /Admin/Order/searchOrder?page=1&limit=11
INFO: [ app_init ] --START--
INFO: Run Behavior\BuildLiteBehavior [ RunTime:0.000023s ]
INFO: [ app_init ] --END-- [ RunTime:0.000588s ]
INFO: [ app_begin ] --START--
INFO: Run Behavior\ReadHtmlCacheBehavior [ RunTime:0.001727s ]
INFO: [ app_begin ] --END-- [ RunTime:0.001889s ]
SQL: SHOW COLUMNS FROM `t_order` [ RunTime:0.0025s ]
SQL: SHOW COLUMNS FROM `t_order` [ RunTime:0.0006s ]
SQL: SELECT * FROM `t_order` WHERE `status` = 1 ORDER BY id desc LIMIT 0,11   [ RunTime:0.0003s ]
SQL: SHOW COLUMNS FROM `t_driver` [ RunTime:0.0005s ]
SQL: SHOW COLUMNS FROM `t_oil` [ RunTime:0.0003s ]
SQL: SELECT `number` FROM `t_driver` WHERE `id` = 2 LIMIT 1   [ RunTime:0.0001s ]
SQL: SELECT `number` FROM `t_driver` WHERE `id` = 1 LIMIT 1   [ RunTime:0.0001s ]
SQL: SELECT `name` FROM `t_oil` WHERE `id` = 3 LIMIT 1   [ RunTime:0.0001s ]
SQL: SELECT `name` FROM `t_oil` WHERE `id` = 1 LIMIT 1   [ RunTime:0.0001s ]

[ 2018-05-16T19:30:09+08:00 ] 127.0.0.1 /Admin/Index/toNoticeManage
INFO: [ app_init ] --START--
INFO: Run Behavior\BuildLiteBehavior [ RunTime:0.000014s ]
INFO: [ app_init ] --END-- [ RunTime:0.000310s ]
INFO: [ app_begin ] --START--
INFO: Run Behavior\ReadHtmlCacheBehavior [ RunTime:0.000467s ]
INFO: [ app_begin ] --END-- [ RunTime:0.000509s ]
SQL: SHOW COLUMNS FROM `t_role` [ RunTime:0.0005s ]
SQL: SHOW COLUMNS FROM `t_manager` [ RunTime:0.0004s ]
SQL: SHOW COLUMNS FROM `t_role` [ RunTime:0.0004s ]
SQL: SELECT `role_id` FROM `t_manager` WHERE `username` = 'admin' LIMIT 1   [ RunTime:0.0002s ]
SQL: SELECT * FROM `t_role` WHERE `id` = 1  [ RunTime:0.0002s ]
INFO: [ view_parse ] --START--
INFO: [ template_filter ] --START--
INFO: Run Behavior\ContentReplaceBehavior [ RunTime:0.000045s ]
INFO: [ template_filter ] --END-- [ RunTime:0.000090s ]
NOTIC: [8] Use of undefined constant manage_driver - assumed 'manage_driver' F:\phpStudy\PHPTutorial\WWW\vehicle_order_system\Application\Runtime\Cache\Admin\56b6a041533ad32765e5819a5650faf8.php 第 16 行.
NOTIC: [8] Use of undefined constant manage_oil - assumed 'manage_oil' F:\phpStudy\PHPTutorial\WWW\vehicle_order_system\Application\Runtime\Cache\Admin\56b6a041533ad32765e5819a5650faf8.php 第 23 行.
NOTIC: [8] Use of undefined constant manage_order - assumed 'manage_order' F:\phpStudy\PHPTutorial\WWW\vehicle_order_system\Application\Runtime\Cache\Admin\56b6a041533ad32765e5819a5650faf8.php 第 31 行.
NOTIC: [8] Use of undefined constant manage_data - assumed 'manage_data' F:\phpStudy\PHPTutorial\WWW\vehicle_order_system\Application\Runtime\Cache\Admin\56b6a041533ad32765e5819a5650faf8.php 第 40 行.
NOTIC: [8] Use of undefined constant manage_notice - assumed 'manage_notice' F:\phpStudy\PHPTutorial\WWW\vehicle_order_system\Application\Runtime\Cache\Admin\56b6a041533ad32765e5819a5650faf8.php 第 47 行.
NOTIC: [8] Use of undefined constant manage_role - assumed 'manage_role' F:\phpStudy\PHPTutorial\WWW\vehicle_order_system\Application\Runtime\Cache\Admin\56b6a041533ad32765e5819a5650faf8.php 第 54 行.
NOTIC: [8] Use of undefined constant manage_log - assumed 'manage_log' F:\phpStudy\PHPTutorial\WWW\vehicle_order_system\Application\Runtime\Cache\Admin\56b6a041533ad32765e5819a5650faf8.php 第 62 行.
INFO: Run Behavior\ParseTemplateBehavior [ RunTime:0.050573s ]
INFO: [ view_parse ] --END-- [ RunTime:0.050623s ]
INFO: [ view_filter ] --START--
INFO: Run Behavior\WriteHtmlCacheBehavior [ RunTime:0.000245s ]
INFO: [ view_filter ] --END-- [ RunTime:0.000275s ]
INFO: [ app_end ] --START--
INFO: Run Behavior\ShowPageTraceBehavior [ RunTime:0.000672s ]
INFO: [ app_end ] --END-- [ RunTime:0.000726s ]

[ 2018-05-16T19:30:09+08:00 ] 127.0.0.1 /Admin/Notice/searchNotice?page=1&limit=8
INFO: [ app_init ] --START--
INFO: Run Behavior\BuildLiteBehavior [ RunTime:0.000021s ]
INFO: [ app_init ] --END-- [ RunTime:0.000441s ]
INFO: [ app_begin ] --START--
INFO: Run Behavior\ReadHtmlCacheBehavior [ RunTime:0.000565s ]
INFO: [ app_begin ] --END-- [ RunTime:0.000631s ]
SQL: SHOW COLUMNS FROM `t_notice` [ RunTime:0.0028s ]
SQL: SHOW COLUMNS FROM `t_notice` [ RunTime:0.0007s ]
SQL: SELECT * FROM `t_notice` WHERE `title` LIKE '%%' ORDER BY id desc LIMIT 0,8   [ RunTime:0.0004s ]

[ 2018-05-16T19:30:11+08:00 ] 127.0.0.1 /Admin/Index/toRole
INFO: [ app_init ] --START--
INFO: Run Behavior\BuildLiteBehavior [ RunTime:0.000013s ]
INFO: [ app_init ] --END-- [ RunTime:0.000323s ]
INFO: [ app_begin ] --START--
INFO: Run Behavior\ReadHtmlCacheBehavior [ RunTime:0.000463s ]
INFO: [ app_begin ] --END-- [ RunTime:0.000503s ]
SQL: SHOW COLUMNS FROM `t_role` [ RunTime:0.0006s ]
SQL: SHOW COLUMNS FROM `t_role` [ RunTime:0.0005s ]
SQL: SELECT `name` FROM `t_role` WHERE `status` = 1  [ RunTime:0.0002s ]
SQL: SHOW COLUMNS FROM `t_manager` [ RunTime:0.0004s ]
SQL: SELECT `username` FROM `t_manager` WHERE `create_time` <> 0  [ RunTime:0.0006s ]
SQL: SELECT `role_id` FROM `t_manager` WHERE `username` = 'admin' LIMIT 1   [ RunTime:0.0002s ]
SQL: SELECT * FROM `t_role` WHERE `id` = 1  [ RunTime:0.0002s ]
INFO: [ view_parse ] --START--
INFO: [ template_filter ] --START--
INFO: Run Behavior\ContentReplaceBehavior [ RunTime:0.000045s ]
INFO: [ template_filter ] --END-- [ RunTime:0.000095s ]
NOTIC: [8] Use of undefined constant manage_driver - assumed 'manage_driver' F:\phpStudy\PHPTutorial\WWW\vehicle_order_system\Application\Runtime\Cache\Admin\d9c36a76c424abdfe0c2f96fb02d2ff3.php 第 16 行.
NOTIC: [8] Use of undefined constant manage_oil - assumed 'manage_oil' F:\phpStudy\PHPTutorial\WWW\vehicle_order_system\Application\Runtime\Cache\Admin\d9c36a76c424abdfe0c2f96fb02d2ff3.php 第 23 行.
NOTIC: [8] Use of undefined constant manage_order - assumed 'manage_order' F:\phpStudy\PHPTutorial\WWW\vehicle_order_system\Application\Runtime\Cache\Admin\d9c36a76c424abdfe0c2f96fb02d2ff3.php 第 31 行.
NOTIC: [8] Use of undefined constant manage_data - assumed 'manage_data' F:\phpStudy\PHPTutorial\WWW\vehicle_order_system\Application\Runtime\Cache\Admin\d9c36a76c424abdfe0c2f96fb02d2ff3.php 第 39 行.
NOTIC: [8] Use of undefined constant manage_notice - assumed 'manage_notice' F:\phpStudy\PHPTutorial\WWW\vehicle_order_system\Application\Runtime\Cache\Admin\d9c36a76c424abdfe0c2f96fb02d2ff3.php 第 46 行.
NOTIC: [8] Use of undefined constant manage_role - assumed 'manage_role' F:\phpStudy\PHPTutorial\WWW\vehicle_order_system\Application\Runtime\Cache\Admin\d9c36a76c424abdfe0c2f96fb02d2ff3.php 第 53 行.
NOTIC: [8] Use of undefined constant manage_log - assumed 'manage_log' F:\phpStudy\PHPTutorial\WWW\vehicle_order_system\Application\Runtime\Cache\Admin\d9c36a76c424abdfe0c2f96fb02d2ff3.php 第 61 行.
INFO: Run Behavior\ParseTemplateBehavior [ RunTime:0.052441s ]
INFO: [ view_parse ] --END-- [ RunTime:0.052486s ]
INFO: [ view_filter ] --START--
INFO: Run Behavior\WriteHtmlCacheBehavior [ RunTime:0.000225s ]
INFO: [ view_filter ] --END-- [ RunTime:0.000255s ]
INFO: [ app_end ] --START--
INFO: Run Behavior\ShowPageTraceBehavior [ RunTime:0.000503s ]
INFO: [ app_end ] --END-- [ RunTime:0.000574s ]

[ 2018-05-16T19:30:11+08:00 ] 127.0.0.1 /Admin/Role/searchRole?page=1&limit=8
INFO: [ app_init ] --START--
INFO: Run Behavior\BuildLiteBehavior [ RunTime:0.000019s ]
INFO: [ app_init ] --END-- [ RunTime:0.000468s ]
INFO: [ app_begin ] --START--
INFO: Run Behavior\ReadHtmlCacheBehavior [ RunTime:0.001355s ]
INFO: [ app_begin ] --END-- [ RunTime:0.001462s ]
SQL: SHOW COLUMNS FROM `t_role` [ RunTime:0.0018s ]
SQL: SHOW COLUMNS FROM `t_role` [ RunTime:0.0006s ]
SQL: SELECT * FROM `t_role` WHERE `status` = 1 ORDER BY id desc LIMIT 0,8   [ RunTime:0.0004s ]

[ 2018-05-16T19:30:55+08:00 ] 127.0.0.1 /Admin/Index/toRole
INFO: [ app_init ] --START--
INFO: Run Behavior\BuildLiteBehavior [ RunTime:0.000019s ]
INFO: [ app_init ] --END-- [ RunTime:0.000438s ]
INFO: [ app_begin ] --START--
INFO: Run Behavior\ReadHtmlCacheBehavior [ RunTime:0.000650s ]
INFO: [ app_begin ] --END-- [ RunTime:0.000693s ]
SQL: SHOW COLUMNS FROM `t_role` [ RunTime:0.0007s ]
SQL: SHOW COLUMNS FROM `t_role` [ RunTime:0.0006s ]
SQL: SELECT `name` FROM `t_role` WHERE `status` = 1  [ RunTime:0.0002s ]
SQL: SHOW COLUMNS FROM `t_manager` [ RunTime:0.0005s ]
SQL: SELECT `username` FROM `t_manager` WHERE `create_time` <> 0  [ RunTime:0.0002s ]
SQL: SELECT `role_id` FROM `t_manager` WHERE `username` = 'admin' LIMIT 1   [ RunTime:0.0002s ]
SQL: SELECT * FROM `t_role` WHERE `id` = 1  [ RunTime:0.0002s ]
INFO: [ view_parse ] --START--
INFO: [ template_filter ] --START--
INFO: Run Behavior\ContentReplaceBehavior [ RunTime:0.000053s ]
INFO: [ template_filter ] --END-- [ RunTime:0.000125s ]
NOTIC: [8] Use of undefined constant manage_driver - assumed 'manage_driver' F:\phpStudy\PHPTutorial\WWW\vehicle_order_system\Application\Runtime\Cache\Admin\d9c36a76c424abdfe0c2f96fb02d2ff3.php 第 16 行.
NOTIC: [8] Use of undefined constant manage_oil - assumed 'manage_oil' F:\phpStudy\PHPTutorial\WWW\vehicle_order_system\Application\Runtime\Cache\Admin\d9c36a76c424abdfe0c2f96fb02d2ff3.php 第 23 行.
NOTIC: [8] Use of undefined constant manage_order - assumed 'manage_order' F:\phpStudy\PHPTutorial\WWW\vehicle_order_system\Application\Runtime\Cache\Admin\d9c36a76c424abdfe0c2f96fb02d2ff3.php 第 31 行.
NOTIC: [8] Use of undefined constant manage_data - assumed 'manage_data' F:\phpStudy\PHPTutorial\WWW\vehicle_order_system\Application\Runtime\Cache\Admin\d9c36a76c424abdfe0c2f96fb02d2ff3.php 第 39 行.
NOTIC: [8] Use of undefined constant manage_notice - assumed 'manage_notice' F:\phpStudy\PHPTutorial\WWW\vehicle_order_system\Application\Runtime\Cache\Admin\d9c36a76c424abdfe0c2f96fb02d2ff3.php 第 46 行.
NOTIC: [8] Use of undefined constant manage_role - assumed 'manage_role' F:\phpStudy\PHPTutorial\WWW\vehicle_order_system\Application\Runtime\Cache\Admin\d9c36a76c424abdfe0c2f96fb02d2ff3.php 第 53 行.
NOTIC: [8] Use of undefined constant manage_log - assumed 'manage_log' F:\phpStudy\PHPTutorial\WWW\vehicle_order_system\Application\Runtime\Cache\Admin\d9c36a76c424abdfe0c2f96fb02d2ff3.php 第 61 行.
INFO: Run Behavior\ParseTemplateBehavior [ RunTime:0.008643s ]
INFO: [ view_parse ] --END-- [ RunTime:0.008702s ]
INFO: [ view_filter ] --START--
INFO: Run Behavior\WriteHtmlCacheBehavior [ RunTime:0.000521s ]
INFO: [ view_filter ] --END-- [ RunTime:0.000576s ]
INFO: [ app_end ] --START--
INFO: Run Behavior\ShowPageTraceBehavior [ RunTime:0.001164s ]
INFO: [ app_end ] --END-- [ RunTime:0.001239s ]

[ 2018-05-16T19:30:56+08:00 ] 127.0.0.1 /Admin/Role/searchRole?page=1&limit=8
INFO: [ app_init ] --START--
INFO: Run Behavior\BuildLiteBehavior [ RunTime:0.000020s ]
INFO: [ app_init ] --END-- [ RunTime:0.000452s ]
INFO: [ app_begin ] --START--
INFO: Run Behavior\ReadHtmlCacheBehavior [ RunTime:0.000719s ]
INFO: [ app_begin ] --END-- [ RunTime:0.000776s ]
SQL: SHOW COLUMNS FROM `t_role` [ RunTime:0.0025s ]
SQL: SHOW COLUMNS FROM `t_role` [ RunTime:0.0007s ]
SQL: SELECT * FROM `t_role` WHERE `status` = 1 ORDER BY id desc LIMIT 0,8   [ RunTime:0.0004s ]

[ 2018-05-16T19:31:03+08:00 ] 127.0.0.1 /Admin/Index/toRole
INFO: [ app_init ] --START--
INFO: Run Behavior\BuildLiteBehavior [ RunTime:0.000026s ]
INFO: [ app_init ] --END-- [ RunTime:0.000733s ]
INFO: [ app_begin ] --START--
INFO: Run Behavior\ReadHtmlCacheBehavior [ RunTime:0.001009s ]
INFO: [ app_begin ] --END-- [ RunTime:0.001089s ]
SQL: SHOW COLUMNS FROM `t_role` [ RunTime:0.0005s ]
SQL: SHOW COLUMNS FROM `t_role` [ RunTime:0.0005s ]
SQL: SELECT `name` FROM `t_role` WHERE `status` = 1  [ RunTime:0.0002s ]
SQL: SHOW COLUMNS FROM `t_manager` [ RunTime:0.0006s ]
SQL: SELECT `username` FROM `t_manager` WHERE `create_time` <> 0  [ RunTime:0.0002s ]
SQL: SELECT `role_id` FROM `t_manager` WHERE `username` = 'admin' LIMIT 1   [ RunTime:0.0002s ]
SQL: SELECT * FROM `t_role` WHERE `id` = 1  [ RunTime:0.0002s ]
INFO: [ view_parse ] --START--
INFO: [ template_filter ] --START--
INFO: Run Behavior\ContentReplaceBehavior [ RunTime:0.000050s ]
INFO: [ template_filter ] --END-- [ RunTime:0.000096s ]
NOTIC: [8] Use of undefined constant manage_driver - assumed 'manage_driver' F:\phpStudy\PHPTutorial\WWW\vehicle_order_system\Application\Runtime\Cache\Admin\d9c36a76c424abdfe0c2f96fb02d2ff3.php 第 16 行.
NOTIC: [8] Use of undefined constant manage_oil - assumed 'manage_oil' F:\phpStudy\PHPTutorial\WWW\vehicle_order_system\Application\Runtime\Cache\Admin\d9c36a76c424abdfe0c2f96fb02d2ff3.php 第 23 行.
NOTIC: [8] Use of undefined constant manage_order - assumed 'manage_order' F:\phpStudy\PHPTutorial\WWW\vehicle_order_system\Application\Runtime\Cache\Admin\d9c36a76c424abdfe0c2f96fb02d2ff3.php 第 31 行.
NOTIC: [8] Use of undefined constant manage_data - assumed 'manage_data' F:\phpStudy\PHPTutorial\WWW\vehicle_order_system\Application\Runtime\Cache\Admin\d9c36a76c424abdfe0c2f96fb02d2ff3.php 第 39 行.
NOTIC: [8] Use of undefined constant manage_notice - assumed 'manage_notice' F:\phpStudy\PHPTutorial\WWW\vehicle_order_system\Application\Runtime\Cache\Admin\d9c36a76c424abdfe0c2f96fb02d2ff3.php 第 46 行.
NOTIC: [8] Use of undefined constant manage_role - assumed 'manage_role' F:\phpStudy\PHPTutorial\WWW\vehicle_order_system\Application\Runtime\Cache\Admin\d9c36a76c424abdfe0c2f96fb02d2ff3.php 第 53 行.
NOTIC: [8] Use of undefined constant manage_log - assumed 'manage_log' F:\phpStudy\PHPTutorial\WWW\vehicle_order_system\Application\Runtime\Cache\Admin\d9c36a76c424abdfe0c2f96fb02d2ff3.php 第 61 行.
INFO: Run Behavior\ParseTemplateBehavior [ RunTime:0.010340s ]
INFO: [ view_parse ] --END-- [ RunTime:0.010520s ]
INFO: [ view_filter ] --START--
INFO: Run Behavior\WriteHtmlCacheBehavior [ RunTime:0.000747s ]
INFO: [ view_filter ] --END-- [ RunTime:0.000880s ]
INFO: [ app_end ] --START--
INFO: Run Behavior\ShowPageTraceBehavior [ RunTime:0.001066s ]
INFO: [ app_end ] --END-- [ RunTime:0.001130s ]

[ 2018-05-16T19:31:04+08:00 ] 127.0.0.1 /Admin/Role/searchRole?page=1&limit=8
INFO: [ app_init ] --START--
INFO: Run Behavior\BuildLiteBehavior [ RunTime:0.000021s ]
INFO: [ app_init ] --END-- [ RunTime:0.000472s ]
INFO: [ app_begin ] --START--
INFO: Run Behavior\ReadHtmlCacheBehavior [ RunTime:0.000697s ]
INFO: [ app_begin ] --END-- [ RunTime:0.000758s ]
SQL: SHOW COLUMNS FROM `t_role` [ RunTime:0.0017s ]
SQL: SHOW COLUMNS FROM `t_role` [ RunTime:0.0005s ]
SQL: SELECT * FROM `t_role` WHERE `status` = 1 ORDER BY id desc LIMIT 0,8   [ RunTime:0.0002s ]

[ 2018-05-16T19:31:09+08:00 ] 127.0.0.1 /Admin/Index/toUser
INFO: [ app_init ] --START--
INFO: Run Behavior\BuildLiteBehavior [ RunTime:0.000045s ]
INFO: [ app_init ] --END-- [ RunTime:0.000733s ]
INFO: [ app_begin ] --START--
INFO: Run Behavior\ReadHtmlCacheBehavior [ RunTime:0.000721s ]
INFO: [ app_begin ] --END-- [ RunTime:0.000789s ]
SQL: SHOW COLUMNS FROM `t_role` [ RunTime:0.0006s ]
SQL: SHOW COLUMNS FROM `t_role` [ RunTime:0.0004s ]
SQL: SELECT `name` FROM `t_role` WHERE `status` = 1  [ RunTime:0.0002s ]
SQL: SHOW COLUMNS FROM `t_manager` [ RunTime:0.0004s ]
SQL: SELECT `username` FROM `t_manager` WHERE `create_time` <> 0  [ RunTime:0.0002s ]
SQL: SELECT `role_id` FROM `t_manager` WHERE `username` = 'admin' LIMIT 1   [ RunTime:0.0002s ]
SQL: SELECT * FROM `t_role` WHERE `id` = 1  [ RunTime:0.0002s ]
INFO: [ view_parse ] --START--
INFO: [ template_filter ] --START--
INFO: Run Behavior\ContentReplaceBehavior [ RunTime:0.000057s ]
INFO: [ template_filter ] --END-- [ RunTime:0.000118s ]
NOTIC: [8] Use of undefined constant manage_driver - assumed 'manage_driver' F:\phpStudy\PHPTutorial\WWW\vehicle_order_system\Application\Runtime\Cache\Admin\64f89c3db74a3cb44a755cfdbad96559.php 第 16 行.
NOTIC: [8] Use of undefined constant manage_oil - assumed 'manage_oil' F:\phpStudy\PHPTutorial\WWW\vehicle_order_system\Application\Runtime\Cache\Admin\64f89c3db74a3cb44a755cfdbad96559.php 第 23 行.
NOTIC: [8] Use of undefined constant manage_order - assumed 'manage_order' F:\phpStudy\PHPTutorial\WWW\vehicle_order_system\Application\Runtime\Cache\Admin\64f89c3db74a3cb44a755cfdbad96559.php 第 31 行.
NOTIC: [8] Use of undefined constant manage_data - assumed 'manage_data' F:\phpStudy\PHPTutorial\WWW\vehicle_order_system\Application\Runtime\Cache\Admin\64f89c3db74a3cb44a755cfdbad96559.php 第 40 行.
NOTIC: [8] Use of undefined constant manage_notice - assumed 'manage_notice' F:\phpStudy\PHPTutorial\WWW\vehicle_order_system\Application\Runtime\Cache\Admin\64f89c3db74a3cb44a755cfdbad96559.php 第 47 行.
NOTIC: [8] Use of undefined constant manage_role - assumed 'manage_role' F:\phpStudy\PHPTutorial\WWW\vehicle_order_system\Application\Runtime\Cache\Admin\64f89c3db74a3cb44a755cfdbad96559.php 第 54 行.
NOTIC: [8] Use of undefined constant manage_log - assumed 'manage_log' F:\phpStudy\PHPTutorial\WWW\vehicle_order_system\Application\Runtime\Cache\Admin\64f89c3db74a3cb44a755cfdbad96559.php 第 62 行.
INFO: Run Behavior\ParseTemplateBehavior [ RunTime:0.070461s ]
INFO: [ view_parse ] --END-- [ RunTime:0.070505s ]
INFO: [ view_filter ] --START--
INFO: Run Behavior\WriteHtmlCacheBehavior [ RunTime:0.000431s ]
INFO: [ view_filter ] --END-- [ RunTime:0.000483s ]
INFO: [ app_end ] --START--
INFO: Run Behavior\ShowPageTraceBehavior [ RunTime:0.001425s ]
INFO: [ app_end ] --END-- [ RunTime:0.001473s ]

[ 2018-05-16T19:31:09+08:00 ] 127.0.0.1 /Admin/Role/searchUser?page=1&limit=8
INFO: [ app_init ] --START--
INFO: Run Behavior\BuildLiteBehavior [ RunTime:0.000030s ]
INFO: [ app_init ] --END-- [ RunTime:0.000696s ]
INFO: [ app_begin ] --START--
INFO: Run Behavior\ReadHtmlCacheBehavior [ RunTime:0.000675s ]
INFO: [ app_begin ] --END-- [ RunTime:0.000778s ]
SQL: SHOW COLUMNS FROM `t_role` [ RunTime:0.0018s ]
SQL: SHOW COLUMNS FROM `t_manager` [ RunTime:0.0016s ]
SQL: SHOW COLUMNS FROM `t_role` [ RunTime:0.0005s ]
SQL: SELECT * FROM `t_manager` WHERE `create_time` <> 0 ORDER BY id desc LIMIT 0,8   [ RunTime:0.0002s ]
SQL: SELECT `name` FROM `t_role` WHERE `id` = 4 LIMIT 1   [ RunTime:0.0001s ]
SQL: SELECT `name` FROM `t_role` WHERE `id` = 1 LIMIT 1   [ RunTime:0.0001s ]

[ 2018-05-16T19:31:12+08:00 ] 127.0.0.1 /Admin/Index/toLogManage
INFO: [ app_init ] --START--
INFO: Run Behavior\BuildLiteBehavior [ RunTime:0.000016s ]
INFO: [ app_init ] --END-- [ RunTime:0.000465s ]
INFO: [ app_begin ] --START--
INFO: Run Behavior\ReadHtmlCacheBehavior [ RunTime:0.000630s ]
INFO: [ app_begin ] --END-- [ RunTime:0.000692s ]
SQL: SHOW COLUMNS FROM `t_role` [ RunTime:0.0007s ]
SQL: SHOW COLUMNS FROM `t_manager` [ RunTime:0.0007s ]
SQL: SHOW COLUMNS FROM `t_role` [ RunTime:0.0012s ]
SQL: SELECT `role_id` FROM `t_manager` WHERE `username` = 'admin' LIMIT 1   [ RunTime:0.0003s ]
SQL: SELECT * FROM `t_role` WHERE `id` = 1  [ RunTime:0.0002s ]
INFO: [ view_parse ] --START--
INFO: [ template_filter ] --START--
INFO: Run Behavior\ContentReplaceBehavior [ RunTime:0.000048s ]
INFO: [ template_filter ] --END-- [ RunTime:0.000095s ]
NOTIC: [8] Use of undefined constant manage_driver - assumed 'manage_driver' F:\phpStudy\PHPTutorial\WWW\vehicle_order_system\Application\Runtime\Cache\Admin\70f922a24817fb4f2dd535528468b000.php 第 15 行.
NOTIC: [8] Use of undefined constant manage_oil - assumed 'manage_oil' F:\phpStudy\PHPTutorial\WWW\vehicle_order_system\Application\Runtime\Cache\Admin\70f922a24817fb4f2dd535528468b000.php 第 22 行.
NOTIC: [8] Use of undefined constant manage_order - assumed 'manage_order' F:\phpStudy\PHPTutorial\WWW\vehicle_order_system\Application\Runtime\Cache\Admin\70f922a24817fb4f2dd535528468b000.php 第 30 行.
NOTIC: [8] Use of undefined constant manage_data - assumed 'manage_data' F:\phpStudy\PHPTutorial\WWW\vehicle_order_system\Application\Runtime\Cache\Admin\70f922a24817fb4f2dd535528468b000.php 第 39 行.
NOTIC: [8] Use of undefined constant manage_notice - assumed 'manage_notice' F:\phpStudy\PHPTutorial\WWW\vehicle_order_system\Application\Runtime\Cache\Admin\70f922a24817fb4f2dd535528468b000.php 第 46 行.
NOTIC: [8] Use of undefined constant manage_role - assumed 'manage_role' F:\phpStudy\PHPTutorial\WWW\vehicle_order_system\Application\Runtime\Cache\Admin\70f922a24817fb4f2dd535528468b000.php 第 53 行.
NOTIC: [8] Use of undefined constant manage_log - assumed 'manage_log' F:\phpStudy\PHPTutorial\WWW\vehicle_order_system\Application\Runtime\Cache\Admin\70f922a24817fb4f2dd535528468b000.php 第 61 行.
NOTIC: [8] Undefined variable: orderMessage F:\phpStudy\PHPTutorial\WWW\vehicle_order_system\Application\Runtime\Cache\Admin\70f922a24817fb4f2dd535528468b000.php 第 116 行.
INFO: Run Behavior\ParseTemplateBehavior [ RunTime:0.052137s ]
INFO: [ view_parse ] --END-- [ RunTime:0.052181s ]
INFO: [ view_filter ] --START--
INFO: Run Behavior\WriteHtmlCacheBehavior [ RunTime:0.000437s ]
INFO: [ view_filter ] --END-- [ RunTime:0.000469s ]
INFO: [ app_end ] --START--
INFO: Run Behavior\ShowPageTraceBehavior [ RunTime:0.000659s ]
INFO: [ app_end ] --END-- [ RunTime:0.000691s ]

[ 2018-05-16T19:31:12+08:00 ] 127.0.0.1 /Admin/Log/searchLog?page=1&limit=11
INFO: [ app_init ] --START--
INFO: Run Behavior\BuildLiteBehavior [ RunTime:0.000016s ]
INFO: [ app_init ] --END-- [ RunTime:0.000378s ]
INFO: [ app_begin ] --START--
INFO: Run Behavior\ReadHtmlCacheBehavior [ RunTime:0.000556s ]
INFO: [ app_begin ] --END-- [ RunTime:0.000610s ]
NOTIC: [2048] Declaration of Admin\Model\LogModel::delete() should be compatible with Think\Model::delete($options = Array) F:\phpStudy\PHPTutorial\WWW\vehicle_order_system\Application\Admin\Model\LogModel.class.php 第 11 行.
SQL: SHOW COLUMNS FROM `t_log` [ RunTime:0.0010s ]
SQL: SHOW COLUMNS FROM `t_log` [ RunTime:0.0005s ]
SQL: SELECT * FROM `t_log` WHERE `status` = 1 ORDER BY id desc LIMIT 0,11   [ RunTime:0.0003s ]

[ 2018-05-16T19:31:14+08:00 ] 127.0.0.1 /Admin/Index/toDriverManage
INFO: [ app_init ] --START--
INFO: Run Behavior\BuildLiteBehavior [ RunTime:0.000014s ]
INFO: [ app_init ] --END-- [ RunTime:0.000343s ]
INFO: [ app_begin ] --START--
INFO: Run Behavior\ReadHtmlCacheBehavior [ RunTime:0.000542s ]
INFO: [ app_begin ] --END-- [ RunTime:0.000591s ]
SQL: SHOW COLUMNS FROM `t_role` [ RunTime:0.0006s ]
SQL: SHOW COLUMNS FROM `t_manager` [ RunTime:0.0005s ]
SQL: SHOW COLUMNS FROM `t_role` [ RunTime:0.0022s ]
SQL: SELECT `role_id` FROM `t_manager` WHERE `username` = 'admin' LIMIT 1   [ RunTime:0.0003s ]
SQL: SELECT * FROM `t_role` WHERE `id` = 1  [ RunTime:0.0002s ]
INFO: [ view_parse ] --START--
INFO: [ template_filter ] --START--
INFO: Run Behavior\ContentReplaceBehavior [ RunTime:0.000051s ]
INFO: [ template_filter ] --END-- [ RunTime:0.000095s ]
NOTIC: [8] Use of undefined constant manage_driver - assumed 'manage_driver' F:\phpStudy\PHPTutorial\WWW\vehicle_order_system\Application\Runtime\Cache\Admin\ab96bdfb6fdb6c0ade16599a10606765.php 第 15 行.
NOTIC: [8] Use of undefined constant manage_oil - assumed 'manage_oil' F:\phpStudy\PHPTutorial\WWW\vehicle_order_system\Application\Runtime\Cache\Admin\ab96bdfb6fdb6c0ade16599a10606765.php 第 22 行.
NOTIC: [8] Use of undefined constant manage_order - assumed 'manage_order' F:\phpStudy\PHPTutorial\WWW\vehicle_order_system\Application\Runtime\Cache\Admin\ab96bdfb6fdb6c0ade16599a10606765.php 第 30 行.
NOTIC: [8] Use of undefined constant manage_data - assumed 'manage_data' F:\phpStudy\PHPTutorial\WWW\vehicle_order_system\Application\Runtime\Cache\Admin\ab96bdfb6fdb6c0ade16599a10606765.php 第 39 行.
NOTIC: [8] Use of undefined constant manage_notice - assumed 'manage_notice' F:\phpStudy\PHPTutorial\WWW\vehicle_order_system\Application\Runtime\Cache\Admin\ab96bdfb6fdb6c0ade16599a10606765.php 第 46 行.
NOTIC: [8] Use of undefined constant manage_role - assumed 'manage_role' F:\phpStudy\PHPTutorial\WWW\vehicle_order_system\Application\Runtime\Cache\Admin\ab96bdfb6fdb6c0ade16599a10606765.php 第 53 行.
NOTIC: [8] Use of undefined constant manage_log - assumed 'manage_log' F:\phpStudy\PHPTutorial\WWW\vehicle_order_system\Application\Runtime\Cache\Admin\ab96bdfb6fdb6c0ade16599a10606765.php 第 61 行.
NOTIC: [8] Undefined variable: orderMessage F:\phpStudy\PHPTutorial\WWW\vehicle_order_system\Application\Runtime\Cache\Admin\ab96bdfb6fdb6c0ade16599a10606765.php 第 110 行.
INFO: Run Behavior\ParseTemplateBehavior [ RunTime:0.010024s ]
INFO: [ view_parse ] --END-- [ RunTime:0.010085s ]
INFO: [ view_filter ] --START--
INFO: Run Behavior\WriteHtmlCacheBehavior [ RunTime:0.000409s ]
INFO: [ view_filter ] --END-- [ RunTime:0.000444s ]
INFO: [ app_end ] --START--
INFO: Run Behavior\ShowPageTraceBehavior [ RunTime:0.000650s ]
INFO: [ app_end ] --END-- [ RunTime:0.000687s ]

[ 2018-05-16T19:31:15+08:00 ] 127.0.0.1 /Admin/driver/searchDriver?page=1&limit=11
INFO: [ app_init ] --START--
INFO: Run Behavior\BuildLiteBehavior [ RunTime:0.000022s ]
INFO: [ app_init ] --END-- [ RunTime:0.000586s ]
INFO: [ app_begin ] --START--
INFO: Run Behavior\ReadHtmlCacheBehavior [ RunTime:0.000756s ]
INFO: [ app_begin ] --END-- [ RunTime:0.000825s ]
SQL: SHOW COLUMNS FROM `t_driver` [ RunTime:0.0026s ]
SQL: SHOW COLUMNS FROM `t_driver` [ RunTime:0.0010s ]
SQL: SHOW COLUMNS FROM `t_wechat` [ RunTime:0.0026s ]
SQL: SELECT * FROM `t_driver` WHERE `mobile_number` LIKE '%%' AND `status` = 1 ORDER BY id desc LIMIT 0,11   [ RunTime:0.0005s ]
SQL: SELECT * FROM `t_wechat` WHERE `id` = 2  [ RunTime:0.0004s ]
SQL: SELECT * FROM `t_wechat` WHERE `id` = 1  [ RunTime:0.0003s ]

[ 2018-05-16T19:33:50+08:00 ] 127.0.0.1 /Admin/Index/toOilManage
INFO: [ app_init ] --START--
INFO: Run Behavior\BuildLiteBehavior [ RunTime:0.000026s ]
INFO: [ app_init ] --END-- [ RunTime:0.000699s ]
INFO: [ app_begin ] --START--
INFO: Run Behavior\ReadHtmlCacheBehavior [ RunTime:0.000874s ]
INFO: [ app_begin ] --END-- [ RunTime:0.000971s ]
SQL: SHOW COLUMNS FROM `t_role` [ RunTime:0.0006s ]
SQL: SHOW COLUMNS FROM `t_manager` [ RunTime:0.0005s ]
SQL: SHOW COLUMNS FROM `t_role` [ RunTime:0.0015s ]
SQL: SELECT `role_id` FROM `t_manager` WHERE `username` = 'admin' LIMIT 1   [ RunTime:0.0003s ]
SQL: SELECT * FROM `t_role` WHERE `id` = 1  [ RunTime:0.0003s ]
INFO: [ view_parse ] --START--
INFO: [ template_filter ] --START--
INFO: Run Behavior\ContentReplaceBehavior [ RunTime:0.000062s ]
INFO: [ template_filter ] --END-- [ RunTime:0.000116s ]
NOTIC: [8] Use of undefined constant manage_driver - assumed 'manage_driver' F:\phpStudy\PHPTutorial\WWW\vehicle_order_system\Application\Runtime\Cache\Admin\2dad54d1ff94159deb9b63f1a47883c6.php 第 17 行.
NOTIC: [8] Use of undefined constant manage_oil - assumed 'manage_oil' F:\phpStudy\PHPTutorial\WWW\vehicle_order_system\Application\Runtime\Cache\Admin\2dad54d1ff94159deb9b63f1a47883c6.php 第 24 行.
NOTIC: [8] Use of undefined constant manage_order - assumed 'manage_order' F:\phpStudy\PHPTutorial\WWW\vehicle_order_system\Application\Runtime\Cache\Admin\2dad54d1ff94159deb9b63f1a47883c6.php 第 32 行.
NOTIC: [8] Use of undefined constant manage_data - assumed 'manage_data' F:\phpStudy\PHPTutorial\WWW\vehicle_order_system\Application\Runtime\Cache\Admin\2dad54d1ff94159deb9b63f1a47883c6.php 第 40 行.
NOTIC: [8] Use of undefined constant manage_notice - assumed 'manage_notice' F:\phpStudy\PHPTutorial\WWW\vehicle_order_system\Application\Runtime\Cache\Admin\2dad54d1ff94159deb9b63f1a47883c6.php 第 47 行.
NOTIC: [8] Use of undefined constant manage_role - assumed 'manage_role' F:\phpStudy\PHPTutorial\WWW\vehicle_order_system\Application\Runtime\Cache\Admin\2dad54d1ff94159deb9b63f1a47883c6.php 第 54 行.
NOTIC: [8] Use of undefined constant manage_log - assumed 'manage_log' F:\phpStudy\PHPTutorial\WWW\vehicle_order_system\Application\Runtime\Cache\Admin\2dad54d1ff94159deb9b63f1a47883c6.php 第 62 行.
INFO: Run Behavior\ParseTemplateBehavior [ RunTime:0.009609s ]
INFO: [ view_parse ] --END-- [ RunTime:0.009681s ]
INFO: [ view_filter ] --START--
INFO: Run Behavior\WriteHtmlCacheBehavior [ RunTime:0.000385s ]
INFO: [ view_filter ] --END-- [ RunTime:0.000426s ]
INFO: [ app_end ] --START--
INFO: Run Behavior\ShowPageTraceBehavior [ RunTime:0.000635s ]
INFO: [ app_end ] --END-- [ RunTime:0.000668s ]

[ 2018-05-16T19:33:50+08:00 ] 127.0.0.1 /Admin/Oil/searchOil?page=1&limit=8
INFO: [ app_init ] --START--
INFO: Run Behavior\BuildLiteBehavior [ RunTime:0.000014s ]
INFO: [ app_init ] --END-- [ RunTime:0.000352s ]
INFO: [ app_begin ] --START--
INFO: Run Behavior\ReadHtmlCacheBehavior [ RunTime:0.000538s ]
INFO: [ app_begin ] --END-- [ RunTime:0.000590s ]
SQL: SHOW COLUMNS FROM `t_oil` [ RunTime:0.0006s ]
SQL: SHOW COLUMNS FROM `t_oil` [ RunTime:0.0005s ]
SQL: SELECT * FROM `t_oil` WHERE `number` LIKE '%%' AND `status` = 1 ORDER BY id desc LIMIT 0,8   [ RunTime:0.0003s ]

[ 2018-05-16T19:33:53+08:00 ] 127.0.0.1 /Admin/Index/toOrderManage
INFO: [ app_init ] --START--
INFO: Run Behavior\BuildLiteBehavior [ RunTime:0.000013s ]
INFO: [ app_init ] --END-- [ RunTime:0.000321s ]
INFO: [ app_begin ] --START--
INFO: Run Behavior\ReadHtmlCacheBehavior [ RunTime:0.000458s ]
INFO: [ app_begin ] --END-- [ RunTime:0.000495s ]
SQL: SHOW COLUMNS FROM `t_order` [ RunTime:0.0007s ]
SQL: SELECT * FROM t_driver d left JOIN t_order o ON d.id=o.driver_id  where order_status is null and  d.`status` = 1 [ RunTime:0.0004s ]
SQL: SHOW COLUMNS FROM `t_oil` [ RunTime:0.0004s ]
SQL: SELECT `name` FROM `t_oil` WHERE `status` = 1  [ RunTime:0.0002s ]
SQL: SHOW COLUMNS FROM `t_role` [ RunTime:0.0005s ]
SQL: SHOW COLUMNS FROM `t_manager` [ RunTime:0.0005s ]
SQL: SHOW COLUMNS FROM `t_role` [ RunTime:0.0004s ]
SQL: SELECT `role_id` FROM `t_manager` WHERE `username` = 'admin' LIMIT 1   [ RunTime:0.0002s ]
SQL: SELECT * FROM `t_role` WHERE `id` = 1  [ RunTime:0.0002s ]
INFO: [ view_parse ] --START--
INFO: [ template_filter ] --START--
INFO: Run Behavior\ContentReplaceBehavior [ RunTime:0.000049s ]
INFO: [ template_filter ] --END-- [ RunTime:0.000096s ]
NOTIC: [8] Use of undefined constant manage_driver - assumed 'manage_driver' F:\phpStudy\PHPTutorial\WWW\vehicle_order_system\Application\Runtime\Cache\Admin\ea2be46e20e33e15b6c7f2f0a7a91ffd.php 第 15 行.
NOTIC: [8] Use of undefined constant manage_oil - assumed 'manage_oil' F:\phpStudy\PHPTutorial\WWW\vehicle_order_system\Application\Runtime\Cache\Admin\ea2be46e20e33e15b6c7f2f0a7a91ffd.php 第 22 行.
NOTIC: [8] Use of undefined constant manage_order - assumed 'manage_order' F:\phpStudy\PHPTutorial\WWW\vehicle_order_system\Application\Runtime\Cache\Admin\ea2be46e20e33e15b6c7f2f0a7a91ffd.php 第 30 行.
NOTIC: [8] Use of undefined constant manage_data - assumed 'manage_data' F:\phpStudy\PHPTutorial\WWW\vehicle_order_system\Application\Runtime\Cache\Admin\ea2be46e20e33e15b6c7f2f0a7a91ffd.php 第 39 行.
NOTIC: [8] Use of undefined constant manage_notice - assumed 'manage_notice' F:\phpStudy\PHPTutorial\WWW\vehicle_order_system\Application\Runtime\Cache\Admin\ea2be46e20e33e15b6c7f2f0a7a91ffd.php 第 46 行.
NOTIC: [8] Use of undefined constant manage_role - assumed 'manage_role' F:\phpStudy\PHPTutorial\WWW\vehicle_order_system\Application\Runtime\Cache\Admin\ea2be46e20e33e15b6c7f2f0a7a91ffd.php 第 53 行.
NOTIC: [8] Use of undefined constant manage_log - assumed 'manage_log' F:\phpStudy\PHPTutorial\WWW\vehicle_order_system\Application\Runtime\Cache\Admin\ea2be46e20e33e15b6c7f2f0a7a91ffd.php 第 61 行.
INFO: Run Behavior\ParseTemplateBehavior [ RunTime:0.011981s ]
INFO: [ view_parse ] --END-- [ RunTime:0.012026s ]
INFO: [ view_filter ] --START--
INFO: Run Behavior\WriteHtmlCacheBehavior [ RunTime:0.000414s ]
INFO: [ view_filter ] --END-- [ RunTime:0.000444s ]
INFO: [ app_end ] --START--
INFO: Run Behavior\ShowPageTraceBehavior [ RunTime:0.000637s ]
INFO: [ app_end ] --END-- [ RunTime:0.000671s ]

[ 2018-05-16T19:33:53+08:00 ] 127.0.0.1 /Admin/Order/searchOrder?page=1&limit=11
INFO: [ app_init ] --START--
INFO: Run Behavior\BuildLiteBehavior [ RunTime:0.000019s ]
INFO: [ app_init ] --END-- [ RunTime:0.000470s ]
INFO: [ app_begin ] --START--
INFO: Run Behavior\ReadHtmlCacheBehavior [ RunTime:0.000644s ]
INFO: [ app_begin ] --END-- [ RunTime:0.000695s ]
SQL: SHOW COLUMNS FROM `t_order` [ RunTime:0.0008s ]
SQL: SHOW COLUMNS FROM `t_order` [ RunTime:0.0009s ]
SQL: SELECT * FROM `t_order` WHERE `status` = 1 ORDER BY id desc LIMIT 0,11   [ RunTime:0.0004s ]
SQL: SHOW COLUMNS FROM `t_driver` [ RunTime:0.0008s ]
SQL: SHOW COLUMNS FROM `t_oil` [ RunTime:0.0007s ]
SQL: SELECT `number` FROM `t_driver` WHERE `id` = 2 LIMIT 1   [ RunTime:0.0003s ]
SQL: SELECT `number` FROM `t_driver` WHERE `id` = 1 LIMIT 1   [ RunTime:0.0002s ]
SQL: SELECT `name` FROM `t_oil` WHERE `id` = 3 LIMIT 1   [ RunTime:0.0002s ]
SQL: SELECT `name` FROM `t_oil` WHERE `id` = 1 LIMIT 1   [ RunTime:0.0002s ]

