[ 2018-05-22T19:19:39+08:00 ] 127.0.0.1 /
INFO: [ app_init ] --START--
INFO: Run Behavior\BuildLiteBehavior [ RunTime:0.000000s ]
INFO: [ app_init ] --END-- [ RunTime:0.002000s ]
INFO: [ app_begin ] --START--
INFO: Run Behavior\ReadHtmlCacheBehavior [ RunTime:0.000000s ]
INFO: [ app_begin ] --END-- [ RunTime:0.000000s ]
NOTIC: [8] Undefined index: nonce D:\phpStudy\WWW\vehicle_order_system\Application\Home\Controller\IndexController.class.php 第 5 行.
NOTIC: [8] Undefined index: timestamp D:\phpStudy\WWW\vehicle_order_system\Application\Home\Controller\IndexController.class.php 第 7 行.
NOTIC: [8] Undefined index: echostr D:\phpStudy\WWW\vehicle_order_system\Application\Home\Controller\IndexController.class.php 第 8 行.
NOTIC: [8] Undefined index: signature D:\phpStudy\WWW\vehicle_order_system\Application\Home\Controller\IndexController.class.php 第 9 行.
NOTIC: [8] Undefined index: HTTP_RAW_POST_DATA D:\phpStudy\WWW\vehicle_order_system\Application\Home\Controller\IndexController.class.php 第 31 行.
NOTIC: [8] Trying to get property of non-object D:\phpStudy\WWW\vehicle_order_system\Application\Home\Controller\IndexController.class.php 第 67 行.
INFO: [ app_end ] --START--
INFO: Run Behavior\ShowPageTraceBehavior [ RunTime:0.000000s ]
INFO: [ app_end ] --END-- [ RunTime:0.000000s ]

[ 2018-05-22T21:39:27+08:00 ] 127.0.0.1 /
INFO: [ app_init ] --START--
INFO: Run Behavior\BuildLiteBehavior [ RunTime:0.000000s ]
INFO: [ app_init ] --END-- [ RunTime:0.000000s ]
INFO: [ app_begin ] --START--
INFO: Run Behavior\ReadHtmlCacheBehavior [ RunTime:0.001000s ]
INFO: [ app_begin ] --END-- [ RunTime:0.001000s ]
NOTIC: [8] Undefined index: nonce D:\phpStudy\WWW\vehicle_order_system\Application\Home\Controller\IndexController.class.php 第 5 行.
NOTIC: [8] Undefined index: timestamp D:\phpStudy\WWW\vehicle_order_system\Application\Home\Controller\IndexController.class.php 第 7 行.
NOTIC: [8] Undefined index: echostr D:\phpStudy\WWW\vehicle_order_system\Application\Home\Controller\IndexController.class.php 第 8 行.
NOTIC: [8] Undefined index: signature D:\phpStudy\WWW\vehicle_order_system\Application\Home\Controller\IndexController.class.php 第 9 行.
NOTIC: [8] Undefined index: HTTP_RAW_POST_DATA D:\phpStudy\WWW\vehicle_order_system\Application\Home\Controller\IndexController.class.php 第 31 行.
NOTIC: [8] Trying to get property of non-object D:\phpStudy\WWW\vehicle_order_system\Application\Home\Controller\IndexController.class.php 第 67 行.
INFO: [ app_end ] --START--
INFO: Run Behavior\ShowPageTraceBehavior [ RunTime:0.000000s ]
INFO: [ app_end ] --END-- [ RunTime:0.000000s ]

