[ 2018-05-03T19:46:11+08:00 ] 127.0.0.1 /Home/index/toPersonalOrder
INFO: [ app_init ] --START--
INFO: Run Behavior\BuildLiteBehavior [ RunTime:0.000000s ]
INFO: [ app_init ] --END-- [ RunTime:0.001000s ]
INFO: [ app_begin ] --START--
INFO: Run Behavior\ReadHtmlCacheBehavior [ RunTime:0.012001s ]
INFO: [ app_begin ] --END-- [ RunTime:0.012001s ]
INFO: [ view_parse ] --START--
INFO: [ template_filter ] --START--
INFO: Run Behavior\ContentReplaceBehavior [ RunTime:0.000000s ]
INFO: [ template_filter ] --END-- [ RunTime:0.000000s ]
INFO: Run Behavior\ParseTemplateBehavior [ RunTime:0.015000s ]
INFO: [ view_parse ] --END-- [ RunTime:0.016000s ]
INFO: [ view_filter ] --START--
INFO: Run Behavior\WriteHtmlCacheBehavior [ RunTime:0.000000s ]
INFO: [ view_filter ] --END-- [ RunTime:0.000000s ]
INFO: [ app_end ] --START--
INFO: Run Behavior\ShowPageTraceBehavior [ RunTime:0.001001s ]
INFO: [ app_end ] --END-- [ RunTime:0.001001s ]

[ 2018-05-03T19:46:18+08:00 ] 127.0.0.1 /Home/Index/login
INFO: [ app_init ] --START--
INFO: Run Behavior\BuildLiteBehavior [ RunTime:0.000000s ]
INFO: [ app_init ] --END-- [ RunTime:0.000000s ]
INFO: [ app_begin ] --START--
INFO: Run Behavior\ReadHtmlCacheBehavior [ RunTime:0.001000s ]
INFO: [ app_begin ] --END-- [ RunTime:0.001000s ]
NOTIC: [8] A session had already been started - ignoring session_start() D:\phpStudy\WWW\out_vehicle_system\out_vehicle_system2\Application\Home\Controller\IndexController.class.php 第 18 行.
SQL: SHOW COLUMNS FROM `t_driver` [ RunTime:0.0390s ]
SQL: SHOW COLUMNS FROM `t_driver` [ RunTime:0.0110s ]
SQL: SELECT `head_path` FROM `t_driver` WHERE `mobile_number` = '13794578316' AND `password` = '202cb962ac59075b964b07152d234b70' LIMIT 1   [ RunTime:0.0010s ]

[ 2018-05-03T19:46:20+08:00 ] 127.0.0.1 /Home/Index/toPublicOrder
INFO: [ app_init ] --START--
INFO: Run Behavior\BuildLiteBehavior [ RunTime:0.000000s ]
INFO: [ app_init ] --END-- [ RunTime:0.000000s ]
INFO: [ app_begin ] --START--
INFO: Run Behavior\ReadHtmlCacheBehavior [ RunTime:0.001000s ]
INFO: [ app_begin ] --END-- [ RunTime:0.001000s ]
SQL: SHOW COLUMNS FROM `t_order` [ RunTime:0.0230s ]
SQL: SHOW COLUMNS FROM `t_order` [ RunTime:0.0110s ]
SQL: SHOW COLUMNS FROM `t_goods` [ RunTime:0.0180s ]
SQL: SELECT `number`,`out_destination`,`goods_id`,`goods_quantity`,`start_time` FROM `t_order` WHERE `mission_status` = 0 ORDER BY id desc  [ RunTime:0.0000s ]
SQL: SELECT `name` FROM `t_goods` WHERE `id` = 4 LIMIT 1   [ RunTime:0.0000s ]
SQL: SELECT `name` FROM `t_goods` WHERE `id` = 1 LIMIT 1   [ RunTime:0.0000s ]
SQL: SELECT `name` FROM `t_goods` WHERE `id` = 1 LIMIT 1   [ RunTime:0.0000s ]
SQL: SELECT `name` FROM `t_goods` WHERE `id` = 1 LIMIT 1   [ RunTime:0.0000s ]
SQL: SELECT `name` FROM `t_goods` WHERE `id` = 1 LIMIT 1   [ RunTime:0.0010s ]
SQL: SELECT `name` FROM `t_goods` WHERE `id` = 2 LIMIT 1   [ RunTime:0.0000s ]
SQL: SELECT `name` FROM `t_goods` WHERE `id` = 2 LIMIT 1   [ RunTime:0.0000s ]
SQL: SELECT `name` FROM `t_goods` WHERE `id` = 1 LIMIT 1   [ RunTime:0.0000s ]
SQL: SELECT `name` FROM `t_goods` WHERE `id` = 1 LIMIT 1   [ RunTime:0.0000s ]
SQL: SELECT `name` FROM `t_goods` WHERE `id` = 1 LIMIT 1   [ RunTime:0.0000s ]
SQL: SELECT `name` FROM `t_goods` WHERE `id` = 2 LIMIT 1   [ RunTime:0.0000s ]
SQL: SELECT `name` FROM `t_goods` WHERE `id` = 1 LIMIT 1   [ RunTime:0.0000s ]
SQL: SELECT `name` FROM `t_goods` WHERE `id` = 1 LIMIT 1   [ RunTime:0.0000s ]
SQL: SELECT `name` FROM `t_goods` WHERE `id` = 2 LIMIT 1   [ RunTime:0.0000s ]
SQL: SELECT `name` FROM `t_goods` WHERE `id` = 1 LIMIT 1   [ RunTime:0.0000s ]
SQL: SHOW COLUMNS FROM `t_vehicle` [ RunTime:0.0420s ]
SQL: SELECT `number`,`out_destination`,`goods_id`,`vehicle_id`,`goods_quantity`,`start_time` FROM `t_order` WHERE `mission_status` = 1 ORDER BY id desc  [ RunTime:0.0000s ]
SQL: SELECT `name` FROM `t_goods` WHERE `id` = 1 LIMIT 1   [ RunTime:0.0010s ]
SQL: SELECT `name` FROM `t_goods` WHERE `id` = 1 LIMIT 1   [ RunTime:0.0000s ]
SQL: SELECT `name` FROM `t_goods` WHERE `id` = 1 LIMIT 1   [ RunTime:0.0000s ]
SQL: SELECT `license_plate` FROM `t_vehicle` WHERE `id` = 1 LIMIT 1   [ RunTime:0.0010s ]
SQL: SELECT `license_plate` FROM `t_vehicle` WHERE `id` = 2 LIMIT 1   [ RunTime:0.0000s ]
SQL: SELECT `license_plate` FROM `t_vehicle` WHERE `id` = 3 LIMIT 1   [ RunTime:0.0000s ]
SQL: SELECT `number`,`out_destination`,`goods_id`,`vehicle_id`,`goods_quantity`,`start_time` FROM `t_order` WHERE `mission_status` = 2 ORDER BY id desc  [ RunTime:0.0000s ]
SQL: SELECT `name` FROM `t_goods` WHERE `id` = 1 LIMIT 1   [ RunTime:0.0000s ]
SQL: SELECT `real_quantity` FROM `t_goods` WHERE `id` = 1 LIMIT 1   [ RunTime:0.0000s ]
SQL: SELECT `name` FROM `t_goods` WHERE `id` = 1 LIMIT 1   [ RunTime:0.0000s ]
SQL: SELECT `real_quantity` FROM `t_goods` WHERE `id` = 1 LIMIT 1   [ RunTime:0.0010s ]
SQL: SELECT `name` FROM `t_goods` WHERE `id` = 1 LIMIT 1   [ RunTime:0.0000s ]
SQL: SELECT `real_quantity` FROM `t_goods` WHERE `id` = 1 LIMIT 1   [ RunTime:0.0000s ]
SQL: SELECT `license_plate` FROM `t_vehicle` WHERE `id` = 3 LIMIT 1   [ RunTime:0.0000s ]
SQL: SELECT `license_plate` FROM `t_vehicle` WHERE `id` = 1 LIMIT 1   [ RunTime:0.0000s ]
SQL: SELECT `license_plate` FROM `t_vehicle` WHERE `id` = 2 LIMIT 1   [ RunTime:0.0000s ]
INFO: [ view_parse ] --START--
INFO: [ template_filter ] --START--
INFO: Run Behavior\ContentReplaceBehavior [ RunTime:0.000000s ]
INFO: [ template_filter ] --END-- [ RunTime:0.000000s ]
INFO: Run Behavior\ParseTemplateBehavior [ RunTime:0.015001s ]
INFO: [ view_parse ] --END-- [ RunTime:0.015001s ]
INFO: [ view_filter ] --START--
INFO: Run Behavior\WriteHtmlCacheBehavior [ RunTime:0.000000s ]
INFO: [ view_filter ] --END-- [ RunTime:0.000000s ]
INFO: [ app_end ] --START--
INFO: Run Behavior\ShowPageTraceBehavior [ RunTime:0.000000s ]
INFO: [ app_end ] --END-- [ RunTime:0.000000s ]

[ 2018-05-03T19:46:23+08:00 ] 127.0.0.1 /Home/index/toPersonalMessage
INFO: [ app_init ] --START--
INFO: Run Behavior\BuildLiteBehavior [ RunTime:0.000000s ]
INFO: [ app_init ] --END-- [ RunTime:0.000000s ]
INFO: [ app_begin ] --START--
INFO: Run Behavior\ReadHtmlCacheBehavior [ RunTime:0.000000s ]
INFO: [ app_begin ] --END-- [ RunTime:0.000000s ]
SQL: SHOW COLUMNS FROM `t_driver` [ RunTime:0.0110s ]
SQL: SHOW COLUMNS FROM `t_driver` [ RunTime:0.0110s ]
SQL: SELECT * FROM `t_driver` WHERE `mobile_number` = '13794578316'  [ RunTime:0.0000s ]
INFO: [ view_parse ] --START--
INFO: [ template_filter ] --START--
INFO: Run Behavior\ContentReplaceBehavior [ RunTime:0.000000s ]
INFO: [ template_filter ] --END-- [ RunTime:0.000000s ]
NOTIC: [8] Use of undefined constant head_path - assumed 'head_path' D:\phpStudy\WWW\out_vehicle_system\out_vehicle_system2\Application\Runtime\Cache\Home\d8d836a6189bd294461cedd77112745e.php 第 29 行.
NOTIC: [8] Use of undefined constant mobile_number - assumed 'mobile_number' D:\phpStudy\WWW\out_vehicle_system\out_vehicle_system2\Application\Runtime\Cache\Home\d8d836a6189bd294461cedd77112745e.php 第 43 行.
NOTIC: [8] Use of undefined constant name - assumed 'name' D:\phpStudy\WWW\out_vehicle_system\out_vehicle_system2\Application\Runtime\Cache\Home\d8d836a6189bd294461cedd77112745e.php 第 49 行.
NOTIC: [8] Use of undefined constant head_path - assumed 'head_path' D:\phpStudy\WWW\out_vehicle_system\out_vehicle_system2\Application\Runtime\Cache\Home\d8d836a6189bd294461cedd77112745e.php 第 56 行.
INFO: Run Behavior\ParseTemplateBehavior [ RunTime:0.008000s ]
INFO: [ view_parse ] --END-- [ RunTime:0.008000s ]
INFO: [ view_filter ] --START--
INFO: Run Behavior\WriteHtmlCacheBehavior [ RunTime:0.000000s ]
INFO: [ view_filter ] --END-- [ RunTime:0.000000s ]
INFO: [ app_end ] --START--
INFO: Run Behavior\ShowPageTraceBehavior [ RunTime:0.000000s ]
INFO: [ app_end ] --END-- [ RunTime:0.000000s ]

[ 2018-05-03T19:47:02+08:00 ] 127.0.0.1 /Home/Driver/uploadProfilePhoto
INFO: [ app_init ] --START--
INFO: Run Behavior\BuildLiteBehavior [ RunTime:0.000000s ]
INFO: [ app_init ] --END-- [ RunTime:0.000000s ]
INFO: [ app_begin ] --START--
INFO: Run Behavior\ReadHtmlCacheBehavior [ RunTime:0.000000s ]
INFO: [ app_begin ] --END-- [ RunTime:0.000000s ]
SQL: SHOW COLUMNS FROM `t_driver` [ RunTime:0.0100s ]
SQL: SHOW COLUMNS FROM `t_driver` [ RunTime:0.0110s ]
SQL: UPDATE `t_driver` SET `head_path`='Application/Common/img/13794578316.png' WHERE `mobile_number` = '13794578316' [ RunTime:0.0380s ]
INFO: [ app_end ] --START--
INFO: Run Behavior\ShowPageTraceBehavior [ RunTime:0.000000s ]
INFO: [ app_end ] --END-- [ RunTime:0.000000s ]

[ 2018-05-03T19:47:06+08:00 ] 127.0.0.1 /Home/index/toPersonalMessage
INFO: [ app_init ] --START--
INFO: Run Behavior\BuildLiteBehavior [ RunTime:0.000000s ]
INFO: [ app_init ] --END-- [ RunTime:0.000000s ]
INFO: [ app_begin ] --START--
INFO: Run Behavior\ReadHtmlCacheBehavior [ RunTime:0.001000s ]
INFO: [ app_begin ] --END-- [ RunTime:0.001000s ]
SQL: SHOW COLUMNS FROM `t_driver` [ RunTime:0.0110s ]
SQL: SHOW COLUMNS FROM `t_driver` [ RunTime:0.0110s ]
SQL: SELECT * FROM `t_driver` WHERE `mobile_number` = '13794578316'  [ RunTime:0.0010s ]
INFO: [ view_parse ] --START--
INFO: [ template_filter ] --START--
INFO: Run Behavior\ContentReplaceBehavior [ RunTime:0.000000s ]
INFO: [ template_filter ] --END-- [ RunTime:0.000000s ]
NOTIC: [8] Use of undefined constant head_path - assumed 'head_path' D:\phpStudy\WWW\out_vehicle_system\out_vehicle_system2\Application\Runtime\Cache\Home\d8d836a6189bd294461cedd77112745e.php 第 29 行.
NOTIC: [8] Use of undefined constant mobile_number - assumed 'mobile_number' D:\phpStudy\WWW\out_vehicle_system\out_vehicle_system2\Application\Runtime\Cache\Home\d8d836a6189bd294461cedd77112745e.php 第 43 行.
NOTIC: [8] Use of undefined constant name - assumed 'name' D:\phpStudy\WWW\out_vehicle_system\out_vehicle_system2\Application\Runtime\Cache\Home\d8d836a6189bd294461cedd77112745e.php 第 49 行.
NOTIC: [8] Use of undefined constant head_path - assumed 'head_path' D:\phpStudy\WWW\out_vehicle_system\out_vehicle_system2\Application\Runtime\Cache\Home\d8d836a6189bd294461cedd77112745e.php 第 56 行.
INFO: Run Behavior\ParseTemplateBehavior [ RunTime:0.008000s ]
INFO: [ view_parse ] --END-- [ RunTime:0.008000s ]
INFO: [ view_filter ] --START--
INFO: Run Behavior\WriteHtmlCacheBehavior [ RunTime:0.000000s ]
INFO: [ view_filter ] --END-- [ RunTime:0.001000s ]
INFO: [ app_end ] --START--
INFO: Run Behavior\ShowPageTraceBehavior [ RunTime:0.001000s ]
INFO: [ app_end ] --END-- [ RunTime:0.001000s ]

[ 2018-05-03T19:47:10+08:00 ] 127.0.0.1 /Home/Index/loginOff
INFO: [ app_init ] --START--
INFO: Run Behavior\BuildLiteBehavior [ RunTime:0.000000s ]
INFO: [ app_init ] --END-- [ RunTime:0.000000s ]
INFO: [ app_begin ] --START--
INFO: Run Behavior\ReadHtmlCacheBehavior [ RunTime:0.000000s ]
INFO: [ app_begin ] --END-- [ RunTime:0.000000s ]

[ 2018-05-03T19:47:10+08:00 ] 127.0.0.1 /Home/Index/loginOff
INFO: [ app_init ] --START--
INFO: Run Behavior\BuildLiteBehavior [ RunTime:0.000000s ]
INFO: [ app_init ] --END-- [ RunTime:0.000000s ]
INFO: [ app_begin ] --START--
INFO: Run Behavior\ReadHtmlCacheBehavior [ RunTime:0.000000s ]
INFO: [ app_begin ] --END-- [ RunTime:0.000000s ]

[ 2018-05-03T19:47:11+08:00 ] 127.0.0.1 /Home/Index/toLogin
INFO: [ app_init ] --START--
INFO: Run Behavior\BuildLiteBehavior [ RunTime:0.000000s ]
INFO: [ app_init ] --END-- [ RunTime:0.000000s ]
INFO: [ app_begin ] --START--
INFO: Run Behavior\ReadHtmlCacheBehavior [ RunTime:0.001000s ]
INFO: [ app_begin ] --END-- [ RunTime:0.001000s ]
INFO: [ view_parse ] --START--
INFO: [ template_filter ] --START--
INFO: Run Behavior\ContentReplaceBehavior [ RunTime:0.000000s ]
INFO: [ template_filter ] --END-- [ RunTime:0.000000s ]
INFO: Run Behavior\ParseTemplateBehavior [ RunTime:0.006000s ]
INFO: [ view_parse ] --END-- [ RunTime:0.006000s ]
INFO: [ view_filter ] --START--
INFO: Run Behavior\WriteHtmlCacheBehavior [ RunTime:0.000000s ]
INFO: [ view_filter ] --END-- [ RunTime:0.000000s ]
INFO: [ app_end ] --START--
INFO: Run Behavior\ShowPageTraceBehavior [ RunTime:0.001000s ]
INFO: [ app_end ] --END-- [ RunTime:0.001000s ]

[ 2018-05-03T19:47:18+08:00 ] 127.0.0.1 /Home/Index/login
INFO: [ app_init ] --START--
INFO: Run Behavior\BuildLiteBehavior [ RunTime:0.000000s ]
INFO: [ app_init ] --END-- [ RunTime:0.001000s ]
INFO: [ app_begin ] --START--
INFO: Run Behavior\ReadHtmlCacheBehavior [ RunTime:0.001000s ]
INFO: [ app_begin ] --END-- [ RunTime:0.001000s ]
NOTIC: [8] A session had already been started - ignoring session_start() D:\phpStudy\WWW\out_vehicle_system\out_vehicle_system2\Application\Home\Controller\IndexController.class.php 第 18 行.
SQL: SHOW COLUMNS FROM `t_driver` [ RunTime:0.0110s ]
SQL: SHOW COLUMNS FROM `t_driver` [ RunTime:0.0100s ]
SQL: SELECT `head_path` FROM `t_driver` WHERE `mobile_number` = '13794578316' AND `password` = '202cb962ac59075b964b07152d234b70' LIMIT 1   [ RunTime:0.0000s ]

[ 2018-05-03T19:47:20+08:00 ] 127.0.0.1 /Home/Index/toPublicOrder
INFO: [ app_init ] --START--
INFO: Run Behavior\BuildLiteBehavior [ RunTime:0.000000s ]
INFO: [ app_init ] --END-- [ RunTime:0.001000s ]
INFO: [ app_begin ] --START--
INFO: Run Behavior\ReadHtmlCacheBehavior [ RunTime:0.000000s ]
INFO: [ app_begin ] --END-- [ RunTime:0.000000s ]
SQL: SHOW COLUMNS FROM `t_order` [ RunTime:0.0110s ]
SQL: SHOW COLUMNS FROM `t_order` [ RunTime:0.0110s ]
SQL: SHOW COLUMNS FROM `t_goods` [ RunTime:0.0110s ]
SQL: SELECT `number`,`out_destination`,`goods_id`,`goods_quantity`,`start_time` FROM `t_order` WHERE `mission_status` = 0 ORDER BY id desc  [ RunTime:0.0000s ]
SQL: SELECT `name` FROM `t_goods` WHERE `id` = 4 LIMIT 1   [ RunTime:0.0010s ]
SQL: SELECT `name` FROM `t_goods` WHERE `id` = 1 LIMIT 1   [ RunTime:0.0000s ]
SQL: SELECT `name` FROM `t_goods` WHERE `id` = 1 LIMIT 1   [ RunTime:0.0000s ]
SQL: SELECT `name` FROM `t_goods` WHERE `id` = 1 LIMIT 1   [ RunTime:0.0000s ]
SQL: SELECT `name` FROM `t_goods` WHERE `id` = 1 LIMIT 1   [ RunTime:0.0010s ]
SQL: SELECT `name` FROM `t_goods` WHERE `id` = 2 LIMIT 1   [ RunTime:0.0000s ]
SQL: SELECT `name` FROM `t_goods` WHERE `id` = 2 LIMIT 1   [ RunTime:0.0000s ]
SQL: SELECT `name` FROM `t_goods` WHERE `id` = 1 LIMIT 1   [ RunTime:0.0000s ]
SQL: SELECT `name` FROM `t_goods` WHERE `id` = 1 LIMIT 1   [ RunTime:0.0000s ]
SQL: SELECT `name` FROM `t_goods` WHERE `id` = 1 LIMIT 1   [ RunTime:0.0000s ]
SQL: SELECT `name` FROM `t_goods` WHERE `id` = 2 LIMIT 1   [ RunTime:0.0000s ]
SQL: SELECT `name` FROM `t_goods` WHERE `id` = 1 LIMIT 1   [ RunTime:0.0000s ]
SQL: SELECT `name` FROM `t_goods` WHERE `id` = 1 LIMIT 1   [ RunTime:0.0000s ]
SQL: SELECT `name` FROM `t_goods` WHERE `id` = 2 LIMIT 1   [ RunTime:0.0000s ]
SQL: SELECT `name` FROM `t_goods` WHERE `id` = 1 LIMIT 1   [ RunTime:0.0010s ]
SQL: SHOW COLUMNS FROM `t_vehicle` [ RunTime:0.0100s ]
SQL: SELECT `number`,`out_destination`,`goods_id`,`vehicle_id`,`goods_quantity`,`start_time` FROM `t_order` WHERE `mission_status` = 1 ORDER BY id desc  [ RunTime:0.0000s ]
SQL: SELECT `name` FROM `t_goods` WHERE `id` = 1 LIMIT 1   [ RunTime:0.0000s ]
SQL: SELECT `name` FROM `t_goods` WHERE `id` = 1 LIMIT 1   [ RunTime:0.0000s ]
SQL: SELECT `name` FROM `t_goods` WHERE `id` = 1 LIMIT 1   [ RunTime:0.0010s ]
SQL: SELECT `license_plate` FROM `t_vehicle` WHERE `id` = 1 LIMIT 1   [ RunTime:0.0000s ]
SQL: SELECT `license_plate` FROM `t_vehicle` WHERE `id` = 2 LIMIT 1   [ RunTime:0.0000s ]
SQL: SELECT `license_plate` FROM `t_vehicle` WHERE `id` = 3 LIMIT 1   [ RunTime:0.0000s ]
SQL: SELECT `number`,`out_destination`,`goods_id`,`vehicle_id`,`goods_quantity`,`start_time` FROM `t_order` WHERE `mission_status` = 2 ORDER BY id desc  [ RunTime:0.0010s ]
SQL: SELECT `name` FROM `t_goods` WHERE `id` = 1 LIMIT 1   [ RunTime:0.0000s ]
SQL: SELECT `real_quantity` FROM `t_goods` WHERE `id` = 1 LIMIT 1   [ RunTime:0.0000s ]
SQL: SELECT `name` FROM `t_goods` WHERE `id` = 1 LIMIT 1   [ RunTime:0.0000s ]
SQL: SELECT `real_quantity` FROM `t_goods` WHERE `id` = 1 LIMIT 1   [ RunTime:0.0000s ]
SQL: SELECT `name` FROM `t_goods` WHERE `id` = 1 LIMIT 1   [ RunTime:0.0000s ]
SQL: SELECT `real_quantity` FROM `t_goods` WHERE `id` = 1 LIMIT 1   [ RunTime:0.0000s ]
SQL: SELECT `license_plate` FROM `t_vehicle` WHERE `id` = 3 LIMIT 1   [ RunTime:0.0000s ]
SQL: SELECT `license_plate` FROM `t_vehicle` WHERE `id` = 1 LIMIT 1   [ RunTime:0.0000s ]
SQL: SELECT `license_plate` FROM `t_vehicle` WHERE `id` = 2 LIMIT 1   [ RunTime:0.0000s ]
INFO: [ view_parse ] --START--
INFO: [ template_filter ] --START--
INFO: Run Behavior\ContentReplaceBehavior [ RunTime:0.000000s ]
INFO: [ template_filter ] --END-- [ RunTime:0.000000s ]
INFO: Run Behavior\ParseTemplateBehavior [ RunTime:0.013001s ]
INFO: [ view_parse ] --END-- [ RunTime:0.013001s ]
INFO: [ view_filter ] --START--
INFO: Run Behavior\WriteHtmlCacheBehavior [ RunTime:0.001000s ]
INFO: [ view_filter ] --END-- [ RunTime:0.001000s ]
INFO: [ app_end ] --START--
INFO: Run Behavior\ShowPageTraceBehavior [ RunTime:0.001000s ]
INFO: [ app_end ] --END-- [ RunTime:0.001000s ]

[ 2018-05-03T19:47:25+08:00 ] 127.0.0.1 /Home/index/toPersonalOrderManage
INFO: [ app_init ] --START--
INFO: Run Behavior\BuildLiteBehavior [ RunTime:0.000000s ]
INFO: [ app_init ] --END-- [ RunTime:0.000000s ]
INFO: [ app_begin ] --START--
INFO: Run Behavior\ReadHtmlCacheBehavior [ RunTime:0.000000s ]
INFO: [ app_begin ] --END-- [ RunTime:0.000000s ]
SQL: SHOW COLUMNS FROM `t_order` [ RunTime:0.0090s ]
SQL: SHOW COLUMNS FROM `t_order` [ RunTime:0.0110s ]
SQL: SHOW COLUMNS FROM `t_goods` [ RunTime:0.0100s ]
SQL: SHOW COLUMNS FROM `t_driver` [ RunTime:0.0110s ]
SQL: SHOW COLUMNS FROM `t_vehicle` [ RunTime:0.0100s ]
SQL: SELECT `id` FROM `t_driver` WHERE `mobile_number` = '13794578316' LIMIT 1   [ RunTime:0.0010s ]
SQL: SELECT `number`,`out_destination`,`goods_id`,`vehicle_id`,`goods_quantity`,`start_time` FROM `t_order` WHERE `mission_status` = 1 AND `driver_id` = 1 ORDER BY id desc  [ RunTime:0.0000s ]
SQL: SELECT `name` FROM `t_goods` WHERE `id` = 1 LIMIT 1   [ RunTime:0.0010s ]
SQL: SELECT `license_plate` FROM `t_vehicle` WHERE `id` = 1 LIMIT 1   [ RunTime:0.0000s ]
SQL: SELECT `id` FROM `t_driver` WHERE `mobile_number` = '13794578316' LIMIT 1   [ RunTime:0.0000s ]
SQL: SELECT `number`,`out_destination`,`goods_id`,`vehicle_id`,`goods_quantity`,`start_time` FROM `t_order` WHERE `mission_status` = 2 AND `driver_id` = 1 ORDER BY id desc  [ RunTime:0.0010s ]
SQL: SELECT `name` FROM `t_goods` WHERE `id` = 1 LIMIT 1   [ RunTime:0.0000s ]
SQL: SELECT `real_quantity` FROM `t_goods` WHERE `id` = 1 LIMIT 1   [ RunTime:0.0000s ]
SQL: SELECT `name` FROM `t_goods` WHERE `id` = 1 LIMIT 1   [ RunTime:0.0000s ]
SQL: SELECT `real_quantity` FROM `t_goods` WHERE `id` = 1 LIMIT 1   [ RunTime:0.0000s ]
SQL: SELECT `name` FROM `t_goods` WHERE `id` = 1 LIMIT 1   [ RunTime:0.0000s ]
SQL: SELECT `real_quantity` FROM `t_goods` WHERE `id` = 1 LIMIT 1   [ RunTime:0.0000s ]
SQL: SELECT `license_plate` FROM `t_vehicle` WHERE `id` = 3 LIMIT 1   [ RunTime:0.0000s ]
SQL: SELECT `license_plate` FROM `t_vehicle` WHERE `id` = 1 LIMIT 1   [ RunTime:0.0010s ]
SQL: SELECT `license_plate` FROM `t_vehicle` WHERE `id` = 2 LIMIT 1   [ RunTime:0.0000s ]
INFO: [ view_parse ] --START--
INFO: [ template_filter ] --START--
INFO: Run Behavior\ContentReplaceBehavior [ RunTime:0.000000s ]
INFO: [ template_filter ] --END-- [ RunTime:0.000000s ]
INFO: Run Behavior\ParseTemplateBehavior [ RunTime:0.028001s ]
INFO: [ view_parse ] --END-- [ RunTime:0.028001s ]
INFO: [ view_filter ] --START--
INFO: Run Behavior\WriteHtmlCacheBehavior [ RunTime:0.000000s ]
INFO: [ view_filter ] --END-- [ RunTime:0.000000s ]
INFO: [ app_end ] --START--
INFO: Run Behavior\ShowPageTraceBehavior [ RunTime:0.001000s ]
INFO: [ app_end ] --END-- [ RunTime:0.001000s ]

[ 2018-05-03T19:47:26+08:00 ] 127.0.0.1 /Home/index/toPersonalOrderManage
INFO: [ app_init ] --START--
INFO: Run Behavior\BuildLiteBehavior [ RunTime:0.000000s ]
INFO: [ app_init ] --END-- [ RunTime:0.000000s ]
INFO: [ app_begin ] --START--
INFO: Run Behavior\ReadHtmlCacheBehavior [ RunTime:0.000000s ]
INFO: [ app_begin ] --END-- [ RunTime:0.000000s ]
SQL: SHOW COLUMNS FROM `t_order` [ RunTime:0.0110s ]
SQL: SHOW COLUMNS FROM `t_order` [ RunTime:0.0110s ]
SQL: SHOW COLUMNS FROM `t_goods` [ RunTime:0.0110s ]
SQL: SHOW COLUMNS FROM `t_driver` [ RunTime:0.0100s ]
SQL: SHOW COLUMNS FROM `t_vehicle` [ RunTime:0.0110s ]
SQL: SELECT `id` FROM `t_driver` WHERE `mobile_number` = '13794578316' LIMIT 1   [ RunTime:0.0010s ]
SQL: SELECT `number`,`out_destination`,`goods_id`,`vehicle_id`,`goods_quantity`,`start_time` FROM `t_order` WHERE `mission_status` = 1 AND `driver_id` = 1 ORDER BY id desc  [ RunTime:0.0000s ]
SQL: SELECT `name` FROM `t_goods` WHERE `id` = 1 LIMIT 1   [ RunTime:0.0000s ]
SQL: SELECT `license_plate` FROM `t_vehicle` WHERE `id` = 1 LIMIT 1   [ RunTime:0.0000s ]
SQL: SELECT `id` FROM `t_driver` WHERE `mobile_number` = '13794578316' LIMIT 1   [ RunTime:0.0000s ]
SQL: SELECT `number`,`out_destination`,`goods_id`,`vehicle_id`,`goods_quantity`,`start_time` FROM `t_order` WHERE `mission_status` = 2 AND `driver_id` = 1 ORDER BY id desc  [ RunTime:0.0000s ]
SQL: SELECT `name` FROM `t_goods` WHERE `id` = 1 LIMIT 1   [ RunTime:0.0000s ]
SQL: SELECT `real_quantity` FROM `t_goods` WHERE `id` = 1 LIMIT 1   [ RunTime:0.0000s ]
SQL: SELECT `name` FROM `t_goods` WHERE `id` = 1 LIMIT 1   [ RunTime:0.0000s ]
SQL: SELECT `real_quantity` FROM `t_goods` WHERE `id` = 1 LIMIT 1   [ RunTime:0.0000s ]
SQL: SELECT `name` FROM `t_goods` WHERE `id` = 1 LIMIT 1   [ RunTime:0.0010s ]
SQL: SELECT `real_quantity` FROM `t_goods` WHERE `id` = 1 LIMIT 1   [ RunTime:0.0000s ]
SQL: SELECT `license_plate` FROM `t_vehicle` WHERE `id` = 3 LIMIT 1   [ RunTime:0.0000s ]
SQL: SELECT `license_plate` FROM `t_vehicle` WHERE `id` = 1 LIMIT 1   [ RunTime:0.0000s ]
SQL: SELECT `license_plate` FROM `t_vehicle` WHERE `id` = 2 LIMIT 1   [ RunTime:0.0010s ]
INFO: [ view_parse ] --START--
INFO: [ template_filter ] --START--
INFO: Run Behavior\ContentReplaceBehavior [ RunTime:0.000000s ]
INFO: [ template_filter ] --END-- [ RunTime:0.001000s ]
INFO: Run Behavior\ParseTemplateBehavior [ RunTime:0.011001s ]
INFO: [ view_parse ] --END-- [ RunTime:0.011001s ]
INFO: [ view_filter ] --START--
INFO: Run Behavior\WriteHtmlCacheBehavior [ RunTime:0.001000s ]
INFO: [ view_filter ] --END-- [ RunTime:0.001000s ]
INFO: [ app_end ] --START--
INFO: Run Behavior\ShowPageTraceBehavior [ RunTime:0.000000s ]
INFO: [ app_end ] --END-- [ RunTime:0.000000s ]

[ 2018-05-03T19:47:28+08:00 ] 127.0.0.1 /Home/index/toPersonalMessage
INFO: [ app_init ] --START--
INFO: Run Behavior\BuildLiteBehavior [ RunTime:0.000000s ]
INFO: [ app_init ] --END-- [ RunTime:0.001000s ]
INFO: [ app_begin ] --START--
INFO: Run Behavior\ReadHtmlCacheBehavior [ RunTime:0.001000s ]
INFO: [ app_begin ] --END-- [ RunTime:0.001000s ]
SQL: SHOW COLUMNS FROM `t_driver` [ RunTime:0.0110s ]
SQL: SHOW COLUMNS FROM `t_driver` [ RunTime:0.0090s ]
SQL: SELECT * FROM `t_driver` WHERE `mobile_number` = '13794578316'  [ RunTime:0.0000s ]
INFO: [ view_parse ] --START--
INFO: [ template_filter ] --START--
INFO: Run Behavior\ContentReplaceBehavior [ RunTime:0.000000s ]
INFO: [ template_filter ] --END-- [ RunTime:0.000000s ]
NOTIC: [8] Use of undefined constant head_path - assumed 'head_path' D:\phpStudy\WWW\out_vehicle_system\out_vehicle_system2\Application\Runtime\Cache\Home\d8d836a6189bd294461cedd77112745e.php 第 29 行.
NOTIC: [8] Use of undefined constant mobile_number - assumed 'mobile_number' D:\phpStudy\WWW\out_vehicle_system\out_vehicle_system2\Application\Runtime\Cache\Home\d8d836a6189bd294461cedd77112745e.php 第 43 行.
NOTIC: [8] Use of undefined constant name - assumed 'name' D:\phpStudy\WWW\out_vehicle_system\out_vehicle_system2\Application\Runtime\Cache\Home\d8d836a6189bd294461cedd77112745e.php 第 49 行.
NOTIC: [8] Use of undefined constant head_path - assumed 'head_path' D:\phpStudy\WWW\out_vehicle_system\out_vehicle_system2\Application\Runtime\Cache\Home\d8d836a6189bd294461cedd77112745e.php 第 56 行.
INFO: Run Behavior\ParseTemplateBehavior [ RunTime:0.008001s ]
INFO: [ view_parse ] --END-- [ RunTime:0.009001s ]
INFO: [ view_filter ] --START--
INFO: Run Behavior\WriteHtmlCacheBehavior [ RunTime:0.000000s ]
INFO: [ view_filter ] --END-- [ RunTime:0.000000s ]
INFO: [ app_end ] --START--
INFO: Run Behavior\ShowPageTraceBehavior [ RunTime:0.001000s ]
INFO: [ app_end ] --END-- [ RunTime:0.001000s ]

[ 2018-05-03T19:47:33+08:00 ] 127.0.0.1 /Home/index/toPersonalMessage
INFO: [ app_init ] --START--
INFO: Run Behavior\BuildLiteBehavior [ RunTime:0.000000s ]
INFO: [ app_init ] --END-- [ RunTime:0.000000s ]
INFO: [ app_begin ] --START--
INFO: Run Behavior\ReadHtmlCacheBehavior [ RunTime:0.000000s ]
INFO: [ app_begin ] --END-- [ RunTime:0.000000s ]
SQL: SHOW COLUMNS FROM `t_driver` [ RunTime:0.0110s ]
SQL: SHOW COLUMNS FROM `t_driver` [ RunTime:0.0110s ]
SQL: SELECT * FROM `t_driver` WHERE `mobile_number` = '13794578316'  [ RunTime:0.0010s ]
INFO: [ view_parse ] --START--
INFO: [ template_filter ] --START--
INFO: Run Behavior\ContentReplaceBehavior [ RunTime:0.000000s ]
INFO: [ template_filter ] --END-- [ RunTime:0.000000s ]
NOTIC: [8] Use of undefined constant head_path - assumed 'head_path' D:\phpStudy\WWW\out_vehicle_system\out_vehicle_system2\Application\Runtime\Cache\Home\d8d836a6189bd294461cedd77112745e.php 第 29 行.
NOTIC: [8] Use of undefined constant mobile_number - assumed 'mobile_number' D:\phpStudy\WWW\out_vehicle_system\out_vehicle_system2\Application\Runtime\Cache\Home\d8d836a6189bd294461cedd77112745e.php 第 43 行.
NOTIC: [8] Use of undefined constant name - assumed 'name' D:\phpStudy\WWW\out_vehicle_system\out_vehicle_system2\Application\Runtime\Cache\Home\d8d836a6189bd294461cedd77112745e.php 第 49 行.
NOTIC: [8] Use of undefined constant head_path - assumed 'head_path' D:\phpStudy\WWW\out_vehicle_system\out_vehicle_system2\Application\Runtime\Cache\Home\d8d836a6189bd294461cedd77112745e.php 第 56 行.
INFO: Run Behavior\ParseTemplateBehavior [ RunTime:0.008001s ]
INFO: [ view_parse ] --END-- [ RunTime:0.008001s ]
INFO: [ view_filter ] --START--
INFO: Run Behavior\WriteHtmlCacheBehavior [ RunTime:0.000000s ]
INFO: [ view_filter ] --END-- [ RunTime:0.001000s ]
INFO: [ app_end ] --START--
INFO: Run Behavior\ShowPageTraceBehavior [ RunTime:0.000000s ]
INFO: [ app_end ] --END-- [ RunTime:0.000000s ]

[ 2018-05-03T19:48:33+08:00 ] 127.0.0.1 /Home/index/toPersonalMessage
INFO: [ app_init ] --START--
INFO: Run Behavior\BuildLiteBehavior [ RunTime:0.000000s ]
INFO: [ app_init ] --END-- [ RunTime:0.000000s ]
INFO: [ app_begin ] --START--
INFO: Run Behavior\ReadHtmlCacheBehavior [ RunTime:0.001000s ]
INFO: [ app_begin ] --END-- [ RunTime:0.001000s ]
SQL: SHOW COLUMNS FROM `t_driver` [ RunTime:0.0110s ]
SQL: SHOW COLUMNS FROM `t_driver` [ RunTime:0.0110s ]
SQL: SELECT * FROM `t_driver` WHERE `mobile_number` = '13794578316'  [ RunTime:0.0000s ]
INFO: [ view_parse ] --START--
INFO: [ template_filter ] --START--
INFO: Run Behavior\ContentReplaceBehavior [ RunTime:0.000000s ]
INFO: [ template_filter ] --END-- [ RunTime:0.000000s ]
NOTIC: [8] Use of undefined constant head_path - assumed 'head_path' D:\phpStudy\WWW\out_vehicle_system\out_vehicle_system2\Application\Runtime\Cache\Home\d8d836a6189bd294461cedd77112745e.php 第 29 行.
NOTIC: [8] Use of undefined constant mobile_number - assumed 'mobile_number' D:\phpStudy\WWW\out_vehicle_system\out_vehicle_system2\Application\Runtime\Cache\Home\d8d836a6189bd294461cedd77112745e.php 第 43 行.
NOTIC: [8] Use of undefined constant name - assumed 'name' D:\phpStudy\WWW\out_vehicle_system\out_vehicle_system2\Application\Runtime\Cache\Home\d8d836a6189bd294461cedd77112745e.php 第 49 行.
NOTIC: [8] Use of undefined constant head_path - assumed 'head_path' D:\phpStudy\WWW\out_vehicle_system\out_vehicle_system2\Application\Runtime\Cache\Home\d8d836a6189bd294461cedd77112745e.php 第 56 行.
INFO: Run Behavior\ParseTemplateBehavior [ RunTime:0.008000s ]
INFO: [ view_parse ] --END-- [ RunTime:0.008000s ]
INFO: [ view_filter ] --START--
INFO: Run Behavior\WriteHtmlCacheBehavior [ RunTime:0.001000s ]
INFO: [ view_filter ] --END-- [ RunTime:0.001000s ]
INFO: [ app_end ] --START--
INFO: Run Behavior\ShowPageTraceBehavior [ RunTime:0.000000s ]
INFO: [ app_end ] --END-- [ RunTime:0.000000s ]

[ 2018-05-03T19:48:37+08:00 ] 127.0.0.1 /Home/index/toPersonalMessage
INFO: [ app_init ] --START--
INFO: Run Behavior\BuildLiteBehavior [ RunTime:0.000000s ]
INFO: [ app_init ] --END-- [ RunTime:0.000000s ]
INFO: [ app_begin ] --START--
INFO: Run Behavior\ReadHtmlCacheBehavior [ RunTime:0.000000s ]
INFO: [ app_begin ] --END-- [ RunTime:0.001000s ]
SQL: SHOW COLUMNS FROM `t_driver` [ RunTime:0.0110s ]
SQL: SHOW COLUMNS FROM `t_driver` [ RunTime:0.0110s ]
SQL: SELECT * FROM `t_driver` WHERE `mobile_number` = '13794578316'  [ RunTime:0.0010s ]
INFO: [ view_parse ] --START--
INFO: [ template_filter ] --START--
INFO: Run Behavior\ContentReplaceBehavior [ RunTime:0.000000s ]
INFO: [ template_filter ] --END-- [ RunTime:0.000000s ]
NOTIC: [8] Use of undefined constant head_path - assumed 'head_path' D:\phpStudy\WWW\out_vehicle_system\out_vehicle_system2\Application\Runtime\Cache\Home\d8d836a6189bd294461cedd77112745e.php 第 29 行.
NOTIC: [8] Use of undefined constant mobile_number - assumed 'mobile_number' D:\phpStudy\WWW\out_vehicle_system\out_vehicle_system2\Application\Runtime\Cache\Home\d8d836a6189bd294461cedd77112745e.php 第 43 行.
NOTIC: [8] Use of undefined constant name - assumed 'name' D:\phpStudy\WWW\out_vehicle_system\out_vehicle_system2\Application\Runtime\Cache\Home\d8d836a6189bd294461cedd77112745e.php 第 49 行.
NOTIC: [8] Use of undefined constant head_path - assumed 'head_path' D:\phpStudy\WWW\out_vehicle_system\out_vehicle_system2\Application\Runtime\Cache\Home\d8d836a6189bd294461cedd77112745e.php 第 56 行.
INFO: Run Behavior\ParseTemplateBehavior [ RunTime:0.008000s ]
INFO: [ view_parse ] --END-- [ RunTime:0.008000s ]
INFO: [ view_filter ] --START--
INFO: Run Behavior\WriteHtmlCacheBehavior [ RunTime:0.001001s ]
INFO: [ view_filter ] --END-- [ RunTime:0.001001s ]
INFO: [ app_end ] --START--
INFO: Run Behavior\ShowPageTraceBehavior [ RunTime:0.001000s ]
INFO: [ app_end ] --END-- [ RunTime:0.001000s ]

[ 2018-05-03T19:49:04+08:00 ] 127.0.0.1 /Home/Driver/uploadProfilePhoto
INFO: [ app_init ] --START--
INFO: Run Behavior\BuildLiteBehavior [ RunTime:0.000000s ]
INFO: [ app_init ] --END-- [ RunTime:0.000000s ]
INFO: [ app_begin ] --START--
INFO: Run Behavior\ReadHtmlCacheBehavior [ RunTime:0.001000s ]
INFO: [ app_begin ] --END-- [ RunTime:0.001000s ]
SQL: SHOW COLUMNS FROM `t_driver` [ RunTime:0.0100s ]
SQL: SHOW COLUMNS FROM `t_driver` [ RunTime:0.0110s ]
SQL: UPDATE `t_driver` SET `head_path`='Application/Common/img/13794578316.png' WHERE `mobile_number` = '13794578316' [ RunTime:0.0300s ]
INFO: [ app_end ] --START--
INFO: Run Behavior\ShowPageTraceBehavior [ RunTime:0.000000s ]
INFO: [ app_end ] --END-- [ RunTime:0.000000s ]

[ 2018-05-03T19:49:10+08:00 ] 127.0.0.1 /Home/Driver/uploadProfilePhoto
INFO: [ app_init ] --START--
INFO: Run Behavior\BuildLiteBehavior [ RunTime:0.000000s ]
INFO: [ app_init ] --END-- [ RunTime:0.000000s ]
INFO: [ app_begin ] --START--
INFO: Run Behavior\ReadHtmlCacheBehavior [ RunTime:0.000000s ]
INFO: [ app_begin ] --END-- [ RunTime:0.000000s ]
SQL: SHOW COLUMNS FROM `t_driver` [ RunTime:0.0110s ]
SQL: SHOW COLUMNS FROM `t_driver` [ RunTime:0.0120s ]
SQL: UPDATE `t_driver` SET `head_path`='Application/Common/img/13794578316.png' WHERE `mobile_number` = '13794578316' [ RunTime:0.0750s ]
INFO: [ app_end ] --START--
INFO: Run Behavior\ShowPageTraceBehavior [ RunTime:0.001000s ]
INFO: [ app_end ] --END-- [ RunTime:0.001000s ]

[ 2018-05-03T19:54:19+08:00 ] 127.0.0.1 /Home/index/toPersonalOrder
INFO: [ app_init ] --START--
INFO: Run Behavior\BuildLiteBehavior [ RunTime:0.000000s ]
INFO: [ app_init ] --END-- [ RunTime:0.001000s ]
INFO: [ app_begin ] --START--
INFO: Run Behavior\ReadHtmlCacheBehavior [ RunTime:0.001000s ]
INFO: [ app_begin ] --END-- [ RunTime:0.001000s ]
SQL: SHOW COLUMNS FROM `t_order` [ RunTime:0.0100s ]
SQL: SHOW COLUMNS FROM `t_order` [ RunTime:0.0100s ]
SQL: SHOW COLUMNS FROM `t_goods` [ RunTime:0.0110s ]
SQL: SHOW COLUMNS FROM `t_driver` [ RunTime:0.0110s ]
SQL: SHOW COLUMNS FROM `t_vehicle` [ RunTime:0.0100s ]
SQL: SELECT `id` FROM `t_driver` WHERE `mobile_number` = '13794578316' LIMIT 1   [ RunTime:0.0000s ]
SQL: SELECT `number`,`out_destination`,`goods_id`,`vehicle_id`,`goods_quantity`,`start_time` FROM `t_order` WHERE `mission_status` = 1 AND `driver_id` = 1 ORDER BY id desc  [ RunTime:0.0010s ]
SQL: SELECT `name` FROM `t_goods` WHERE `id` = 1 LIMIT 1   [ RunTime:0.0000s ]
SQL: SELECT `license_plate` FROM `t_vehicle` WHERE `id` = 1 LIMIT 1   [ RunTime:0.0000s ]
INFO: [ view_parse ] --START--
INFO: [ template_filter ] --START--
INFO: Run Behavior\ContentReplaceBehavior [ RunTime:0.000000s ]
INFO: [ template_filter ] --END-- [ RunTime:0.000000s ]
INFO: Run Behavior\ParseTemplateBehavior [ RunTime:0.023001s ]
INFO: [ view_parse ] --END-- [ RunTime:0.023001s ]
INFO: [ view_filter ] --START--
INFO: Run Behavior\WriteHtmlCacheBehavior [ RunTime:0.000000s ]
INFO: [ view_filter ] --END-- [ RunTime:0.000000s ]
INFO: [ app_end ] --START--
INFO: Run Behavior\ShowPageTraceBehavior [ RunTime:0.000000s ]
INFO: [ app_end ] --END-- [ RunTime:0.001000s ]

[ 2018-05-03T19:54:21+08:00 ] 127.0.0.1 /Home/Order/selectPersonalUnFinish
INFO: [ app_init ] --START--
INFO: Run Behavior\BuildLiteBehavior [ RunTime:0.000000s ]
INFO: [ app_init ] --END-- [ RunTime:0.000000s ]
INFO: [ app_begin ] --START--
INFO: Run Behavior\ReadHtmlCacheBehavior [ RunTime:0.000000s ]
INFO: [ app_begin ] --END-- [ RunTime:0.000000s ]
SQL: SHOW COLUMNS FROM `t_order` [ RunTime:0.0110s ]
SQL: SHOW COLUMNS FROM `t_order` [ RunTime:0.0110s ]
SQL: SHOW COLUMNS FROM `t_goods` [ RunTime:0.0110s ]
SQL: SHOW COLUMNS FROM `t_driver` [ RunTime:0.0110s ]
SQL: SHOW COLUMNS FROM `t_vehicle` [ RunTime:0.0110s ]
SQL: SELECT `id` FROM `t_driver` WHERE `mobile_number` = '13794578316' LIMIT 1   [ RunTime:0.0000s ]
SQL: SELECT `number`,`out_destination`,`goods_id`,`vehicle_id`,`goods_quantity`,`start_time` FROM `t_order` WHERE `mission_status` = 1 AND `driver_id` = 1 ORDER BY id desc  [ RunTime:0.0010s ]
SQL: SELECT `name` FROM `t_goods` WHERE `id` = 1 LIMIT 1   [ RunTime:0.0000s ]
SQL: SELECT `license_plate` FROM `t_vehicle` WHERE `id` = 1 LIMIT 1   [ RunTime:0.0000s ]
INFO: [ app_end ] --START--
INFO: Run Behavior\ShowPageTraceBehavior [ RunTime:0.001000s ]
INFO: [ app_end ] --END-- [ RunTime:0.001000s ]

[ 2018-05-03T19:54:24+08:00 ] 127.0.0.1 /Home/index/toPersonalMessage
INFO: [ app_init ] --START--
INFO: Run Behavior\BuildLiteBehavior [ RunTime:0.000000s ]
INFO: [ app_init ] --END-- [ RunTime:0.000000s ]
INFO: [ app_begin ] --START--
INFO: Run Behavior\ReadHtmlCacheBehavior [ RunTime:0.001000s ]
INFO: [ app_begin ] --END-- [ RunTime:0.001000s ]
SQL: SHOW COLUMNS FROM `t_driver` [ RunTime:0.0110s ]
SQL: SHOW COLUMNS FROM `t_driver` [ RunTime:0.0100s ]
SQL: SELECT * FROM `t_driver` WHERE `mobile_number` = '13794578316'  [ RunTime:0.0000s ]
INFO: [ view_parse ] --START--
INFO: [ template_filter ] --START--
INFO: Run Behavior\ContentReplaceBehavior [ RunTime:0.000000s ]
INFO: [ template_filter ] --END-- [ RunTime:0.000000s ]
NOTIC: [8] Use of undefined constant head_path - assumed 'head_path' D:\phpStudy\WWW\out_vehicle_system\out_vehicle_system2\Application\Runtime\Cache\Home\d8d836a6189bd294461cedd77112745e.php 第 29 行.
NOTIC: [8] Use of undefined constant mobile_number - assumed 'mobile_number' D:\phpStudy\WWW\out_vehicle_system\out_vehicle_system2\Application\Runtime\Cache\Home\d8d836a6189bd294461cedd77112745e.php 第 43 行.
NOTIC: [8] Use of undefined constant name - assumed 'name' D:\phpStudy\WWW\out_vehicle_system\out_vehicle_system2\Application\Runtime\Cache\Home\d8d836a6189bd294461cedd77112745e.php 第 49 行.
NOTIC: [8] Use of undefined constant head_path - assumed 'head_path' D:\phpStudy\WWW\out_vehicle_system\out_vehicle_system2\Application\Runtime\Cache\Home\d8d836a6189bd294461cedd77112745e.php 第 56 行.
INFO: Run Behavior\ParseTemplateBehavior [ RunTime:0.009001s ]
INFO: [ view_parse ] --END-- [ RunTime:0.009001s ]
INFO: [ view_filter ] --START--
INFO: Run Behavior\WriteHtmlCacheBehavior [ RunTime:0.000000s ]
INFO: [ view_filter ] --END-- [ RunTime:0.000000s ]
INFO: [ app_end ] --START--
INFO: Run Behavior\ShowPageTraceBehavior [ RunTime:0.001000s ]
INFO: [ app_end ] --END-- [ RunTime:0.001000s ]

[ 2018-05-03T19:54:32+08:00 ] 127.0.0.1 /Home/index/toAlertPassword
INFO: [ app_init ] --START--
INFO: Run Behavior\BuildLiteBehavior [ RunTime:0.000000s ]
INFO: [ app_init ] --END-- [ RunTime:0.000000s ]
INFO: [ app_begin ] --START--
INFO: Run Behavior\ReadHtmlCacheBehavior [ RunTime:0.001000s ]
INFO: [ app_begin ] --END-- [ RunTime:0.001000s ]
INFO: [ view_parse ] --START--
INFO: [ template_filter ] --START--
INFO: Run Behavior\ContentReplaceBehavior [ RunTime:0.000000s ]
INFO: [ template_filter ] --END-- [ RunTime:0.000000s ]
INFO: Run Behavior\ParseTemplateBehavior [ RunTime:0.022001s ]
INFO: [ view_parse ] --END-- [ RunTime:0.022001s ]
INFO: [ view_filter ] --START--
INFO: Run Behavior\WriteHtmlCacheBehavior [ RunTime:0.001000s ]
INFO: [ view_filter ] --END-- [ RunTime:0.001000s ]
INFO: [ app_end ] --START--
INFO: Run Behavior\ShowPageTraceBehavior [ RunTime:0.001000s ]
INFO: [ app_end ] --END-- [ RunTime:0.001000s ]

[ 2018-05-03T19:54:32+08:00 ] 127.0.0.1 /Home/index/toAlertPassword
INFO: [ app_init ] --START--
INFO: Run Behavior\BuildLiteBehavior [ RunTime:0.000000s ]
INFO: [ app_init ] --END-- [ RunTime:0.001000s ]
INFO: [ app_begin ] --START--
INFO: Run Behavior\ReadHtmlCacheBehavior [ RunTime:0.001000s ]
INFO: [ app_begin ] --END-- [ RunTime:0.001000s ]
INFO: [ view_parse ] --START--
INFO: [ template_filter ] --START--
INFO: Run Behavior\ContentReplaceBehavior [ RunTime:0.000000s ]
INFO: [ template_filter ] --END-- [ RunTime:0.000000s ]
INFO: Run Behavior\ParseTemplateBehavior [ RunTime:0.009000s ]
INFO: [ view_parse ] --END-- [ RunTime:0.009000s ]
INFO: [ view_filter ] --START--
INFO: Run Behavior\WriteHtmlCacheBehavior [ RunTime:0.000000s ]
INFO: [ view_filter ] --END-- [ RunTime:0.001000s ]
INFO: [ app_end ] --START--
INFO: Run Behavior\ShowPageTraceBehavior [ RunTime:0.000000s ]
INFO: [ app_end ] --END-- [ RunTime:0.000000s ]

[ 2018-05-03T19:54:42+08:00 ] 127.0.0.1 /Home/index/toPersonalMessage
INFO: [ app_init ] --START--
INFO: Run Behavior\BuildLiteBehavior [ RunTime:0.000000s ]
INFO: [ app_init ] --END-- [ RunTime:0.000000s ]
INFO: [ app_begin ] --START--
INFO: Run Behavior\ReadHtmlCacheBehavior [ RunTime:0.001000s ]
INFO: [ app_begin ] --END-- [ RunTime:0.001000s ]
SQL: SHOW COLUMNS FROM `t_driver` [ RunTime:0.0100s ]
SQL: SHOW COLUMNS FROM `t_driver` [ RunTime:0.0110s ]
SQL: SELECT * FROM `t_driver` WHERE `mobile_number` = '13794578316'  [ RunTime:0.0000s ]
INFO: [ view_parse ] --START--
INFO: [ template_filter ] --START--
INFO: Run Behavior\ContentReplaceBehavior [ RunTime:0.000000s ]
INFO: [ template_filter ] --END-- [ RunTime:0.000000s ]
NOTIC: [8] Use of undefined constant head_path - assumed 'head_path' D:\phpStudy\WWW\out_vehicle_system\out_vehicle_system2\Application\Runtime\Cache\Home\d8d836a6189bd294461cedd77112745e.php 第 29 行.
NOTIC: [8] Use of undefined constant mobile_number - assumed 'mobile_number' D:\phpStudy\WWW\out_vehicle_system\out_vehicle_system2\Application\Runtime\Cache\Home\d8d836a6189bd294461cedd77112745e.php 第 43 行.
NOTIC: [8] Use of undefined constant name - assumed 'name' D:\phpStudy\WWW\out_vehicle_system\out_vehicle_system2\Application\Runtime\Cache\Home\d8d836a6189bd294461cedd77112745e.php 第 49 行.
NOTIC: [8] Use of undefined constant head_path - assumed 'head_path' D:\phpStudy\WWW\out_vehicle_system\out_vehicle_system2\Application\Runtime\Cache\Home\d8d836a6189bd294461cedd77112745e.php 第 56 行.
INFO: Run Behavior\ParseTemplateBehavior [ RunTime:0.008000s ]
INFO: [ view_parse ] --END-- [ RunTime:0.008000s ]
INFO: [ view_filter ] --START--
INFO: Run Behavior\WriteHtmlCacheBehavior [ RunTime:0.001000s ]
INFO: [ view_filter ] --END-- [ RunTime:0.001000s ]
INFO: [ app_end ] --START--
INFO: Run Behavior\ShowPageTraceBehavior [ RunTime:0.001000s ]
INFO: [ app_end ] --END-- [ RunTime:0.001000s ]

[ 2018-05-03T19:54:55+08:00 ] 127.0.0.1 /Home/Driver/uploadProfilePhoto
INFO: [ app_init ] --START--
INFO: Run Behavior\BuildLiteBehavior [ RunTime:0.000000s ]
INFO: [ app_init ] --END-- [ RunTime:0.001000s ]
INFO: [ app_begin ] --START--
INFO: Run Behavior\ReadHtmlCacheBehavior [ RunTime:0.001000s ]
INFO: [ app_begin ] --END-- [ RunTime:0.001000s ]
SQL: SHOW COLUMNS FROM `t_driver` [ RunTime:0.0100s ]
SQL: SHOW COLUMNS FROM `t_driver` [ RunTime:0.0110s ]
SQL: UPDATE `t_driver` SET `head_path`='Application/Common/img/13794578316.png' WHERE `mobile_number` = '13794578316' [ RunTime:0.0430s ]
INFO: [ app_end ] --START--
INFO: Run Behavior\ShowPageTraceBehavior [ RunTime:0.001000s ]
INFO: [ app_end ] --END-- [ RunTime:0.001000s ]

[ 2018-05-03T19:55:41+08:00 ] 127.0.0.1 /Home/index/toPersonalMessage
INFO: [ app_init ] --START--
INFO: Run Behavior\BuildLiteBehavior [ RunTime:0.000000s ]
INFO: [ app_init ] --END-- [ RunTime:0.001000s ]
INFO: [ app_begin ] --START--
INFO: Run Behavior\ReadHtmlCacheBehavior [ RunTime:0.001000s ]
INFO: [ app_begin ] --END-- [ RunTime:0.001000s ]
SQL: SHOW COLUMNS FROM `t_driver` [ RunTime:0.0110s ]
SQL: SHOW COLUMNS FROM `t_driver` [ RunTime:0.0100s ]
SQL: SELECT * FROM `t_driver` WHERE `mobile_number` = '13794578316'  [ RunTime:0.0010s ]
INFO: [ view_parse ] --START--
INFO: [ template_filter ] --START--
INFO: Run Behavior\ContentReplaceBehavior [ RunTime:0.000000s ]
INFO: [ template_filter ] --END-- [ RunTime:0.000000s ]
NOTIC: [8] Use of undefined constant head_path - assumed 'head_path' D:\phpStudy\WWW\out_vehicle_system\out_vehicle_system2\Application\Runtime\Cache\Home\d8d836a6189bd294461cedd77112745e.php 第 29 行.
NOTIC: [8] Use of undefined constant mobile_number - assumed 'mobile_number' D:\phpStudy\WWW\out_vehicle_system\out_vehicle_system2\Application\Runtime\Cache\Home\d8d836a6189bd294461cedd77112745e.php 第 43 行.
NOTIC: [8] Use of undefined constant name - assumed 'name' D:\phpStudy\WWW\out_vehicle_system\out_vehicle_system2\Application\Runtime\Cache\Home\d8d836a6189bd294461cedd77112745e.php 第 49 行.
NOTIC: [8] Use of undefined constant head_path - assumed 'head_path' D:\phpStudy\WWW\out_vehicle_system\out_vehicle_system2\Application\Runtime\Cache\Home\d8d836a6189bd294461cedd77112745e.php 第 56 行.
INFO: Run Behavior\ParseTemplateBehavior [ RunTime:0.009001s ]
INFO: [ view_parse ] --END-- [ RunTime:0.009001s ]
INFO: [ view_filter ] --START--
INFO: Run Behavior\WriteHtmlCacheBehavior [ RunTime:0.000000s ]
INFO: [ view_filter ] --END-- [ RunTime:0.000000s ]
INFO: [ app_end ] --START--
INFO: Run Behavior\ShowPageTraceBehavior [ RunTime:0.001000s ]
INFO: [ app_end ] --END-- [ RunTime:0.001000s ]

[ 2018-05-03T19:56:03+08:00 ] 127.0.0.1 /Home/index/toPersonalMessage
INFO: [ app_init ] --START--
INFO: Run Behavior\BuildLiteBehavior [ RunTime:0.000000s ]
INFO: [ app_init ] --END-- [ RunTime:0.000000s ]
INFO: [ app_begin ] --START--
INFO: Run Behavior\ReadHtmlCacheBehavior [ RunTime:0.001000s ]
INFO: [ app_begin ] --END-- [ RunTime:0.001000s ]
SQL: SHOW COLUMNS FROM `t_driver` [ RunTime:0.0110s ]
SQL: SHOW COLUMNS FROM `t_driver` [ RunTime:0.0110s ]
SQL: SELECT * FROM `t_driver` WHERE `mobile_number` = '13794578316'  [ RunTime:0.0010s ]
INFO: [ view_parse ] --START--
INFO: [ template_filter ] --START--
INFO: Run Behavior\ContentReplaceBehavior [ RunTime:0.000000s ]
INFO: [ template_filter ] --END-- [ RunTime:0.000000s ]
NOTIC: [8] Use of undefined constant head_path - assumed 'head_path' D:\phpStudy\WWW\out_vehicle_system\out_vehicle_system2\Application\Runtime\Cache\Home\d8d836a6189bd294461cedd77112745e.php 第 29 行.
NOTIC: [8] Use of undefined constant mobile_number - assumed 'mobile_number' D:\phpStudy\WWW\out_vehicle_system\out_vehicle_system2\Application\Runtime\Cache\Home\d8d836a6189bd294461cedd77112745e.php 第 43 行.
NOTIC: [8] Use of undefined constant name - assumed 'name' D:\phpStudy\WWW\out_vehicle_system\out_vehicle_system2\Application\Runtime\Cache\Home\d8d836a6189bd294461cedd77112745e.php 第 49 行.
NOTIC: [8] Use of undefined constant head_path - assumed 'head_path' D:\phpStudy\WWW\out_vehicle_system\out_vehicle_system2\Application\Runtime\Cache\Home\d8d836a6189bd294461cedd77112745e.php 第 56 行.
INFO: Run Behavior\ParseTemplateBehavior [ RunTime:0.008000s ]
INFO: [ view_parse ] --END-- [ RunTime:0.008000s ]
INFO: [ view_filter ] --START--
INFO: Run Behavior\WriteHtmlCacheBehavior [ RunTime:0.001000s ]
INFO: [ view_filter ] --END-- [ RunTime:0.001000s ]
INFO: [ app_end ] --START--
INFO: Run Behavior\ShowPageTraceBehavior [ RunTime:0.001000s ]
INFO: [ app_end ] --END-- [ RunTime:0.001000s ]

[ 2018-05-03T21:31:12+08:00 ] 127.0.0.1 /Home/index/toPersonalOrder
INFO: [ app_init ] --START--
INFO: Run Behavior\BuildLiteBehavior [ RunTime:0.000000s ]
INFO: [ app_init ] --END-- [ RunTime:0.001000s ]
INFO: [ app_begin ] --START--
INFO: Run Behavior\ReadHtmlCacheBehavior [ RunTime:0.001000s ]
INFO: [ app_begin ] --END-- [ RunTime:0.001000s ]
SQL: SHOW COLUMNS FROM `t_order` [ RunTime:0.0110s ]
SQL: SHOW COLUMNS FROM `t_order` [ RunTime:0.0120s ]
SQL: SHOW COLUMNS FROM `t_goods` [ RunTime:0.0100s ]
SQL: SHOW COLUMNS FROM `t_driver` [ RunTime:0.0110s ]
SQL: SHOW COLUMNS FROM `t_vehicle` [ RunTime:0.0120s ]
SQL: SELECT `id` FROM `t_driver` WHERE `mobile_number` = '13794578316' LIMIT 1   [ RunTime:0.0000s ]
SQL: SELECT `number`,`out_destination`,`goods_id`,`vehicle_id`,`goods_quantity`,`start_time` FROM `t_order` WHERE `mission_status` = 1 AND `driver_id` = 1 ORDER BY id desc  [ RunTime:0.0000s ]
SQL: SELECT `name` FROM `t_goods` WHERE `id` = 1 LIMIT 1   [ RunTime:0.0000s ]
SQL: SELECT `license_plate` FROM `t_vehicle` WHERE `id` = 1 LIMIT 1   [ RunTime:0.0000s ]
INFO: [ view_parse ] --START--
INFO: [ template_filter ] --START--
INFO: Run Behavior\ContentReplaceBehavior [ RunTime:0.000000s ]
INFO: [ template_filter ] --END-- [ RunTime:0.000000s ]
INFO: Run Behavior\ParseTemplateBehavior [ RunTime:0.010000s ]
INFO: [ view_parse ] --END-- [ RunTime:0.010000s ]
INFO: [ view_filter ] --START--
INFO: Run Behavior\WriteHtmlCacheBehavior [ RunTime:0.000000s ]
INFO: [ view_filter ] --END-- [ RunTime:0.000000s ]
INFO: [ app_end ] --START--
INFO: Run Behavior\ShowPageTraceBehavior [ RunTime:0.001001s ]
INFO: [ app_end ] --END-- [ RunTime:0.001001s ]

[ 2018-05-03T21:31:13+08:00 ] 127.0.0.1 /Home/Order/selectPersonalUnFinish
INFO: [ app_init ] --START--
INFO: Run Behavior\BuildLiteBehavior [ RunTime:0.000000s ]
INFO: [ app_init ] --END-- [ RunTime:0.000000s ]
INFO: [ app_begin ] --START--
INFO: Run Behavior\ReadHtmlCacheBehavior [ RunTime:0.000000s ]
INFO: [ app_begin ] --END-- [ RunTime:0.000000s ]
SQL: SHOW COLUMNS FROM `t_order` [ RunTime:0.0110s ]
SQL: SHOW COLUMNS FROM `t_order` [ RunTime:0.0110s ]
SQL: SHOW COLUMNS FROM `t_goods` [ RunTime:0.0110s ]
SQL: SHOW COLUMNS FROM `t_driver` [ RunTime:0.0110s ]
SQL: SHOW COLUMNS FROM `t_vehicle` [ RunTime:0.0110s ]
SQL: SELECT `id` FROM `t_driver` WHERE `mobile_number` = '13794578316' LIMIT 1   [ RunTime:0.0000s ]
SQL: SELECT `number`,`out_destination`,`goods_id`,`vehicle_id`,`goods_quantity`,`start_time` FROM `t_order` WHERE `mission_status` = 1 AND `driver_id` = 1 ORDER BY id desc  [ RunTime:0.0010s ]
SQL: SELECT `name` FROM `t_goods` WHERE `id` = 1 LIMIT 1   [ RunTime:0.0000s ]
SQL: SELECT `license_plate` FROM `t_vehicle` WHERE `id` = 1 LIMIT 1   [ RunTime:0.0000s ]
INFO: [ app_end ] --START--
INFO: Run Behavior\ShowPageTraceBehavior [ RunTime:0.001000s ]
INFO: [ app_end ] --END-- [ RunTime:0.001000s ]

[ 2018-05-03T21:31:17+08:00 ] 127.0.0.1 /Home/index/toPersonalMessage
INFO: [ app_init ] --START--
INFO: Run Behavior\BuildLiteBehavior [ RunTime:0.000000s ]
INFO: [ app_init ] --END-- [ RunTime:0.000000s ]
INFO: [ app_begin ] --START--
INFO: Run Behavior\ReadHtmlCacheBehavior [ RunTime:0.001000s ]
INFO: [ app_begin ] --END-- [ RunTime:0.001000s ]
SQL: SHOW COLUMNS FROM `t_driver` [ RunTime:0.0120s ]
SQL: SHOW COLUMNS FROM `t_driver` [ RunTime:0.0110s ]
SQL: SELECT * FROM `t_driver` WHERE `mobile_number` = '13794578316'  [ RunTime:0.0000s ]
INFO: [ view_parse ] --START--
INFO: [ template_filter ] --START--
INFO: Run Behavior\ContentReplaceBehavior [ RunTime:0.000000s ]
INFO: [ template_filter ] --END-- [ RunTime:0.000000s ]
NOTIC: [8] Use of undefined constant head_path - assumed 'head_path' D:\phpStudy\WWW\out_vehicle_system\out_vehicle_system2\Application\Runtime\Cache\Home\d8d836a6189bd294461cedd77112745e.php 第 29 行.
NOTIC: [8] Use of undefined constant mobile_number - assumed 'mobile_number' D:\phpStudy\WWW\out_vehicle_system\out_vehicle_system2\Application\Runtime\Cache\Home\d8d836a6189bd294461cedd77112745e.php 第 43 行.
NOTIC: [8] Use of undefined constant name - assumed 'name' D:\phpStudy\WWW\out_vehicle_system\out_vehicle_system2\Application\Runtime\Cache\Home\d8d836a6189bd294461cedd77112745e.php 第 49 行.
NOTIC: [8] Use of undefined constant head_path - assumed 'head_path' D:\phpStudy\WWW\out_vehicle_system\out_vehicle_system2\Application\Runtime\Cache\Home\d8d836a6189bd294461cedd77112745e.php 第 56 行.
INFO: Run Behavior\ParseTemplateBehavior [ RunTime:0.007001s ]
INFO: [ view_parse ] --END-- [ RunTime:0.007001s ]
INFO: [ view_filter ] --START--
INFO: Run Behavior\WriteHtmlCacheBehavior [ RunTime:0.000000s ]
INFO: [ view_filter ] --END-- [ RunTime:0.000000s ]
INFO: [ app_end ] --START--
INFO: Run Behavior\ShowPageTraceBehavior [ RunTime:0.001000s ]
INFO: [ app_end ] --END-- [ RunTime:0.001000s ]

[ 2018-05-03T21:31:29+08:00 ] 127.0.0.1 /Home/Driver/uploadProfilePhoto
INFO: [ app_init ] --START--
INFO: Run Behavior\BuildLiteBehavior [ RunTime:0.000000s ]
INFO: [ app_init ] --END-- [ RunTime:0.000000s ]
INFO: [ app_begin ] --START--
INFO: Run Behavior\ReadHtmlCacheBehavior [ RunTime:0.001000s ]
INFO: [ app_begin ] --END-- [ RunTime:0.001000s ]
SQL: SHOW COLUMNS FROM `t_driver` [ RunTime:0.0100s ]
SQL: SHOW COLUMNS FROM `t_driver` [ RunTime:0.0100s ]
SQL: UPDATE `t_driver` SET `head_path`='Application/Common/img/13794578316.png' WHERE `mobile_number` = '13794578316' [ RunTime:0.0370s ]
INFO: [ app_end ] --START--
INFO: Run Behavior\ShowPageTraceBehavior [ RunTime:0.001000s ]
INFO: [ app_end ] --END-- [ RunTime:0.001000s ]

[ 2018-05-03T21:31:42+08:00 ] 127.0.0.1 /Home/index/toPersonalMessage
INFO: [ app_init ] --START--
INFO: Run Behavior\BuildLiteBehavior [ RunTime:0.000000s ]
INFO: [ app_init ] --END-- [ RunTime:0.000000s ]
INFO: [ app_begin ] --START--
INFO: Run Behavior\ReadHtmlCacheBehavior [ RunTime:0.000000s ]
INFO: [ app_begin ] --END-- [ RunTime:0.001000s ]
SQL: SHOW COLUMNS FROM `t_driver` [ RunTime:0.0100s ]
SQL: SHOW COLUMNS FROM `t_driver` [ RunTime:0.0100s ]
SQL: SELECT * FROM `t_driver` WHERE `mobile_number` = '13794578316'  [ RunTime:0.0000s ]
INFO: [ view_parse ] --START--
INFO: [ template_filter ] --START--
INFO: Run Behavior\ContentReplaceBehavior [ RunTime:0.000000s ]
INFO: [ template_filter ] --END-- [ RunTime:0.000000s ]
NOTIC: [8] Use of undefined constant head_path - assumed 'head_path' D:\phpStudy\WWW\out_vehicle_system\out_vehicle_system2\Application\Runtime\Cache\Home\d8d836a6189bd294461cedd77112745e.php 第 29 行.
NOTIC: [8] Use of undefined constant mobile_number - assumed 'mobile_number' D:\phpStudy\WWW\out_vehicle_system\out_vehicle_system2\Application\Runtime\Cache\Home\d8d836a6189bd294461cedd77112745e.php 第 43 行.
NOTIC: [8] Use of undefined constant name - assumed 'name' D:\phpStudy\WWW\out_vehicle_system\out_vehicle_system2\Application\Runtime\Cache\Home\d8d836a6189bd294461cedd77112745e.php 第 49 行.
NOTIC: [8] Use of undefined constant head_path - assumed 'head_path' D:\phpStudy\WWW\out_vehicle_system\out_vehicle_system2\Application\Runtime\Cache\Home\d8d836a6189bd294461cedd77112745e.php 第 56 行.
INFO: Run Behavior\ParseTemplateBehavior [ RunTime:0.009001s ]
INFO: [ view_parse ] --END-- [ RunTime:0.009001s ]
INFO: [ view_filter ] --START--
INFO: Run Behavior\WriteHtmlCacheBehavior [ RunTime:0.000000s ]
INFO: [ view_filter ] --END-- [ RunTime:0.000000s ]
INFO: [ app_end ] --START--
INFO: Run Behavior\ShowPageTraceBehavior [ RunTime:0.001000s ]
INFO: [ app_end ] --END-- [ RunTime:0.001000s ]

[ 2018-05-03T21:31:47+08:00 ] 127.0.0.1 /Home/Driver/uploadProfilePhoto
INFO: [ app_init ] --START--
INFO: Run Behavior\BuildLiteBehavior [ RunTime:0.000000s ]
INFO: [ app_init ] --END-- [ RunTime:0.000000s ]
INFO: [ app_begin ] --START--
INFO: Run Behavior\ReadHtmlCacheBehavior [ RunTime:0.001001s ]
INFO: [ app_begin ] --END-- [ RunTime:0.002001s ]
SQL: SHOW COLUMNS FROM `t_driver` [ RunTime:0.0100s ]
SQL: SHOW COLUMNS FROM `t_driver` [ RunTime:0.0110s ]
SQL: UPDATE `t_driver` SET `head_path`='Application/Common/img/13794578316.png' WHERE `mobile_number` = '13794578316' [ RunTime:0.0380s ]
INFO: [ app_end ] --START--
INFO: Run Behavior\ShowPageTraceBehavior [ RunTime:0.001000s ]
INFO: [ app_end ] --END-- [ RunTime:0.001000s ]

