[ 2018-05-14T12:45:11+08:00 ] 127.0.0.1 /index.php/Home/Index/toEidtmy.html
INFO: [ app_init ] --START--
INFO: Run Behavior\BuildLiteBehavior [ RunTime:0.000052s ]
INFO: [ app_init ] --END-- [ RunTime:0.002266s ]
INFO: [ app_begin ] --START--
INFO: Run Behavior\ReadHtmlCacheBehavior [ RunTime:0.003641s ]
INFO: [ app_begin ] --END-- [ RunTime:0.003821s ]
INFO: [ view_parse ] --START--
INFO: [ template_filter ] --START--
INFO: Run Behavior\ContentReplaceBehavior [ RunTime:0.000097s ]
INFO: [ template_filter ] --END-- [ RunTime:0.000227s ]
INFO: Run Behavior\ParseTemplateBehavior [ RunTime:0.038193s ]
INFO: [ view_parse ] --END-- [ RunTime:0.038347s ]
INFO: [ view_filter ] --START--
INFO: Run Behavior\WriteHtmlCacheBehavior [ RunTime:0.001347s ]
INFO: [ view_filter ] --END-- [ RunTime:0.001469s ]
INFO: [ app_end ] --START--
INFO: Run Behavior\ShowPageTraceBehavior [ RunTime:0.003312s ]
INFO: [ app_end ] --END-- [ RunTime:0.003427s ]

[ 2018-05-14T12:45:12+08:00 ] 127.0.0.1 /index.php/Home/Index/_ROOT__/Application/Home/View/js/flexible.js
INFO: [ app_init ] --START--
INFO: Run Behavior\BuildLiteBehavior [ RunTime:0.000042s ]
INFO: [ app_init ] --END-- [ RunTime:0.001353s ]
INFO: [ app_begin ] --START--
INFO: Run Behavior\ReadHtmlCacheBehavior [ RunTime:0.001667s ]
INFO: [ app_begin ] --END-- [ RunTime:0.001822s ]
ERR: 非法操作:_ROOT__

[ 2018-05-14T12:45:12+08:00 ] 127.0.0.1 /index.php/Home/Index/_ROOT__/Application/Home/View/js/jquery.min%20weui.js
INFO: [ app_init ] --START--
INFO: Run Behavior\BuildLiteBehavior [ RunTime:0.000040s ]
INFO: [ app_init ] --END-- [ RunTime:0.001063s ]
INFO: [ app_begin ] --START--
INFO: Run Behavior\ReadHtmlCacheBehavior [ RunTime:0.001499s ]
INFO: [ app_begin ] --END-- [ RunTime:0.001648s ]
ERR: 非法操作:_ROOT__

[ 2018-05-14T12:45:12+08:00 ] 127.0.0.1 /index.php/Home/Index/_ROOT__/Application/Home/View/css/jquery-weui.min.css
INFO: [ app_init ] --START--
INFO: Run Behavior\BuildLiteBehavior [ RunTime:0.000070s ]
INFO: [ app_init ] --END-- [ RunTime:0.002132s ]
INFO: [ app_begin ] --START--
INFO: Run Behavior\ReadHtmlCacheBehavior [ RunTime:0.002017s ]
INFO: [ app_begin ] --END-- [ RunTime:0.002182s ]
ERR: 非法操作:_ROOT__

[ 2018-05-14T12:45:12+08:00 ] 127.0.0.1 /index.php/Home/Index/_ROOT__/Application/Home/View/css/weui.min.css
INFO: [ app_init ] --START--
INFO: Run Behavior\BuildLiteBehavior [ RunTime:0.000046s ]
INFO: [ app_init ] --END-- [ RunTime:0.001742s ]
INFO: [ app_begin ] --START--
INFO: Run Behavior\ReadHtmlCacheBehavior [ RunTime:0.002081s ]
INFO: [ app_begin ] --END-- [ RunTime:0.002284s ]
ERR: 非法操作:_ROOT__

[ 2018-05-14T12:45:12+08:00 ] 127.0.0.1 /index.php/Home/Index/_ROOT__/Application/Home/View/css/myInfo.css
INFO: [ app_init ] --START--
INFO: Run Behavior\BuildLiteBehavior [ RunTime:0.000047s ]
INFO: [ app_init ] --END-- [ RunTime:0.002072s ]
INFO: [ app_begin ] --START--
INFO: Run Behavior\ReadHtmlCacheBehavior [ RunTime:0.001916s ]
INFO: [ app_begin ] --END-- [ RunTime:0.002069s ]
ERR: 非法操作:_ROOT__

[ 2018-05-14T12:45:12+08:00 ] 127.0.0.1 /index.php/Home/Index/_ROOT__/Application/Home/View/js/vue.min.js
INFO: [ app_init ] --START--
INFO: Run Behavior\BuildLiteBehavior [ RunTime:0.000040s ]
INFO: [ app_init ] --END-- [ RunTime:0.001322s ]
INFO: [ app_begin ] --START--
INFO: Run Behavior\ReadHtmlCacheBehavior [ RunTime:0.002948s ]
INFO: [ app_begin ] --END-- [ RunTime:0.003124s ]
ERR: 非法操作:_ROOT__

[ 2018-05-14T12:45:12+08:00 ] 127.0.0.1 /index.php/Home/Index/_ROOT__/Application/Home/View/js/jquery-weui.min.js
INFO: [ app_init ] --START--
INFO: Run Behavior\BuildLiteBehavior [ RunTime:0.000039s ]
INFO: [ app_init ] --END-- [ RunTime:0.001308s ]
INFO: [ app_begin ] --START--
INFO: Run Behavior\ReadHtmlCacheBehavior [ RunTime:0.003202s ]
INFO: [ app_begin ] --END-- [ RunTime:0.003398s ]
ERR: 非法操作:_ROOT__

[ 2018-05-14T12:45:12+08:00 ] 127.0.0.1 /index.php/Home/Index/_ROOT__/Application/Home/View/js/flexible.js
INFO: [ app_init ] --START--
INFO: Run Behavior\BuildLiteBehavior [ RunTime:0.000043s ]
INFO: [ app_init ] --END-- [ RunTime:0.001136s ]
INFO: [ app_begin ] --START--
INFO: Run Behavior\ReadHtmlCacheBehavior [ RunTime:0.002948s ]
INFO: [ app_begin ] --END-- [ RunTime:0.003133s ]
ERR: 非法操作:_ROOT__

[ 2018-05-14T12:45:13+08:00 ] 127.0.0.1 /index.php/Home/Index/_ROOT__/Application/Home/View/css/jquery-weui.min.css
INFO: [ app_init ] --START--
INFO: Run Behavior\BuildLiteBehavior [ RunTime:0.000048s ]
INFO: [ app_init ] --END-- [ RunTime:0.001602s ]
INFO: [ app_begin ] --START--
INFO: Run Behavior\ReadHtmlCacheBehavior [ RunTime:0.002038s ]
INFO: [ app_begin ] --END-- [ RunTime:0.002203s ]
ERR: 非法操作:_ROOT__

[ 2018-05-14T12:45:13+08:00 ] 127.0.0.1 /index.php/Home/Index/_ROOT__/Application/Home/View/js/vue.min.js
INFO: [ app_init ] --START--
INFO: Run Behavior\BuildLiteBehavior [ RunTime:0.000044s ]
INFO: [ app_init ] --END-- [ RunTime:0.001414s ]
INFO: [ app_begin ] --START--
INFO: Run Behavior\ReadHtmlCacheBehavior [ RunTime:0.002261s ]
INFO: [ app_begin ] --END-- [ RunTime:0.002437s ]
ERR: 非法操作:_ROOT__

[ 2018-05-14T12:45:13+08:00 ] 127.0.0.1 /index.php/Home/Index/_ROOT__/Application/Home/View/css/myInfo.css
INFO: [ app_init ] --START--
INFO: Run Behavior\BuildLiteBehavior [ RunTime:0.000040s ]
INFO: [ app_init ] --END-- [ RunTime:0.001092s ]
INFO: [ app_begin ] --START--
INFO: Run Behavior\ReadHtmlCacheBehavior [ RunTime:0.001748s ]
INFO: [ app_begin ] --END-- [ RunTime:0.001923s ]
ERR: 非法操作:_ROOT__

[ 2018-05-14T12:45:13+08:00 ] 127.0.0.1 /index.php/Home/Index/_ROOT__/Application/Home/View/css/weui.min.css
INFO: [ app_init ] --START--
INFO: Run Behavior\BuildLiteBehavior [ RunTime:0.000045s ]
INFO: [ app_init ] --END-- [ RunTime:0.001759s ]
INFO: [ app_begin ] --START--
INFO: Run Behavior\ReadHtmlCacheBehavior [ RunTime:0.033841s ]
INFO: [ app_begin ] --END-- [ RunTime:0.034038s ]
ERR: 非法操作:_ROOT__

[ 2018-05-14T12:45:13+08:00 ] 127.0.0.1 /index.php/Home/Index/_ROOT__/Application/Home/View/js/jquery.min%20weui.js
INFO: [ app_init ] --START--
INFO: Run Behavior\BuildLiteBehavior [ RunTime:0.000044s ]
INFO: [ app_init ] --END-- [ RunTime:0.001467s ]
INFO: [ app_begin ] --START--
INFO: Run Behavior\ReadHtmlCacheBehavior [ RunTime:0.007281s ]
INFO: [ app_begin ] --END-- [ RunTime:0.007568s ]
ERR: 非法操作:_ROOT__

[ 2018-05-14T12:45:13+08:00 ] 127.0.0.1 /index.php/Home/Index/_ROOT__/Application/Home/View/js/jquery-weui.min.js
INFO: [ app_init ] --START--
INFO: Run Behavior\BuildLiteBehavior [ RunTime:0.000050s ]
INFO: [ app_init ] --END-- [ RunTime:0.001198s ]
INFO: [ app_begin ] --START--
INFO: Run Behavior\ReadHtmlCacheBehavior [ RunTime:0.002256s ]
INFO: [ app_begin ] --END-- [ RunTime:0.002430s ]
ERR: 非法操作:_ROOT__

[ 2018-05-14T12:45:17+08:00 ] 127.0.0.1 /index.php/Home/Index/toEidtmy.html
INFO: [ app_init ] --START--
INFO: Run Behavior\BuildLiteBehavior [ RunTime:0.000045s ]
INFO: [ app_init ] --END-- [ RunTime:0.001017s ]
INFO: [ app_begin ] --START--
INFO: Run Behavior\ReadHtmlCacheBehavior [ RunTime:0.001987s ]
INFO: [ app_begin ] --END-- [ RunTime:0.002140s ]
INFO: [ view_parse ] --START--
INFO: [ template_filter ] --START--
INFO: Run Behavior\ContentReplaceBehavior [ RunTime:0.000110s ]
INFO: [ template_filter ] --END-- [ RunTime:0.000261s ]
INFO: Run Behavior\ParseTemplateBehavior [ RunTime:0.030085s ]
INFO: [ view_parse ] --END-- [ RunTime:0.031310s ]
INFO: [ view_filter ] --START--
INFO: Run Behavior\WriteHtmlCacheBehavior [ RunTime:0.001844s ]
INFO: [ view_filter ] --END-- [ RunTime:0.002004s ]
INFO: [ app_end ] --START--
INFO: Run Behavior\ShowPageTraceBehavior [ RunTime:0.003670s ]
INFO: [ app_end ] --END-- [ RunTime:0.004068s ]

[ 2018-05-14T12:45:18+08:00 ] 127.0.0.1 /index.php/Home/Index/_ROOT__/Application/Home/View/js/jquery.min%20weui.js
INFO: [ app_init ] --START--
INFO: Run Behavior\BuildLiteBehavior [ RunTime:0.000047s ]
INFO: [ app_init ] --END-- [ RunTime:0.002228s ]
INFO: [ app_begin ] --START--
INFO: Run Behavior\ReadHtmlCacheBehavior [ RunTime:0.001675s ]
INFO: [ app_begin ] --END-- [ RunTime:0.001841s ]
ERR: 非法操作:_ROOT__

[ 2018-05-14T12:45:18+08:00 ] 127.0.0.1 /index.php/Home/Index/_ROOT__/Application/Home/View/js/jquery-weui.min.js
INFO: [ app_init ] --START--
INFO: Run Behavior\BuildLiteBehavior [ RunTime:0.000040s ]
INFO: [ app_init ] --END-- [ RunTime:0.000997s ]
INFO: [ app_begin ] --START--
INFO: Run Behavior\ReadHtmlCacheBehavior [ RunTime:0.002237s ]
INFO: [ app_begin ] --END-- [ RunTime:0.002504s ]
ERR: 非法操作:_ROOT__

[ 2018-05-14T12:45:18+08:00 ] 127.0.0.1 /index.php/Home/Index/_ROOT__/Application/Home/View/js/flexible.js
INFO: [ app_init ] --START--
INFO: Run Behavior\BuildLiteBehavior [ RunTime:0.000043s ]
INFO: [ app_init ] --END-- [ RunTime:0.001058s ]
INFO: [ app_begin ] --START--
INFO: Run Behavior\ReadHtmlCacheBehavior [ RunTime:0.002553s ]
INFO: [ app_begin ] --END-- [ RunTime:0.002723s ]
ERR: 非法操作:_ROOT__

[ 2018-05-14T12:45:18+08:00 ] 127.0.0.1 /index.php/Home/Index/_ROOT__/Application/Home/View/css/weui.min.css
INFO: [ app_init ] --START--
INFO: Run Behavior\BuildLiteBehavior [ RunTime:0.000044s ]
INFO: [ app_init ] --END-- [ RunTime:0.001054s ]
INFO: [ app_begin ] --START--
INFO: Run Behavior\ReadHtmlCacheBehavior [ RunTime:0.001699s ]
INFO: [ app_begin ] --END-- [ RunTime:0.001852s ]
ERR: 非法操作:_ROOT__

[ 2018-05-14T12:45:18+08:00 ] 127.0.0.1 /index.php/Home/Index/_ROOT__/Application/Home/View/css/myInfo.css
INFO: [ app_init ] --START--
INFO: Run Behavior\BuildLiteBehavior [ RunTime:0.000037s ]
INFO: [ app_init ] --END-- [ RunTime:0.001067s ]
INFO: [ app_begin ] --START--
INFO: Run Behavior\ReadHtmlCacheBehavior [ RunTime:0.002681s ]
INFO: [ app_begin ] --END-- [ RunTime:0.002830s ]
ERR: 非法操作:_ROOT__

[ 2018-05-14T12:45:18+08:00 ] 127.0.0.1 /index.php/Home/Index/_ROOT__/Application/Home/View/js/vue.min.js
INFO: [ app_init ] --START--
INFO: Run Behavior\BuildLiteBehavior [ RunTime:0.000037s ]
INFO: [ app_init ] --END-- [ RunTime:0.000976s ]
INFO: [ app_begin ] --START--
INFO: Run Behavior\ReadHtmlCacheBehavior [ RunTime:0.001947s ]
INFO: [ app_begin ] --END-- [ RunTime:0.002096s ]
ERR: 非法操作:_ROOT__

[ 2018-05-14T12:45:18+08:00 ] 127.0.0.1 /index.php/Home/Index/_ROOT__/Application/Home/View/css/jquery-weui.min.css
INFO: [ app_init ] --START--
INFO: Run Behavior\BuildLiteBehavior [ RunTime:0.000044s ]
INFO: [ app_init ] --END-- [ RunTime:0.004625s ]
INFO: [ app_begin ] --START--
INFO: Run Behavior\ReadHtmlCacheBehavior [ RunTime:0.007933s ]
INFO: [ app_begin ] --END-- [ RunTime:0.008091s ]
ERR: 非法操作:_ROOT__

[ 2018-05-14T12:45:18+08:00 ] 127.0.0.1 /index.php/Home/Index/_ROOT__/Application/Home/View/js/flexible.js
INFO: [ app_init ] --START--
INFO: Run Behavior\BuildLiteBehavior [ RunTime:0.000041s ]
INFO: [ app_init ] --END-- [ RunTime:0.001064s ]
INFO: [ app_begin ] --START--
INFO: Run Behavior\ReadHtmlCacheBehavior [ RunTime:0.001722s ]
INFO: [ app_begin ] --END-- [ RunTime:0.001905s ]
ERR: 非法操作:_ROOT__

[ 2018-05-14T12:45:19+08:00 ] 127.0.0.1 /index.php/Home/Index/_ROOT__/Application/Home/View/css/myInfo.css
INFO: [ app_init ] --START--
INFO: Run Behavior\BuildLiteBehavior [ RunTime:0.000040s ]
INFO: [ app_init ] --END-- [ RunTime:0.001059s ]
INFO: [ app_begin ] --START--
INFO: Run Behavior\ReadHtmlCacheBehavior [ RunTime:0.002698s ]
INFO: [ app_begin ] --END-- [ RunTime:0.002851s ]
ERR: 非法操作:_ROOT__

[ 2018-05-14T12:45:19+08:00 ] 127.0.0.1 /index.php/Home/Index/_ROOT__/Application/Home/View/js/vue.min.js
INFO: [ app_init ] --START--
INFO: Run Behavior\BuildLiteBehavior [ RunTime:0.000045s ]
INFO: [ app_init ] --END-- [ RunTime:0.001909s ]
INFO: [ app_begin ] --START--
INFO: Run Behavior\ReadHtmlCacheBehavior [ RunTime:0.001465s ]
INFO: [ app_begin ] --END-- [ RunTime:0.001612s ]
ERR: 非法操作:_ROOT__

[ 2018-05-14T12:45:19+08:00 ] 127.0.0.1 /index.php/Home/Index/_ROOT__/Application/Home/View/css/jquery-weui.min.css
INFO: [ app_init ] --START--
INFO: Run Behavior\BuildLiteBehavior [ RunTime:0.000044s ]
INFO: [ app_init ] --END-- [ RunTime:0.001112s ]
INFO: [ app_begin ] --START--
INFO: Run Behavior\ReadHtmlCacheBehavior [ RunTime:0.001499s ]
INFO: [ app_begin ] --END-- [ RunTime:0.001648s ]
ERR: 非法操作:_ROOT__

[ 2018-05-14T12:45:19+08:00 ] 127.0.0.1 /index.php/Home/Index/_ROOT__/Application/Home/View/css/weui.min.css
INFO: [ app_init ] --START--
INFO: Run Behavior\BuildLiteBehavior [ RunTime:0.000038s ]
INFO: [ app_init ] --END-- [ RunTime:0.001098s ]
INFO: [ app_begin ] --START--
INFO: Run Behavior\ReadHtmlCacheBehavior [ RunTime:0.002092s ]
INFO: [ app_begin ] --END-- [ RunTime:0.002269s ]
ERR: 非法操作:_ROOT__

[ 2018-05-14T12:45:19+08:00 ] 127.0.0.1 /index.php/Home/Index/_ROOT__/Application/Home/View/js/jquery.min%20weui.js
INFO: [ app_init ] --START--
INFO: Run Behavior\BuildLiteBehavior [ RunTime:0.000043s ]
INFO: [ app_init ] --END-- [ RunTime:0.001330s ]
INFO: [ app_begin ] --START--
INFO: Run Behavior\ReadHtmlCacheBehavior [ RunTime:0.002337s ]
INFO: [ app_begin ] --END-- [ RunTime:0.002534s ]
ERR: 非法操作:_ROOT__

[ 2018-05-14T12:45:19+08:00 ] 127.0.0.1 /index.php/Home/Index/_ROOT__/Application/Home/View/js/jquery-weui.min.js
INFO: [ app_init ] --START--
INFO: Run Behavior\BuildLiteBehavior [ RunTime:0.000040s ]
INFO: [ app_init ] --END-- [ RunTime:0.001034s ]
INFO: [ app_begin ] --START--
INFO: Run Behavior\ReadHtmlCacheBehavior [ RunTime:0.001687s ]
INFO: [ app_begin ] --END-- [ RunTime:0.001855s ]
ERR: 非法操作:_ROOT__

[ 2018-05-14T12:45:40+08:00 ] 127.0.0.1 /index.php/Home/Index/toEidtmy.html
INFO: [ app_init ] --START--
INFO: Run Behavior\BuildLiteBehavior [ RunTime:0.000074s ]
INFO: [ app_init ] --END-- [ RunTime:0.001612s ]
INFO: [ app_begin ] --START--
INFO: Run Behavior\ReadHtmlCacheBehavior [ RunTime:0.001698s ]
INFO: [ app_begin ] --END-- [ RunTime:0.001982s ]
INFO: [ view_parse ] --START--
INFO: [ template_filter ] --START--
INFO: Run Behavior\ContentReplaceBehavior [ RunTime:0.000111s ]
INFO: [ template_filter ] --END-- [ RunTime:0.000265s ]
INFO: Run Behavior\ParseTemplateBehavior [ RunTime:0.044133s ]
INFO: [ view_parse ] --END-- [ RunTime:0.044296s ]
INFO: [ view_filter ] --START--
INFO: Run Behavior\WriteHtmlCacheBehavior [ RunTime:0.001850s ]
INFO: [ view_filter ] --END-- [ RunTime:0.001965s ]
INFO: [ app_end ] --START--
INFO: Run Behavior\ShowPageTraceBehavior [ RunTime:0.006486s ]
INFO: [ app_end ] --END-- [ RunTime:0.006610s ]

[ 2018-05-14T12:45:40+08:00 ] 127.0.0.1 /index.php/Home/Index/_ROOT__/Application/Home/View/js/flexible.js
INFO: [ app_init ] --START--
INFO: Run Behavior\BuildLiteBehavior [ RunTime:0.000045s ]
INFO: [ app_init ] --END-- [ RunTime:0.001081s ]
INFO: [ app_begin ] --START--
INFO: Run Behavior\ReadHtmlCacheBehavior [ RunTime:0.001557s ]
INFO: [ app_begin ] --END-- [ RunTime:0.001719s ]
ERR: 非法操作:_ROOT__

[ 2018-05-14T12:45:40+08:00 ] 127.0.0.1 /index.php/Home/Index/_ROOT__/Application/Home/View/css/myInfo.css
INFO: [ app_init ] --START--
INFO: Run Behavior\BuildLiteBehavior [ RunTime:0.000042s ]
INFO: [ app_init ] --END-- [ RunTime:0.001047s ]
INFO: [ app_begin ] --START--
INFO: Run Behavior\ReadHtmlCacheBehavior [ RunTime:0.003400s ]
INFO: [ app_begin ] --END-- [ RunTime:0.003560s ]
ERR: 非法操作:_ROOT__

[ 2018-05-14T12:45:40+08:00 ] 127.0.0.1 /index.php/Home/Index/_ROOT__/Application/Home/View/css/weui.min.css
INFO: [ app_init ] --START--
INFO: Run Behavior\BuildLiteBehavior [ RunTime:0.001459s ]
INFO: [ app_init ] --END-- [ RunTime:0.004193s ]
INFO: [ app_begin ] --START--
INFO: Run Behavior\ReadHtmlCacheBehavior [ RunTime:0.004304s ]
INFO: [ app_begin ] --END-- [ RunTime:0.004570s ]
ERR: 非法操作:_ROOT__

[ 2018-05-14T12:45:40+08:00 ] 127.0.0.1 /index.php/Home/Index/_ROOT__/Application/Home/View/js/jquery-weui.min.js
INFO: [ app_init ] --START--
INFO: Run Behavior\BuildLiteBehavior [ RunTime:0.000043s ]
INFO: [ app_init ] --END-- [ RunTime:0.056978s ]
INFO: [ app_begin ] --START--
INFO: Run Behavior\ReadHtmlCacheBehavior [ RunTime:0.006291s ]
INFO: [ app_begin ] --END-- [ RunTime:0.006470s ]
ERR: 非法操作:_ROOT__

[ 2018-05-14T12:45:40+08:00 ] 127.0.0.1 /index.php/Home/Index/_ROOT__/Application/Home/View/css/jquery-weui.min.css
INFO: [ app_init ] --START--
INFO: Run Behavior\BuildLiteBehavior [ RunTime:0.000045s ]
INFO: [ app_init ] --END-- [ RunTime:0.001195s ]
INFO: [ app_begin ] --START--
INFO: Run Behavior\ReadHtmlCacheBehavior [ RunTime:0.003771s ]
INFO: [ app_begin ] --END-- [ RunTime:0.004172s ]
ERR: 非法操作:_ROOT__

[ 2018-05-14T12:45:40+08:00 ] 127.0.0.1 /index.php/Home/Index/_ROOT__/Application/Home/View/js/vue.min.js
INFO: [ app_init ] --START--
INFO: Run Behavior\BuildLiteBehavior [ RunTime:0.000040s ]
INFO: [ app_init ] --END-- [ RunTime:0.001033s ]
INFO: [ app_begin ] --START--
INFO: Run Behavior\ReadHtmlCacheBehavior [ RunTime:0.003483s ]
INFO: [ app_begin ] --END-- [ RunTime:0.003659s ]
ERR: 非法操作:_ROOT__

[ 2018-05-14T12:45:40+08:00 ] 127.0.0.1 /index.php/Home/Index/_ROOT__/Application/Home/View/js/jquery.min%20weui.js
INFO: [ app_init ] --START--
INFO: Run Behavior\BuildLiteBehavior [ RunTime:0.000048s ]
INFO: [ app_init ] --END-- [ RunTime:0.005866s ]
INFO: [ app_begin ] --START--
INFO: Run Behavior\ReadHtmlCacheBehavior [ RunTime:0.001811s ]
INFO: [ app_begin ] --END-- [ RunTime:0.001979s ]
ERR: 非法操作:_ROOT__

[ 2018-05-14T12:45:41+08:00 ] 127.0.0.1 /index.php/Home/Index/_ROOT__/Application/Home/View/js/flexible.js
INFO: [ app_init ] --START--
INFO: Run Behavior\BuildLiteBehavior [ RunTime:0.000048s ]
INFO: [ app_init ] --END-- [ RunTime:0.001204s ]
INFO: [ app_begin ] --START--
INFO: Run Behavior\ReadHtmlCacheBehavior [ RunTime:0.001834s ]
INFO: [ app_begin ] --END-- [ RunTime:0.002103s ]
ERR: 非法操作:_ROOT__

[ 2018-05-14T12:45:41+08:00 ] 127.0.0.1 /index.php/Home/Index/_ROOT__/Application/Home/View/css/myInfo.css
INFO: [ app_init ] --START--
INFO: Run Behavior\BuildLiteBehavior [ RunTime:0.000046s ]
INFO: [ app_init ] --END-- [ RunTime:0.001053s ]
INFO: [ app_begin ] --START--
INFO: Run Behavior\ReadHtmlCacheBehavior [ RunTime:0.001587s ]
INFO: [ app_begin ] --END-- [ RunTime:0.001740s ]
ERR: 非法操作:_ROOT__

[ 2018-05-14T12:45:41+08:00 ] 127.0.0.1 /index.php/Home/Index/_ROOT__/Application/Home/View/css/weui.min.css
INFO: [ app_init ] --START--
INFO: Run Behavior\BuildLiteBehavior [ RunTime:0.000058s ]
INFO: [ app_init ] --END-- [ RunTime:0.001264s ]
INFO: [ app_begin ] --START--
INFO: Run Behavior\ReadHtmlCacheBehavior [ RunTime:0.003234s ]
INFO: [ app_begin ] --END-- [ RunTime:0.004056s ]
ERR: 非法操作:_ROOT__

[ 2018-05-14T12:45:41+08:00 ] 127.0.0.1 /index.php/Home/Index/_ROOT__/Application/Home/View/css/jquery-weui.min.css
INFO: [ app_init ] --START--
INFO: Run Behavior\BuildLiteBehavior [ RunTime:0.000047s ]
INFO: [ app_init ] --END-- [ RunTime:0.002758s ]
INFO: [ app_begin ] --START--
INFO: Run Behavior\ReadHtmlCacheBehavior [ RunTime:0.001895s ]
INFO: [ app_begin ] --END-- [ RunTime:0.002132s ]
ERR: 非法操作:_ROOT__

[ 2018-05-14T12:45:41+08:00 ] 127.0.0.1 /index.php/Home/Index/_ROOT__/Application/Home/View/js/vue.min.js
INFO: [ app_init ] --START--
INFO: Run Behavior\BuildLiteBehavior [ RunTime:0.000046s ]
INFO: [ app_init ] --END-- [ RunTime:0.001138s ]
INFO: [ app_begin ] --START--
INFO: Run Behavior\ReadHtmlCacheBehavior [ RunTime:0.002838s ]
INFO: [ app_begin ] --END-- [ RunTime:0.003014s ]
ERR: 非法操作:_ROOT__

[ 2018-05-14T12:45:42+08:00 ] 127.0.0.1 /index.php/Home/Index/_ROOT__/Application/Home/View/js/jquery.min%20weui.js
INFO: [ app_init ] --START--
INFO: Run Behavior\BuildLiteBehavior [ RunTime:0.000081s ]
INFO: [ app_init ] --END-- [ RunTime:0.001330s ]
INFO: [ app_begin ] --START--
INFO: Run Behavior\ReadHtmlCacheBehavior [ RunTime:0.002956s ]
INFO: [ app_begin ] --END-- [ RunTime:0.003165s ]
ERR: 非法操作:_ROOT__

[ 2018-05-14T12:45:42+08:00 ] 127.0.0.1 /index.php/Home/Index/_ROOT__/Application/Home/View/js/jquery-weui.min.js
INFO: [ app_init ] --START--
INFO: Run Behavior\BuildLiteBehavior [ RunTime:0.000037s ]
INFO: [ app_init ] --END-- [ RunTime:0.001068s ]
INFO: [ app_begin ] --START--
INFO: Run Behavior\ReadHtmlCacheBehavior [ RunTime:0.001765s ]
INFO: [ app_begin ] --END-- [ RunTime:0.001999s ]
ERR: 非法操作:_ROOT__

[ 2018-05-14T12:46:37+08:00 ] 127.0.0.1 /index.php/Home/Index/toEidtmy.html
INFO: [ app_init ] --START--
INFO: Run Behavior\BuildLiteBehavior [ RunTime:0.000040s ]
INFO: [ app_init ] --END-- [ RunTime:0.001528s ]
INFO: [ app_begin ] --START--
INFO: Run Behavior\ReadHtmlCacheBehavior [ RunTime:0.003109s ]
INFO: [ app_begin ] --END-- [ RunTime:0.003271s ]
INFO: [ view_parse ] --START--
INFO: [ template_filter ] --START--
INFO: Run Behavior\ContentReplaceBehavior [ RunTime:0.000100s ]
INFO: [ template_filter ] --END-- [ RunTime:0.000244s ]
INFO: Run Behavior\ParseTemplateBehavior [ RunTime:0.036452s ]
INFO: [ view_parse ] --END-- [ RunTime:0.036642s ]
INFO: [ view_filter ] --START--
INFO: Run Behavior\WriteHtmlCacheBehavior [ RunTime:0.003832s ]
INFO: [ view_filter ] --END-- [ RunTime:0.004002s ]
INFO: [ app_end ] --START--
INFO: Run Behavior\ShowPageTraceBehavior [ RunTime:0.002714s ]
INFO: [ app_end ] --END-- [ RunTime:0.002871s ]

[ 2018-05-14T12:46:37+08:00 ] 127.0.0.1 /index.php/Home/Index/_ROOT__/Application/Home/View/css/myInfo.css
INFO: [ app_init ] --START--
INFO: Run Behavior\BuildLiteBehavior [ RunTime:0.000047s ]
INFO: [ app_init ] --END-- [ RunTime:0.001369s ]
INFO: [ app_begin ] --START--
INFO: Run Behavior\ReadHtmlCacheBehavior [ RunTime:0.007482s ]
INFO: [ app_begin ] --END-- [ RunTime:0.007727s ]
ERR: 非法操作:_ROOT__

[ 2018-05-14T12:46:38+08:00 ] 127.0.0.1 /index.php/Home/Index/_ROOT__/Application/Home/View/css/myInfo.css
INFO: [ app_init ] --START--
INFO: Run Behavior\BuildLiteBehavior [ RunTime:0.000049s ]
INFO: [ app_init ] --END-- [ RunTime:0.001684s ]
INFO: [ app_begin ] --START--
INFO: Run Behavior\ReadHtmlCacheBehavior [ RunTime:0.002522s ]
INFO: [ app_begin ] --END-- [ RunTime:0.002759s ]
ERR: 非法操作:_ROOT__

[ 2018-05-14T12:46:56+08:00 ] 127.0.0.1 /index.php/Home/Index/toEidtmy.html
INFO: [ app_init ] --START--
INFO: Run Behavior\BuildLiteBehavior [ RunTime:0.000047s ]
INFO: [ app_init ] --END-- [ RunTime:0.002473s ]
INFO: [ app_begin ] --START--
INFO: Run Behavior\ReadHtmlCacheBehavior [ RunTime:0.001436s ]
INFO: [ app_begin ] --END-- [ RunTime:0.001750s ]
INFO: [ view_parse ] --START--
INFO: [ template_filter ] --START--
INFO: Run Behavior\ContentReplaceBehavior [ RunTime:0.000106s ]
INFO: [ template_filter ] --END-- [ RunTime:0.000343s ]
INFO: Run Behavior\ParseTemplateBehavior [ RunTime:0.034278s ]
INFO: [ view_parse ] --END-- [ RunTime:0.034467s ]
INFO: [ view_filter ] --START--
INFO: Run Behavior\WriteHtmlCacheBehavior [ RunTime:0.001263s ]
INFO: [ view_filter ] --END-- [ RunTime:0.001393s ]
INFO: [ app_end ] --START--
INFO: Run Behavior\ShowPageTraceBehavior [ RunTime:0.002626s ]
INFO: [ app_end ] --END-- [ RunTime:0.002768s ]

[ 2018-05-14T12:49:55+08:00 ] 127.0.0.1 /index.php/Home/Index/toMy.html
INFO: [ app_init ] --START--
INFO: Run Behavior\BuildLiteBehavior [ RunTime:0.000041s ]
INFO: [ app_init ] --END-- [ RunTime:0.001231s ]
INFO: [ app_begin ] --START--
INFO: Run Behavior\ReadHtmlCacheBehavior [ RunTime:0.003226s ]
INFO: [ app_begin ] --END-- [ RunTime:0.003397s ]
INFO: [ view_parse ] --START--
INFO: [ template_filter ] --START--
INFO: Run Behavior\ContentReplaceBehavior [ RunTime:0.000085s ]
INFO: [ template_filter ] --END-- [ RunTime:0.000211s ]
INFO: Run Behavior\ParseTemplateBehavior [ RunTime:0.039249s ]
INFO: [ view_parse ] --END-- [ RunTime:0.039596s ]
INFO: [ view_filter ] --START--
INFO: Run Behavior\WriteHtmlCacheBehavior [ RunTime:0.001634s ]
INFO: [ view_filter ] --END-- [ RunTime:0.001730s ]
INFO: [ app_end ] --START--
INFO: Run Behavior\ShowPageTraceBehavior [ RunTime:0.003200s ]
INFO: [ app_end ] --END-- [ RunTime:0.003301s ]

[ 2018-05-14T12:56:54+08:00 ] 127.0.0.1 /
INFO: [ app_init ] --START--
INFO: Run Behavior\BuildLiteBehavior [ RunTime:0.000028s ]
INFO: [ app_init ] --END-- [ RunTime:0.000890s ]
INFO: [ app_begin ] --START--
INFO: Run Behavior\ReadHtmlCacheBehavior [ RunTime:0.002422s ]
INFO: [ app_begin ] --END-- [ RunTime:0.002712s ]
NOTIC: [8] Undefined index: nonce F:\phpStudy\PHPTutorial\WWW\vehicle_order_system\vehicle_order_system\Application\Home\Controller\IndexController.class.php 第 10 行.
NOTIC: [8] Undefined index: timestamp F:\phpStudy\PHPTutorial\WWW\vehicle_order_system\vehicle_order_system\Application\Home\Controller\IndexController.class.php 第 12 行.
NOTIC: [8] Undefined index: echostr F:\phpStudy\PHPTutorial\WWW\vehicle_order_system\vehicle_order_system\Application\Home\Controller\IndexController.class.php 第 13 行.
NOTIC: [8] Undefined index: signature F:\phpStudy\PHPTutorial\WWW\vehicle_order_system\vehicle_order_system\Application\Home\Controller\IndexController.class.php 第 14 行.
INFO: [ view_parse ] --START--
INFO: [ template_filter ] --START--
INFO: Run Behavior\ContentReplaceBehavior [ RunTime:0.000087s ]
INFO: [ template_filter ] --END-- [ RunTime:0.000204s ]
INFO: Run Behavior\ParseTemplateBehavior [ RunTime:0.034662s ]
INFO: [ view_parse ] --END-- [ RunTime:0.034803s ]
INFO: [ view_filter ] --START--
INFO: Run Behavior\WriteHtmlCacheBehavior [ RunTime:0.001250s ]
INFO: [ view_filter ] --END-- [ RunTime:0.001347s ]
INFO: [ app_end ] --START--
INFO: Run Behavior\ShowPageTraceBehavior [ RunTime:0.001701s ]
INFO: [ app_end ] --END-- [ RunTime:0.001796s ]

[ 2018-05-14T12:56:54+08:00 ] 127.0.0.1 HTTP://www.ordervehicle.com/
INFO: [ app_init ] --START--
INFO: Run Behavior\BuildLiteBehavior [ RunTime:0.000062s ]
INFO: [ app_init ] --END-- [ RunTime:0.001880s ]
INFO: [ app_begin ] --START--
INFO: Run Behavior\ReadHtmlCacheBehavior [ RunTime:0.001108s ]
INFO: [ app_begin ] --END-- [ RunTime:0.001237s ]
NOTIC: [8] Undefined index: nonce F:\phpStudy\PHPTutorial\WWW\vehicle_order_system\vehicle_order_system\Application\Home\Controller\IndexController.class.php 第 10 行.
NOTIC: [8] Undefined index: timestamp F:\phpStudy\PHPTutorial\WWW\vehicle_order_system\vehicle_order_system\Application\Home\Controller\IndexController.class.php 第 12 行.
NOTIC: [8] Undefined index: echostr F:\phpStudy\PHPTutorial\WWW\vehicle_order_system\vehicle_order_system\Application\Home\Controller\IndexController.class.php 第 13 行.
NOTIC: [8] Undefined index: signature F:\phpStudy\PHPTutorial\WWW\vehicle_order_system\vehicle_order_system\Application\Home\Controller\IndexController.class.php 第 14 行.
INFO: [ view_parse ] --START--
INFO: [ template_filter ] --START--
INFO: Run Behavior\ContentReplaceBehavior [ RunTime:0.000083s ]
INFO: [ template_filter ] --END-- [ RunTime:0.000190s ]
INFO: Run Behavior\ParseTemplateBehavior [ RunTime:0.021045s ]
INFO: [ view_parse ] --END-- [ RunTime:0.021196s ]
INFO: [ view_filter ] --START--
INFO: Run Behavior\WriteHtmlCacheBehavior [ RunTime:0.001071s ]
INFO: [ view_filter ] --END-- [ RunTime:0.001172s ]
INFO: [ app_end ] --START--
INFO: Run Behavior\ShowPageTraceBehavior [ RunTime:0.001869s ]
INFO: [ app_end ] --END-- [ RunTime:0.001994s ]

[ 2018-05-14T12:56:55+08:00 ] 127.0.0.1 /index.php
INFO: [ app_init ] --START--
INFO: Run Behavior\BuildLiteBehavior [ RunTime:0.000026s ]
INFO: [ app_init ] --END-- [ RunTime:0.000850s ]
INFO: [ app_begin ] --START--
INFO: Run Behavior\ReadHtmlCacheBehavior [ RunTime:0.001513s ]
INFO: [ app_begin ] --END-- [ RunTime:0.001637s ]
NOTIC: [8] Undefined index: nonce F:\phpStudy\PHPTutorial\WWW\vehicle_order_system\vehicle_order_system\Application\Home\Controller\IndexController.class.php 第 10 行.
NOTIC: [8] Undefined index: timestamp F:\phpStudy\PHPTutorial\WWW\vehicle_order_system\vehicle_order_system\Application\Home\Controller\IndexController.class.php 第 12 行.
NOTIC: [8] Undefined index: echostr F:\phpStudy\PHPTutorial\WWW\vehicle_order_system\vehicle_order_system\Application\Home\Controller\IndexController.class.php 第 13 行.
NOTIC: [8] Undefined index: signature F:\phpStudy\PHPTutorial\WWW\vehicle_order_system\vehicle_order_system\Application\Home\Controller\IndexController.class.php 第 14 行.
INFO: [ view_parse ] --START--
INFO: [ template_filter ] --START--
INFO: Run Behavior\ContentReplaceBehavior [ RunTime:0.000086s ]
INFO: [ template_filter ] --END-- [ RunTime:0.000197s ]
INFO: Run Behavior\ParseTemplateBehavior [ RunTime:0.023754s ]
INFO: [ view_parse ] --END-- [ RunTime:0.023877s ]
INFO: [ view_filter ] --START--
INFO: Run Behavior\WriteHtmlCacheBehavior [ RunTime:0.000897s ]
INFO: [ view_filter ] --END-- [ RunTime:0.000967s ]
INFO: [ app_end ] --START--
INFO: Run Behavior\ShowPageTraceBehavior [ RunTime:0.001832s ]
INFO: [ app_end ] --END-- [ RunTime:0.001968s ]

[ 2018-05-14T19:42:21+08:00 ] 127.0.0.1 /
INFO: [ app_init ] --START--
INFO: Run Behavior\BuildLiteBehavior [ RunTime:0.000000s ]
INFO: [ app_init ] --END-- [ RunTime:0.001000s ]
INFO: [ app_begin ] --START--
INFO: Run Behavior\ReadHtmlCacheBehavior [ RunTime:0.001000s ]
INFO: [ app_begin ] --END-- [ RunTime:0.001000s ]
NOTIC: [8] Undefined index: nonce D:\phpStudy\WWW\vehicle_order_system\Application\Home\Controller\IndexController.class.php 第 10 行.
NOTIC: [8] Undefined index: timestamp D:\phpStudy\WWW\vehicle_order_system\Application\Home\Controller\IndexController.class.php 第 12 行.
NOTIC: [8] Undefined index: echostr D:\phpStudy\WWW\vehicle_order_system\Application\Home\Controller\IndexController.class.php 第 13 行.
NOTIC: [8] Undefined index: signature D:\phpStudy\WWW\vehicle_order_system\Application\Home\Controller\IndexController.class.php 第 14 行.
INFO: [ view_parse ] --START--
INFO: [ template_filter ] --START--
INFO: Run Behavior\ContentReplaceBehavior [ RunTime:0.004000s ]
INFO: [ template_filter ] --END-- [ RunTime:0.004000s ]
INFO: Run Behavior\ParseTemplateBehavior [ RunTime:0.011001s ]
INFO: [ view_parse ] --END-- [ RunTime:0.011001s ]
INFO: [ view_filter ] --START--
INFO: Run Behavior\WriteHtmlCacheBehavior [ RunTime:0.001000s ]
INFO: [ view_filter ] --END-- [ RunTime:0.001000s ]
INFO: [ app_end ] --START--
INFO: Run Behavior\ShowPageTraceBehavior [ RunTime:0.000000s ]
INFO: [ app_end ] --END-- [ RunTime:0.000000s ]

[ 2018-05-14T20:06:16+08:00 ] 127.0.0.1 /
INFO: [ app_init ] --START--
INFO: Run Behavior\BuildLiteBehavior [ RunTime:0.000000s ]
INFO: [ app_init ] --END-- [ RunTime:0.001000s ]
INFO: [ app_begin ] --START--
INFO: Run Behavior\ReadHtmlCacheBehavior [ RunTime:0.001001s ]
INFO: [ app_begin ] --END-- [ RunTime:0.001001s ]
NOTIC: [8] Undefined index: nonce D:\phpStudy\WWW\vehicle_order_system\Application\Home\Controller\IndexController.class.php 第 10 行.
NOTIC: [8] Undefined index: timestamp D:\phpStudy\WWW\vehicle_order_system\Application\Home\Controller\IndexController.class.php 第 12 行.
NOTIC: [8] Undefined index: echostr D:\phpStudy\WWW\vehicle_order_system\Application\Home\Controller\IndexController.class.php 第 13 行.
NOTIC: [8] Undefined index: signature D:\phpStudy\WWW\vehicle_order_system\Application\Home\Controller\IndexController.class.php 第 14 行.
INFO: [ view_parse ] --START--
INFO: [ template_filter ] --START--
INFO: Run Behavior\ContentReplaceBehavior [ RunTime:0.000000s ]
INFO: [ template_filter ] --END-- [ RunTime:0.000000s ]
INFO: Run Behavior\ParseTemplateBehavior [ RunTime:0.007000s ]
INFO: [ view_parse ] --END-- [ RunTime:0.007000s ]
INFO: [ view_filter ] --START--
INFO: Run Behavior\WriteHtmlCacheBehavior [ RunTime:0.000000s ]
INFO: [ view_filter ] --END-- [ RunTime:0.000000s ]
INFO: [ app_end ] --START--
INFO: Run Behavior\ShowPageTraceBehavior [ RunTime:0.001000s ]
INFO: [ app_end ] --END-- [ RunTime:0.001000s ]

[ 2018-05-14T20:06:22+08:00 ] 127.0.0.1 /index.php/Home/Index/toMy.html
INFO: [ app_init ] --START--
INFO: Run Behavior\BuildLiteBehavior [ RunTime:0.000000s ]
INFO: [ app_init ] --END-- [ RunTime:0.001000s ]
INFO: [ app_begin ] --START--
INFO: Run Behavior\ReadHtmlCacheBehavior [ RunTime:0.001000s ]
INFO: [ app_begin ] --END-- [ RunTime:0.001000s ]
INFO: [ view_parse ] --START--
INFO: [ template_filter ] --START--
INFO: Run Behavior\ContentReplaceBehavior [ RunTime:0.000000s ]
INFO: [ template_filter ] --END-- [ RunTime:0.001000s ]
INFO: Run Behavior\ParseTemplateBehavior [ RunTime:0.008001s ]
INFO: [ view_parse ] --END-- [ RunTime:0.008001s ]
INFO: [ view_filter ] --START--
INFO: Run Behavior\WriteHtmlCacheBehavior [ RunTime:0.000000s ]
INFO: [ view_filter ] --END-- [ RunTime:0.000000s ]
INFO: [ app_end ] --START--
INFO: Run Behavior\ShowPageTraceBehavior [ RunTime:0.001000s ]
INFO: [ app_end ] --END-- [ RunTime:0.001000s ]

[ 2018-05-14T20:06:26+08:00 ] 127.0.0.1 /index.php/Home/Index/toOrder.html
INFO: [ app_init ] --START--
INFO: Run Behavior\BuildLiteBehavior [ RunTime:0.000000s ]
INFO: [ app_init ] --END-- [ RunTime:0.001000s ]
INFO: [ app_begin ] --START--
INFO: Run Behavior\ReadHtmlCacheBehavior [ RunTime:0.001000s ]
INFO: [ app_begin ] --END-- [ RunTime:0.001000s ]
INFO: [ view_parse ] --START--
INFO: [ template_filter ] --START--
INFO: Run Behavior\ContentReplaceBehavior [ RunTime:0.000000s ]
INFO: [ template_filter ] --END-- [ RunTime:0.000000s ]
INFO: Run Behavior\ParseTemplateBehavior [ RunTime:0.007001s ]
INFO: [ view_parse ] --END-- [ RunTime:0.007001s ]
INFO: [ view_filter ] --START--
INFO: Run Behavior\WriteHtmlCacheBehavior [ RunTime:0.000000s ]
INFO: [ view_filter ] --END-- [ RunTime:0.000000s ]
INFO: [ app_end ] --START--
INFO: Run Behavior\ShowPageTraceBehavior [ RunTime:0.001000s ]
INFO: [ app_end ] --END-- [ RunTime:0.001000s ]

